This file contains any messages produced by compilers while
running configure, to aid debugging if configure makes a mistake.

configure:614: checking host system type
configure:635: checking target system type
configure:653: checking build system type
configure:716: checking for a BSD compatible install
configure:773: checking for -p flag to install
configure:796: checking whether build environment is sane
configure:848: checking for mawk
configure:878: checking whether make sets ${MAKE}
configure:1039: checking for style of include used by make
configure:1152: checking for gcc
configure:1265: checking whether the C compiler (gcc   ) works
configure:1281: gcc -o conftest     conftest.c  1>&5
configure:1307: checking whether the C compiler (gcc   ) is a cross-compiler
configure:1312: checking whether we are using GNU C
configure:1340: checking whether gcc accepts -g
configure:1374: checking dependency style of gcc
configure:1442: checking how to run the C preprocessor
configure:1555: checking for c++
configure:1587: checking whether the C++ compiler (gcc  -O0 -g3 -Wall  ) works
configure:1608: rm -rf SunWS_cache; gcc -o conftest  -O0 -g3 -Wall    conftest.C  1>&5
configure:1634: checking whether the C++ compiler (gcc  -O0 -g3 -Wall  ) is a cross-compiler
configure:1639: checking whether we are using GNU C++
configure:1667: checking whether gcc accepts -g
configure:1701: checking dependency style of gcc
configure:2225: checking whether gcc supports -fno-exceptions
configure:2283: checking whether gcc supports -fno-check-new
configure:2341: checking whether gcc supports -fexceptions
configure:2858: checking how to run the C++ preprocessor
configure:2961: checking whether gcc supports -frepo
configure:3217: checking for ld used by GCC
configure:3285: checking if the linker (/usr/bin/ld) is GNU ld
configure:3302: checking for /usr/bin/ld option to reload object files
configure:3314: checking for BSD-compatible nm
configure:3352: checking whether ln -s works
configure:3373: checking how to recognise dependant libraries
configure:3694: checking for ranlib
configure:3761: checking for strip
configure:3933: checking for Cygwin environment
configure:3966: checking for mingw32 environment
ltconfig:678:checking for gcc option to produce PIC
ltconfig:687:checking that gcc PIC flag  -fPIC -DPIC works.
ltconfig:749: checking if gcc static flag -static works
ltconfig:780: finding the maximum length of command line arguments
ltconfig:@lineno@: result: 73729
ltconfig:883: checking if gcc supports -fno-rtti -fno-exceptions
ltconfig:884: gcc -c -O2   -fno-rtti -fno-exceptions -c conftest.c  conftest.c 1>&5
ltconfig:1423: checking if global_symbol_pipe works
ltconfig:1424: gcc -c -O2    conftest.c 1>&5
ltconfig:1427: eval "/usr/bin/nm -B conftest.o | sed -n -e 's/^.*[ 	]\([ABCDGISTW]\)[ 	][ 	]*\(\)\([_A-Za-z][_A-Za-z0-9]*\)$/\1 \2\3 \3/p' > conftest.nm"
ltconfig:1479: gcc -o conftest -O2   -fno-builtin -fno-rtti -fno-exceptions   conftest.c conftstm.o 1>&5
ltconfig:1863: checking for dlfcn.h
ltconfig:1902: checking whether a program can dlopen itself
ltconfig:1976: checking whether a statically linked program can dlopen itself
gcc -E conftest.cc
ltconfig:678:checking for gcc option to produce PIC
ltconfig:687:checking that gcc PIC flag -fPIC -DPIC works.
ltconfig:697: gcc -c -O2 -O0 -g3 -Wall -fno-exceptions -fno-check-new -fPIC -DPIC -DPIC  conftest.cc 1>&5
ltconfig:749: checking if gcc static flag -static works
ltconfig:758: gcc -o conftest -O2 -O0 -g3 -Wall -fno-exceptions -fno-check-new   -static conftest.cc  1>&5
ltconfig:780: finding the maximum length of command line arguments
ltconfig:@lineno@: result: 73729
ltconfig:883: checking if gcc supports -fno-rtti -fno-exceptions
ltconfig:884: gcc -c -O2 -O0 -g3 -Wall -fno-exceptions -fno-check-new -fno-rtti -fno-exceptions -c conftest.cc  conftest.cc 1>&5
ltconfig:1423: checking if global_symbol_pipe works
ltconfig:1424: gcc -c -O2 -O0 -g3 -Wall -fno-exceptions -fno-check-new  conftest.cc 1>&5
ltconfig:1427: eval "/usr/bin/nm -B conftest.o | sed -n -e 's/^.*[ 	]\([ABCDGISTW]\)[ 	][ 	]*\(\)\([_A-Za-z][_A-Za-z0-9]*\)$/\1 \2\3 \3/p' > conftest.nm"
ltconfig:1479: gcc -o conftest -O2 -O0 -g3 -Wall -fno-exceptions -fno-check-new -fno-builtin -fno-rtti -fno-exceptions   conftest.cc conftstm.o 1>&5
ltconfig:1863: checking for dlfcn.h
ltconfig:1902: checking whether a program can dlopen itself
ltconfig:1976: checking whether a statically linked program can dlopen itself
configure:4113: checking for object suffix
configure:4139: checking for executable suffix
configure:4195: checking for extra includes
configure:4226: checking for extra libs
configure:4285: checking if fstabnew should be compiled
