\BOOKMARK [0][-]{chapter.1}{Einleitung}{}% 1
\BOOKMARK [1][-]{section.1.1}{Was ist m23?}{chapter.1}% 2
\BOOKMARK [1][-]{section.1.2}{Die Bestandteile des m23-Servers}{chapter.1}% 3
\BOOKMARK [2][-]{subsection.1.2.1}{Debian GNU/Linux}{section.1.2}% 4
\BOOKMARK [2][-]{subsection.1.2.2}{Auf die Schultern von Giganten stellen}{section.1.2}% 5
\BOOKMARK [1][-]{section.1.3}{Lizenz}{chapter.1}% 6
\BOOKMARK [1][-]{section.1.4}{Download}{chapter.1}% 7
\BOOKMARK [1][-]{section.1.5}{Support}{chapter.1}% 8
\BOOKMARK [2][-]{subsection.1.5.1}{m23-Community-Support}{section.1.5}% 9
\BOOKMARK [2][-]{subsection.1.5.2}{Kommerzieller Support}{section.1.5}% 10
\BOOKMARK [1][-]{section.1.6}{Hinweis zum Handbuch}{chapter.1}% 11
\BOOKMARK [0][-]{chapter.2}{Voraussetzungen f\374r m23}{}% 12
\BOOKMARK [1][-]{section.2.1}{Der m23-Server}{chapter.2}% 13
\BOOKMARK [1][-]{section.2.2}{m23-Clients}{chapter.2}% 14
\BOOKMARK [1][-]{section.2.3}{Internetzugang}{chapter.2}% 15
\BOOKMARK [1][-]{section.2.4}{PC mit Webbrowser}{chapter.2}% 16
\BOOKMARK [1][-]{section.2.5}{Die m23-Server-Installations-CD}{chapter.2}% 17
\BOOKMARK [0][-]{chapter.3}{Serverinstallation}{}% 18
\BOOKMARK [1][-]{section.3.1}{Vorbereitungen}{chapter.3}% 19
\BOOKMARK [1][-]{section.3.2}{Starten der Installation}{chapter.3}% 20
\BOOKMARK [1][-]{section.3.3}{Abschlu\337 der Installation}{chapter.3}% 21
\BOOKMARK [0][-]{chapter.4}{Erste Schritte mit dem m23-Server}{}% 22
\BOOKMARK [1][-]{section.4.1}{Verbindung zum m23-Server aufnehmen}{chapter.4}% 23
\BOOKMARK [1][-]{section.4.2}{Vorgehen beim Hinzuf\374gen eines Clients}{chapter.4}% 24
\BOOKMARK [0][-]{chapter.5}{Server}{}% 25
\BOOKMARK [1][-]{section.5.1}{Server-Einstellungen}{chapter.5}% 26
\BOOKMARK [2][-]{subsection.5.1.1}{System}{section.5.1}% 27
\BOOKMARK [2][-]{subsection.5.1.2}{Komponenten}{section.5.1}% 28
\BOOKMARK [2][-]{subsection.5.1.3}{Server-Hacks}{section.5.1}% 29
\BOOKMARK [2][-]{subsection.5.1.4}{Extras}{section.5.1}% 30
\BOOKMARK [2][-]{subsection.5.1.5}{Nicht verf\374gbar auf UCS}{section.5.1}% 31
\BOOKMARK [1][-]{section.5.2}{Administratoren verwalten}{chapter.5}% 32
\BOOKMARK [1][-]{section.5.3}{Server-Software updaten}{chapter.5}% 33
\BOOKMARK [2][-]{subsection.5.3.1}{Gehen Sie dazu wie folgt vor:}{section.5.3}% 34
\BOOKMARK [1][-]{section.5.4}{D\344monen und Programme}{chapter.5}% 35
\BOOKMARK [2][-]{subsection.5.4.1}{Hinweis}{section.5.4}% 36
\BOOKMARK [2][-]{subsection.5.4.2}{Farberkl\344rung}{section.5.4}% 37
\BOOKMARK [2][-]{subsection.5.4.3}{D\344monenerkl\344rung}{section.5.4}% 38
\BOOKMARK [1][-]{section.5.5}{LDAP-Server verwalten}{chapter.5}% 39
\BOOKMARK [1][-]{section.5.6}{GPG-Schl\374ssel verwalten}{chapter.5}% 40
\BOOKMARK [1][-]{section.5.7}{Abbilddateien verwalten}{chapter.5}% 41
\BOOKMARK [1][-]{section.5.8}{Server-Backup}{chapter.5}% 42
\BOOKMARK [2][-]{subsection.5.8.1}{Serversicherung verschl\374sseln und hochladen}{section.5.8}% 43
\BOOKMARK [2][-]{subsection.5.8.2}{Hinweis zu GPG-Schl\374sseln}{section.5.8}% 44
\BOOKMARK [2][-]{subsection.5.8.3}{scp}{section.5.8}% 45
\BOOKMARK [2][-]{subsection.5.8.4}{Hinweis}{section.5.8}% 46
\BOOKMARK [2][-]{subsection.5.8.5}{share-online.biz}{section.5.8}% 47
\BOOKMARK [2][-]{subsection.5.8.6}{Hinweis:}{section.5.8}% 48
\BOOKMARK [2][-]{subsection.5.8.7}{cron-Einstellungen}{section.5.8}% 49
\BOOKMARK [2][-]{subsection.5.8.8}{Schrittweises Vorgehen zum Hinzuf\374gen neuer Auftr\344ge}{section.5.8}% 50
\BOOKMARK [2][-]{subsection.5.8.9}{L\366schen eines Auftrages}{section.5.8}% 51
\BOOKMARK [1][-]{section.5.9}{Backupliste}{chapter.5}% 52
\BOOKMARK [2][-]{subsection.5.9.1}{Hinweis}{section.5.9}% 53
\BOOKMARK [1][-]{section.5.10}{Wiederherstellung Ihres m23-Servers}{chapter.5}% 54
\BOOKMARK [1][-]{section.5.11}{IP-Verwaltung}{chapter.5}% 55
\BOOKMARK [2][-]{subsection.5.11.1}{Einzelne Clients/Netzwerkeinstellungen}{section.5.11}% 56
\BOOKMARK [2][-]{subsection.5.11.2}{IP-Adressen-Bereiche}{section.5.11}% 57
\BOOKMARK [2][-]{subsection.5.11.3}{Adre\337listen}{section.5.11}% 58
\BOOKMARK [1][-]{section.5.12}{Firewall-Einstellungen}{chapter.5}% 59
\BOOKMARK [2][-]{subsection.5.12.1}{Hinweis}{section.5.12}% 60
\BOOKMARK [1][-]{section.5.13}{System-Proxy}{chapter.5}% 61
\BOOKMARK [1][-]{section.5.14}{Theme w\344hlen}{chapter.5}% 62
\BOOKMARK [0][-]{chapter.6}{m23 Fern-Administrations-Service}{}% 63
\BOOKMARK [1][-]{section.6.1}{m23 Fern-Administrations-Service}{chapter.6}% 64
\BOOKMARK [1][-]{section.6.2}{m23 Fern-Administrations-Service}{chapter.6}% 65
\BOOKMARK [2][-]{subsection.6.2.1}{Registrierung}{section.6.2}% 66
\BOOKMARK [2][-]{subsection.6.2.2}{Sicherheit}{section.6.2}% 67
\BOOKMARK [2][-]{subsection.6.2.3}{Aktivierung}{section.6.2}% 68
\BOOKMARK [0][-]{chapter.7}{Clients verwalten}{}% 69
\BOOKMARK [1][-]{section.7.1}{Clients-\334berblick}{chapter.7}% 70
\BOOKMARK [2][-]{subsection.7.1.1}{Statuserkl\344rung}{section.7.1}% 71
\BOOKMARK [2][-]{subsection.7.1.2}{Auftr\344ge}{section.7.1}% 72
\BOOKMARK [2][-]{subsection.7.1.3}{Mehrere Clients bearbeiten}{section.7.1}% 73
\BOOKMARK [2][-]{subsection.7.1.4}{Hinweis}{section.7.1}% 74
\BOOKMARK [2][-]{subsection.7.1.5}{Tricks}{section.7.1}% 75
\BOOKMARK [1][-]{section.7.2}{Kontrollzentrum}{chapter.7}% 76
\BOOKMARK [2][-]{subsection.7.2.1}{Hinweis zur Virtualisierung}{section.7.2}% 77
\BOOKMARK [2][-]{subsection.7.2.2}{Virtuellen m23-Client starten, anhalten und stoppen}{section.7.2}% 78
\BOOKMARK [2][-]{subsection.7.2.3}{VM-Gastgeberrechner einrichten}{section.7.2}% 79
\BOOKMARK [1][-]{section.7.3}{Hardware-Informationen}{chapter.7}% 80
\BOOKMARK [1][-]{section.7.4}{Pakete}{chapter.7}% 81
\BOOKMARK [1][-]{section.7.5}{Client-Protokoll}{chapter.7}% 82
\BOOKMARK [1][-]{section.7.6}{Zur Gruppe hinzuf\374gen}{chapter.7}% 83
\BOOKMARK [1][-]{section.7.7}{Aus Gruppe l\366schen}{chapter.7}% 84
\BOOKMARK [1][-]{section.7.8}{Client wiederherstellen}{chapter.7}% 85
\BOOKMARK [2][-]{subsection.7.8.1}{Hinweis}{section.7.8}% 86
\BOOKMARK [1][-]{section.7.9}{Notfallsystem starten}{chapter.7}% 87
\BOOKMARK [2][-]{subsection.7.9.1}{Hinweis}{section.7.9}% 88
\BOOKMARK [1][-]{section.7.10}{Client-Status \344ndern}{chapter.7}% 89
\BOOKMARK [2][-]{subsection.7.10.1}{Hinweis}{section.7.10}% 90
\BOOKMARK [2][-]{subsection.7.10.2}{Statuserkl\344rung}{section.7.10}% 91
\BOOKMARK [2][-]{subsection.7.10.3}{Auftr\344ge}{section.7.10}% 92
\BOOKMARK [2][-]{subsection.7.10.4}{Mehrere Clients bearbeiten}{section.7.10}% 93
\BOOKMARK [2][-]{subsection.7.10.5}{Hinweis}{section.7.10}% 94
\BOOKMARK [2][-]{subsection.7.10.6}{Tricks}{section.7.10}% 95
\BOOKMARK [1][-]{section.7.11}{Debug-Status \344ndern}{chapter.7}% 96
\BOOKMARK [1][-]{section.7.12}{Client-Direkt-Verbindung}{chapter.7}% 97
\BOOKMARK [2][-]{subsection.7.12.1}{Pa\337wort}{section.7.12}% 98
\BOOKMARK [1][-]{section.7.13}{Client \344ndern}{chapter.7}% 99
\BOOKMARK [2][-]{subsection.7.13.1}{Hinweis}{section.7.13}% 100
\BOOKMARK [1][-]{section.7.14}{Auftr\344ge \344ndern}{chapter.7}% 101
\BOOKMARK [1][-]{section.7.15}{Abbild erstellen}{chapter.7}% 102
\BOOKMARK [2][-]{subsection.7.15.1}{Achtung}{section.7.15}% 103
\BOOKMARK [2][-]{subsection.7.15.2}{Hinweis zu den Abbilddateien}{section.7.15}% 104
\BOOKMARK [2][-]{subsection.7.15.3}{Hinweis zum \334bertragungs-Port}{section.7.15}% 105
\BOOKMARK [1][-]{section.7.16}{Backup}{chapter.7}% 106
\BOOKMARK [1][-]{section.7.17}{Paketquelle und Paketzusammenstellung von Client erstellen }{chapter.7}% 107
\BOOKMARK [0][-]{chapter.8}{Clients einrichten}{}% 108
\BOOKMARK [1][-]{section.8.1}{m23 mit einem externen DHCP-Server benutzen}{chapter.8}% 109
\BOOKMARK [2][-]{subsection.8.1.1}{Der andere DHCP-Server kann deaktiviert werden}{section.8.1}% 110
\BOOKMARK [2][-]{subsection.8.1.2}{Der andere DHCP-Server kann NICHT deaktiviert werden}{section.8.1}% 111
\BOOKMARK [2][-]{subsection.8.1.3}{Dynamische Konfiguration von DHCP-Servern}{section.8.1}% 112
\BOOKMARK [2][-]{subsection.8.1.4}{ISC DHCP Server}{section.8.1}% 113
\BOOKMARK [2][-]{subsection.8.1.5}{Anderer DHCP-Server}{section.8.1}% 114
\BOOKMARK [2][-]{subsection.8.1.6}{Proxy DHCP}{section.8.1}% 115
\BOOKMARK [1][-]{section.8.2}{Clientpartitionierung und -formatierung}{chapter.8}% 116
\BOOKMARK [2][-]{subsection.8.2.1}{Hinweis zum R\374ckg\344ngigmachen von Aktionen}{section.8.2}% 117
\BOOKMARK [2][-]{subsection.8.2.2}{Hinweis zur Verwendung von JavaScript}{section.8.2}% 118
\BOOKMARK [2][-]{subsection.8.2.3}{Men\374punkte im \334berblick}{section.8.2}% 119
\BOOKMARK [2][-]{subsection.8.2.4}{Hinweis}{section.8.2}% 120
\BOOKMARK [2][-]{subsection.8.2.5}{Hinweis zu UEFI}{section.8.2}% 121
\BOOKMARK [2][-]{subsection.8.2.6}{Hinweis zu Dateisystemen}{section.8.2}% 122
\BOOKMARK [2][-]{subsection.8.2.7}{Schrittweises Vorgehen zum Anlegen eines RAIDs}{section.8.2}% 123
\BOOKMARK [2][-]{subsection.8.2.8}{Hinweis zu RAIDs und Partitionen}{section.8.2}% 124
\BOOKMARK [2][-]{subsection.8.2.9}{Hinweis zur Installation von Betriebssystemen auf RAIDs}{section.8.2}% 125
\BOOKMARK [1][-]{section.8.3}{W\344hlen der Client-Distribution}{chapter.8}% 126
\BOOKMARK [2][-]{subsection.8.3.1}{Information:}{section.8.3}% 127
\BOOKMARK [2][-]{subsection.8.3.2}{Hinweis zu Abbilddateien}{section.8.3}% 128
\BOOKMARK [2][-]{subsection.8.3.3}{Hinweis:}{section.8.3}% 129
\BOOKMARK [1][-]{section.8.4}{Client l\366schen}{chapter.8}% 130
\BOOKMARK [2][-]{subsection.8.4.1}{Statuserkl\344rung}{section.8.4}% 131
\BOOKMARK [2][-]{subsection.8.4.2}{Auftr\344ge}{section.8.4}% 132
\BOOKMARK [2][-]{subsection.8.4.3}{Mehrere Clients bearbeiten}{section.8.4}% 133
\BOOKMARK [2][-]{subsection.8.4.4}{Hinweis}{section.8.4}% 134
\BOOKMARK [2][-]{subsection.8.4.5}{Tricks}{section.8.4}% 135
\BOOKMARK [1][-]{section.8.5}{Client integrieren}{chapter.8}% 136
\BOOKMARK [2][-]{subsection.8.5.1}{Hinweis}{section.8.5}% 137
\BOOKMARK [2][-]{subsection.8.5.2}{Manuelle Integration}{section.8.5}% 138
\BOOKMARK [2][-]{subsection.8.5.3}{Hinweis f\374r die Integration von Ubuntu-Systemen}{section.8.5}% 139
\BOOKMARK [0][-]{chapter.9}{Virtualisierung}{}% 140
\BOOKMARK [1][-]{section.9.1}{VM erstellen}{chapter.9}% 141
\BOOKMARK [2][-]{subsection.9.1.1}{Schrittweises Vorgehen}{section.9.1}% 142
\BOOKMARK [2][-]{subsection.9.1.2}{VirtualBox}{section.9.1}% 143
\BOOKMARK [2][-]{subsection.9.1.3}{Apache CloudStack\256}{section.9.1}% 144
\BOOKMARK [2][-]{subsection.9.1.4}{Hinweis}{section.9.1}% 145
\BOOKMARK [2][-]{subsection.9.1.5}{Hinweis zum VM-Gastgeberrechner \(VirtualBox\)}{section.9.1}% 146
\BOOKMARK [2][-]{subsection.9.1.6}{Arbeitsspeicher, Festplatte und CPU \(VirtualBox\)}{section.9.1}% 147
\BOOKMARK [1][-]{section.9.2}{VirtualBox-Erweiterungen herunterladen}{chapter.9}% 148
\BOOKMARK [2][-]{subsection.9.2.1}{Herunterladen von Gasterweiterungen}{section.9.2}% 149
\BOOKMARK [2][-]{subsection.9.2.2}{Standardversion festlegen}{section.9.2}% 150
\BOOKMARK [2][-]{subsection.9.2.3}{L\366schen von Gasterweiterungen}{section.9.2}% 151
\BOOKMARK [1][-]{section.9.3}{Apache CloudStack\256}{chapter.9}% 152
\BOOKMARK [2][-]{subsection.9.3.1}{Hinweis}{section.9.3}% 153
\BOOKMARK [0][-]{chapter.10}{Gruppenverwaltung}{}% 154
\BOOKMARK [1][-]{section.10.1}{Gruppen-\334berblick}{chapter.10}% 155
\BOOKMARK [2][-]{subsection.10.1.1}{Auftr\344ge an eine Gruppe \374bergeben}{section.10.1}% 156
\BOOKMARK [2][-]{subsection.10.1.2}{Gehen Sie dazu wie folgt vor:}{section.10.1}% 157
\BOOKMARK [1][-]{section.10.2}{Gruppe erstellen}{chapter.10}% 158
\BOOKMARK [2][-]{subsection.10.2.1}{Hinweis}{section.10.2}% 159
\BOOKMARK [0][-]{chapter.11}{Pakete}{}% 160
\BOOKMARK [1][-]{section.11.1}{Paketinstallation}{chapter.11}% 161
\BOOKMARK [2][-]{subsection.11.1.1}{Hinweis}{section.11.1}% 162
\BOOKMARK [2][-]{subsection.11.1.2}{Installation von Paketen}{section.11.1}% 163
\BOOKMARK [2][-]{subsection.11.1.3}{Paketpriorit\344t \344ndern}{section.11.1}% 164
\BOOKMARK [2][-]{subsection.11.1.4}{Installationsvorschau}{section.11.1}% 165
\BOOKMARK [2][-]{subsection.11.1.5}{Hinweis zu Paketzusammenstellungen}{section.11.1}% 166
\BOOKMARK [2][-]{subsection.11.1.6}{Tip}{section.11.1}% 167
\BOOKMARK [1][-]{section.11.2}{Pakete deinstallieren}{chapter.11}% 168
\BOOKMARK [2][-]{subsection.11.2.1}{Hinweis}{section.11.2}% 169
\BOOKMARK [2][-]{subsection.11.2.2}{Deinstallation von Paketen}{section.11.2}% 170
\BOOKMARK [2][-]{subsection.11.2.3}{Deinstallationsvorschau}{section.11.2}% 171
\BOOKMARK [2][-]{subsection.11.2.4}{Hinweis zu Paketzusammenstellungen}{section.11.2}% 172
\BOOKMARK [2][-]{subsection.11.2.5}{Tip}{section.11.2}% 173
\BOOKMARK [1][-]{section.11.3}{Update}{chapter.11}% 174
\BOOKMARK [2][-]{subsection.11.3.1}{Update-Typen}{section.11.3}% 175
\BOOKMARK [1][-]{section.11.4}{Automatisches Update}{chapter.11}% 176
\BOOKMARK [2][-]{subsection.11.4.1}{Aktualisierungsgruppe hinzuf\374gen}{section.11.4}% 177
\BOOKMARK [2][-]{subsection.11.4.2}{Aktualisierungszeiten und Clientgruppen festlegen}{section.11.4}% 178
\BOOKMARK [2][-]{subsection.11.4.3}{Aktualisierungszeiten und Clientgruppen l\366schen}{section.11.4}% 179
\BOOKMARK [2][-]{subsection.11.4.4}{Abl\344ufe im Hintergrund}{section.11.4}% 180
\BOOKMARK [1][-]{section.11.5}{Paketquellenliste bearbeiten}{chapter.11}% 181
\BOOKMARK [2][-]{subsection.11.5.1}{Information}{section.11.5}% 182
\BOOKMARK [2][-]{subsection.11.5.2}{Hinweis}{section.11.5}% 183
\BOOKMARK [1][-]{section.11.6}{Paketzusammenshy;stellungen}{chapter.11}% 184
\BOOKMARK [2][-]{subsection.11.6.1}{Allgemeines Vorgehen}{section.11.6}% 185
\BOOKMARK [2][-]{subsection.11.6.2}{L\366schen einer Zusammenstellung}{section.11.6}% 186
\BOOKMARK [2][-]{subsection.11.6.3}{Vorgemerkte Pakete im-/exportieren}{section.11.6}% 187
\BOOKMARK [2][-]{subsection.11.6.4}{Hinweis}{section.11.6}% 188
\BOOKMARK [1][-]{section.11.7}{Paket-Architekt}{chapter.11}% 189
\BOOKMARK [2][-]{subsection.11.7.1}{Hinweis}{section.11.7}% 190
\BOOKMARK [2][-]{subsection.11.7.2}{BitTorrent}{section.11.7}% 191
\BOOKMARK [2][-]{subsection.11.7.3}{GPG-Paketquellen-Signierungsschl\374ssel}{section.11.7}% 192
\BOOKMARK [1][-]{section.11.8}{Skript-Editor}{chapter.11}% 193
\BOOKMARK [2][-]{subsection.11.8.1}{Hinweise}{section.11.8}% 194
\BOOKMARK [2][-]{subsection.11.8.2}{Einige Tastenk\374rzel}{section.11.8}% 195
\BOOKMARK [2][-]{subsection.11.8.3}{Textauswahl}{section.11.8}% 196
\BOOKMARK [2][-]{subsection.11.8.4}{Suchen und ersetzen}{section.11.8}% 197
\BOOKMARK [2][-]{subsection.11.8.5}{Einr\374cken}{section.11.8}% 198
\BOOKMARK [2][-]{subsection.11.8.6}{R\374ckg\344ngig und wiederholen}{section.11.8}% 199
\BOOKMARK [0][-]{chapter.12}{Paketquellenarchitekt}{}% 200
\BOOKMARK [1][-]{section.12.1}{Paketquellen-Architekt \(Paketquelle erstellen, editieren, l\366schen\)}{chapter.12}% 201
\BOOKMARK [2][-]{subsection.12.1.1}{Hinweise}{section.12.1}% 202
\BOOKMARK [2][-]{subsection.12.1.2}{GPG-Paketquellen-Signierungsschl\374ssel}{section.12.1}% 203
\BOOKMARK [1][-]{section.12.2}{Paketquellen-Architekt \(Pakete von CD einlesen\)}{chapter.12}% 204
\BOOKMARK [1][-]{section.12.3}{Paketquellen-Architekt \(Paket-Index erstellen\)}{chapter.12}% 205
\BOOKMARK [1][-]{section.12.4}{Paketquellen-Architekt \(Paketquellen und Pakete ausw\344hlen\)}{chapter.12}% 206
\BOOKMARK [2][-]{subsection.12.4.1}{Hinweis}{section.12.4}% 207
\BOOKMARK [1][-]{section.12.5}{Paketquellen-Architekt \(Download starten\)}{chapter.12}% 208
\BOOKMARK [1][-]{section.12.6}{Paketquellen-Architekt \(Pakete werden herunterladen\)}{chapter.12}% 209
\BOOKMARK [1][-]{section.12.7}{Paketquellenliste}{chapter.12}% 210
\BOOKMARK [0][-]{chapter.13}{Masseninstallation}{}% 211
\BOOKMARK [1][-]{section.13.1}{Festplattentyp und Gr\366\337e definieren}{chapter.13}% 212
\BOOKMARK [2][-]{subsection.13.1.1}{Hinweis}{section.13.1}% 213
\BOOKMARK [2][-]{subsection.13.1.2}{Anpassungskriterien}{section.13.1}% 214
\BOOKMARK [2][-]{subsection.13.1.3}{Hinweis}{section.13.1}% 215
\BOOKMARK [1][-]{section.13.2}{Wertbestimmungs-Methode festlegen}{chapter.13}% 216
\BOOKMARK [2][-]{subsection.13.2.1}{Es stehen 3 Methoden zur Auswahl}{section.13.2}% 217
\BOOKMARK [1][-]{section.13.3}{Dateiquelle w\344hlen/Spalten zuordnen}{chapter.13}% 218
\BOOKMARK [2][-]{subsection.13.3.1}{Datei ausw\344hlen und hochladen}{section.13.3}% 219
\BOOKMARK [2][-]{subsection.13.3.2}{Hinweis}{section.13.3}% 220
\BOOKMARK [2][-]{subsection.13.3.3}{Den Feldern in der Datei die Client-Eigenschaften zuweisen}{section.13.3}% 221
\BOOKMARK [2][-]{subsection.13.3.4}{Gehen Sie hierzu wie folgt vor}{section.13.3}% 222
\BOOKMARK [1][-]{section.13.4}{Generator-Optionen}{chapter.13}% 223
\BOOKMARK [1][-]{section.13.5}{Restliche Werte eingeben/\334bersicht}{chapter.13}% 224
\BOOKMARK [2][-]{subsection.13.5.1}{Anzahl der Clients \344ndern}{section.13.5}% 225
\BOOKMARK [0][-]{chapter.14}{Tools}{}% 226
\BOOKMARK [1][-]{section.14.1}{Boot-CD brennen}{chapter.14}% 227
\BOOKMARK [2][-]{subsection.14.1.1}{Hinweis}{section.14.1}% 228
\BOOKMARK [0][-]{chapter.15}{The GNU General Public License}{}% 229
