This file contains any messages produced by compilers while
running configure, to aid debugging if configure makes a mistake.

It was created by configure, which was
generated by GNU Autoconf 2.59.  Invocation command line was

  $ ./configure 

## --------- ##
## Platform. ##
## --------- ##

hostname = tux04
uname -m = i686
uname -r = 2.6.9-1-686
uname -s = Linux
uname -v = #1 Thu Nov 25 03:48:29 EST 2004

/usr/bin/uname -p = unknown
/bin/uname -X     = unknown

/bin/arch              = i686
/usr/bin/arch -k       = unknown
/usr/convex/getsysinfo = unknown
hostinfo               = unknown
/bin/machine           = unknown
/usr/bin/oslevel       = unknown
/bin/universe          = unknown

PATH: /usr/local/sbin
PATH: /usr/local/bin
PATH: /usr/sbin
PATH: /usr/bin
PATH: /sbin
PATH: /bin
PATH: /usr/bin/X11


## ----------- ##
## Core tests. ##
## ----------- ##

configure:1539: checking for a BSD-compatible install
configure:1594: result: /usr/local/bin/install -c
configure:1605: checking whether build environment is sane
configure:1648: result: yes
configure:1681: checking for gawk
configure:1697: found /usr/local/bin/gawk
configure:1707: result: gawk
configure:1717: checking whether make sets $(MAKE)
configure:1737: result: yes
configure:1954: checking for gcc
configure:1970: found /usr/local/bin/gcc
configure:1980: result: gcc
configure:2224: checking for C compiler version
configure:2227: gcc --version </dev/null >&5
gcc (GCC) 3.3.5 (Debian 1:3.3.5-5)
Copyright (C) 2003 Free Software Foundation, Inc.
This is free software; see the source for copying conditions.  There is NO
warranty; not even for MERCHANTABILITY or FITNESS FOR A PARTICULAR PURPOSE.

configure:2230: $? = 0
configure:2232: gcc -v </dev/null >&5
Reading specs from /usr/lib/gcc-lib/i486-linux/3.3.5/specs
Configured with: ../src/configure -v --enable-languages=c,c++,java,f77,pascal,objc,ada,treelang --prefix=/usr --mandir=/usr/share/man --infodir=/usr/share/info --with-gxx-include-dir=/usr/include/c++/3.3 --enable-shared --with-system-zlib --enable-nls --without-included-gettext --enable-__cxa_atexit --enable-clocale=gnu --enable-debug --enable-java-gc=boehm --enable-java-awt=xlib --enable-objc-gc i486-linux
Thread model: posix
gcc version 3.3.5 (Debian 1:3.3.5-5)
configure:2235: $? = 0
configure:2237: gcc -V </dev/null >&5
gcc: `-V' option must have argument
configure:2240: $? = 1
configure:2263: checking for C compiler default output file name
configure:2266: gcc -static   conftest.c  >&5
configure:2269: $? = 0
configure:2315: result: a.out
configure:2320: checking whether the C compiler works
configure:2326: ./a.out
configure:2329: $? = 0
configure:2346: result: yes
configure:2353: checking whether we are cross compiling
configure:2355: result: no
configure:2358: checking for suffix of executables
configure:2360: gcc -o conftest -static   conftest.c  >&5
configure:2363: $? = 0
configure:2388: result: 
configure:2394: checking for suffix of object files
configure:2415: gcc -c -static  conftest.c >&5
configure:2418: $? = 0
configure:2440: result: o
configure:2444: checking whether we are using the GNU C compiler
configure:2468: gcc -c -static  conftest.c >&5
configure:2474: $? = 0
configure:2477: test -z 			 || test ! -s conftest.err
configure:2480: $? = 0
configure:2483: test -s conftest.o
configure:2486: $? = 0
configure:2499: result: yes
configure:2505: checking whether gcc accepts -g
configure:2526: gcc -c -g  conftest.c >&5
configure:2532: $? = 0
configure:2535: test -z 			 || test ! -s conftest.err
configure:2538: $? = 0
configure:2541: test -s conftest.o
configure:2544: $? = 0
configure:2555: result: yes
configure:2572: checking for gcc option to accept ANSI C
configure:2642: gcc  -c -static  conftest.c >&5
configure:2648: $? = 0
configure:2651: test -z 			 || test ! -s conftest.err
configure:2654: $? = 0
configure:2657: test -s conftest.o
configure:2660: $? = 0
configure:2678: result: none needed
configure:2696: gcc -c -static  conftest.c >&5
conftest.c:2: error: parse error before "me"
configure:2702: $? = 1
configure: failed program was:
| #ifndef __cplusplus
|   choke me
| #endif
configure:2843: checking for style of include used by make
configure:2871: result: GNU
configure:2899: checking dependency style of gcc
configure:2982: result: gcc3
configure:3077: checking build system type
configure:3095: result: i686-pc-linux-gnu
configure:3103: checking host system type
configure:3117: result: i686-pc-linux-gnu
configure:3125: checking for a sed that does not truncate output
configure:3179: result: /bin/sed
configure:3182: checking for egrep
configure:3192: result: grep -E
configure:3208: checking for ld used by gcc
configure:3275: result: /usr/local/bin/ld
configure:3284: checking if the linker (/usr/local/bin/ld) is GNU ld
configure:3299: result: yes
configure:3304: checking for /usr/local/bin/ld option to reload object files
configure:3311: result: -r
configure:3320: checking for BSD-compatible nm
configure:3362: result: /usr/local/bin/nm -B
configure:3366: checking whether ln -s works
configure:3370: result: yes
configure:3377: checking how to recognise dependent libraries
configure:3551: result: pass_all
configure:3764: checking how to run the C preprocessor
configure:3799: gcc -E  conftest.c
configure:3805: $? = 0
configure:3837: gcc -E  conftest.c
conftest.c:11:28: ac_nonexistent.h: No such file or directory
configure:3843: $? = 1
configure: failed program was:
| /* confdefs.h.  */
| 
| #define PACKAGE_NAME ""
| #define PACKAGE_TARNAME ""
| #define PACKAGE_VERSION ""
| #define PACKAGE_STRING ""
| #define PACKAGE_BUGREPORT ""
| #define PACKAGE "m23hwscanner"
| #define VERSION "0.1"
| /* end confdefs.h.  */
| #include <ac_nonexistent.h>
configure:3882: result: gcc -E
configure:3906: gcc -E  conftest.c
configure:3912: $? = 0
configure:3944: gcc -E  conftest.c
conftest.c:11:28: ac_nonexistent.h: No such file or directory
configure:3950: $? = 1
configure: failed program was:
| /* confdefs.h.  */
| 
| #define PACKAGE_NAME ""
| #define PACKAGE_TARNAME ""
| #define PACKAGE_VERSION ""
| #define PACKAGE_STRING ""
| #define PACKAGE_BUGREPORT ""
| #define PACKAGE "m23hwscanner"
| #define VERSION "0.1"
| /* end confdefs.h.  */
| #include <ac_nonexistent.h>
configure:3994: checking for ANSI C header files
configure:4019: gcc -c -static  conftest.c >&5
configure:4025: $? = 0
configure:4028: test -z 			 || test ! -s conftest.err
configure:4031: $? = 0
configure:4034: test -s conftest.o
configure:4037: $? = 0
configure:4126: gcc -o conftest -static   conftest.c  >&5
configure:4129: $? = 0
configure:4131: ./conftest
configure:4134: $? = 0
configure:4149: result: yes
configure:4173: checking for sys/types.h
configure:4189: gcc -c -static  conftest.c >&5
configure:4195: $? = 0
configure:4198: test -z 			 || test ! -s conftest.err
configure:4201: $? = 0
configure:4204: test -s conftest.o
configure:4207: $? = 0
configure:4218: result: yes
configure:4173: checking for sys/stat.h
configure:4189: gcc -c -static  conftest.c >&5
configure:4195: $? = 0
configure:4198: test -z 			 || test ! -s conftest.err
configure:4201: $? = 0
configure:4204: test -s conftest.o
configure:4207: $? = 0
configure:4218: result: yes
configure:4173: checking for stdlib.h
configure:4189: gcc -c -static  conftest.c >&5
configure:4195: $? = 0
configure:4198: test -z 			 || test ! -s conftest.err
configure:4201: $? = 0
configure:4204: test -s conftest.o
configure:4207: $? = 0
configure:4218: result: yes
configure:4173: checking for string.h
configure:4189: gcc -c -static  conftest.c >&5
configure:4195: $? = 0
configure:4198: test -z 			 || test ! -s conftest.err
configure:4201: $? = 0
configure:4204: test -s conftest.o
configure:4207: $? = 0
configure:4218: result: yes
configure:4173: checking for memory.h
configure:4189: gcc -c -static  conftest.c >&5
configure:4195: $? = 0
configure:4198: test -z 			 || test ! -s conftest.err
configure:4201: $? = 0
configure:4204: test -s conftest.o
configure:4207: $? = 0
configure:4218: result: yes
configure:4173: checking for strings.h
configure:4189: gcc -c -static  conftest.c >&5
configure:4195: $? = 0
configure:4198: test -z 			 || test ! -s conftest.err
configure:4201: $? = 0
configure:4204: test -s conftest.o
configure:4207: $? = 0
configure:4218: result: yes
configure:4173: checking for inttypes.h
configure:4189: gcc -c -static  conftest.c >&5
configure:4195: $? = 0
configure:4198: test -z 			 || test ! -s conftest.err
configure:4201: $? = 0
configure:4204: test -s conftest.o
configure:4207: $? = 0
configure:4218: result: yes
configure:4173: checking for stdint.h
configure:4189: gcc -c -static  conftest.c >&5
configure:4195: $? = 0
configure:4198: test -z 			 || test ! -s conftest.err
configure:4201: $? = 0
configure:4204: test -s conftest.o
configure:4207: $? = 0
configure:4218: result: yes
configure:4173: checking for unistd.h
configure:4189: gcc -c -static  conftest.c >&5
configure:4195: $? = 0
configure:4198: test -z 			 || test ! -s conftest.err
configure:4201: $? = 0
configure:4204: test -s conftest.o
configure:4207: $? = 0
configure:4218: result: yes
configure:4244: checking dlfcn.h usability
configure:4256: gcc -c -static  conftest.c >&5
configure:4262: $? = 0
configure:4265: test -z 			 || test ! -s conftest.err
configure:4268: $? = 0
configure:4271: test -s conftest.o
configure:4274: $? = 0
configure:4284: result: yes
configure:4288: checking dlfcn.h presence
configure:4298: gcc -E  conftest.c
configure:4304: $? = 0
configure:4324: result: yes
configure:4359: checking for dlfcn.h
configure:4366: result: yes
configure:4431: checking for g++
configure:4447: found /usr/local/bin/g++
configure:4457: result: g++
configure:4473: checking for C++ compiler version
configure:4476: g++ --version </dev/null >&5
g++ (GCC) 3.3.5 (Debian 1:3.3.5-5)
Copyright (C) 2003 Free Software Foundation, Inc.
This is free software; see the source for copying conditions.  There is NO
warranty; not even for MERCHANTABILITY or FITNESS FOR A PARTICULAR PURPOSE.

configure:4479: $? = 0
configure:4481: g++ -v </dev/null >&5
Reading specs from /usr/lib/gcc-lib/i486-linux/3.3.5/specs
Configured with: ../src/configure -v --enable-languages=c,c++,java,f77,pascal,objc,ada,treelang --prefix=/usr --mandir=/usr/share/man --infodir=/usr/share/info --with-gxx-include-dir=/usr/include/c++/3.3 --enable-shared --with-system-zlib --enable-nls --without-included-gettext --enable-__cxa_atexit --enable-clocale=gnu --enable-debug --enable-java-gc=boehm --enable-java-awt=xlib --enable-objc-gc i486-linux
Thread model: posix
gcc version 3.3.5 (Debian 1:3.3.5-5)
configure:4484: $? = 0
configure:4486: g++ -V </dev/null >&5
g++: `-V' option must have argument
configure:4489: $? = 1
configure:4492: checking whether we are using the GNU C++ compiler
configure:4516: g++ -c   conftest.cc >&5
configure:4522: $? = 0
configure:4525: test -z 			 || test ! -s conftest.err
configure:4528: $? = 0
configure:4531: test -s conftest.o
configure:4534: $? = 0
configure:4547: result: yes
configure:4553: checking whether g++ accepts -g
configure:4574: g++ -c -g  conftest.cc >&5
configure:4580: $? = 0
configure:4583: test -z 			 || test ! -s conftest.err
configure:4586: $? = 0
configure:4589: test -s conftest.o
configure:4592: $? = 0
configure:4603: result: yes
configure:4645: g++ -c -g -O2  conftest.cc >&5
configure:4651: $? = 0
configure:4654: test -z 			 || test ! -s conftest.err
configure:4657: $? = 0
configure:4660: test -s conftest.o
configure:4663: $? = 0
configure:4689: g++ -c -g -O2  conftest.cc >&5
conftest.cc: In function `int main()':
conftest.cc:26: error: `exit' undeclared (first use this function)
conftest.cc:26: error: (Each undeclared identifier is reported only once for 
   each function it appears in.)
configure:4695: $? = 1
configure: failed program was:
| /* confdefs.h.  */
| 
| #define PACKAGE_NAME ""
| #define PACKAGE_TARNAME ""
| #define PACKAGE_VERSION ""
| #define PACKAGE_STRING ""
| #define PACKAGE_BUGREPORT ""
| #define PACKAGE "m23hwscanner"
| #define VERSION "0.1"
| #define STDC_HEADERS 1
| #define HAVE_SYS_TYPES_H 1
| #define HAVE_SYS_STAT_H 1
| #define HAVE_STDLIB_H 1
| #define HAVE_STRING_H 1
| #define HAVE_MEMORY_H 1
| #define HAVE_STRINGS_H 1
| #define HAVE_INTTYPES_H 1
| #define HAVE_STDINT_H 1
| #define HAVE_UNISTD_H 1
| #define HAVE_DLFCN_H 1
| /* end confdefs.h.  */
| 
| int
| main ()
| {
| exit (42);
|   ;
|   return 0;
| }
configure:4645: g++ -c -g -O2  conftest.cc >&5
configure:4651: $? = 0
configure:4654: test -z 			 || test ! -s conftest.err
configure:4657: $? = 0
configure:4660: test -s conftest.o
configure:4663: $? = 0
configure:4689: g++ -c -g -O2  conftest.cc >&5
configure:4695: $? = 0
configure:4698: test -z 			 || test ! -s conftest.err
configure:4701: $? = 0
configure:4704: test -s conftest.o
configure:4707: $? = 0
configure:4732: checking dependency style of g++
configure:4815: result: gcc3
configure:4837: checking how to run the C++ preprocessor
configure:4868: g++ -E  conftest.cc
configure:4874: $? = 0
configure:4906: g++ -E  conftest.cc
conftest.cc:25:28: ac_nonexistent.h: No such file or directory
configure:4912: $? = 1
configure: failed program was:
| /* confdefs.h.  */
| 
| #define PACKAGE_NAME ""
| #define PACKAGE_TARNAME ""
| #define PACKAGE_VERSION ""
| #define PACKAGE_STRING ""
| #define PACKAGE_BUGREPORT ""
| #define PACKAGE "m23hwscanner"
| #define VERSION "0.1"
| #define STDC_HEADERS 1
| #define HAVE_SYS_TYPES_H 1
| #define HAVE_SYS_STAT_H 1
| #define HAVE_STDLIB_H 1
| #define HAVE_STRING_H 1
| #define HAVE_MEMORY_H 1
| #define HAVE_STRINGS_H 1
| #define HAVE_INTTYPES_H 1
| #define HAVE_STDINT_H 1
| #define HAVE_UNISTD_H 1
| #define HAVE_DLFCN_H 1
| #ifdef __cplusplus
| extern "C" void std::exit (int) throw (); using std::exit;
| #endif
| /* end confdefs.h.  */
| #include <ac_nonexistent.h>
configure:4951: result: g++ -E
configure:4975: g++ -E  conftest.cc
configure:4981: $? = 0
configure:5013: g++ -E  conftest.cc
conftest.cc:25:28: ac_nonexistent.h: No such file or directory
configure:5019: $? = 1
configure: failed program was:
| /* confdefs.h.  */
| 
| #define PACKAGE_NAME ""
| #define PACKAGE_TARNAME ""
| #define PACKAGE_VERSION ""
| #define PACKAGE_STRING ""
| #define PACKAGE_BUGREPORT ""
| #define PACKAGE "m23hwscanner"
| #define VERSION "0.1"
| #define STDC_HEADERS 1
| #define HAVE_SYS_TYPES_H 1
| #define HAVE_SYS_STAT_H 1
| #define HAVE_STDLIB_H 1
| #define HAVE_STRING_H 1
| #define HAVE_MEMORY_H 1
| #define HAVE_STRINGS_H 1
| #define HAVE_INTTYPES_H 1
| #define HAVE_STDINT_H 1
| #define HAVE_UNISTD_H 1
| #define HAVE_DLFCN_H 1
| #ifdef __cplusplus
| extern "C" void std::exit (int) throw (); using std::exit;
| #endif
| /* end confdefs.h.  */
| #include <ac_nonexistent.h>
configure:5114: checking for g77
configure:5143: result: no
configure:5114: checking for f77
configure:5143: result: no
configure:5114: checking for xlf
configure:5143: result: no
configure:5114: checking for frt
configure:5143: result: no
configure:5114: checking for pgf77
configure:5143: result: no
configure:5114: checking for fort77
configure:5143: result: no
configure:5114: checking for fl32
configure:5143: result: no
configure:5114: checking for af77
configure:5143: result: no
configure:5114: checking for f90
configure:5143: result: no
configure:5114: checking for xlf90
configure:5143: result: no
configure:5114: checking for pgf90
configure:5143: result: no
configure:5114: checking for epcf90
configure:5143: result: no
configure:5114: checking for f95
configure:5143: result: no
configure:5114: checking for fort
configure:5143: result: no
configure:5114: checking for xlf95
configure:5143: result: no
configure:5114: checking for ifc
configure:5143: result: no
configure:5114: checking for efc
configure:5143: result: no
configure:5114: checking for pgf95
configure:5143: result: no
configure:5114: checking for lf95
configure:5143: result: no
configure:5114: checking for gfortran
configure:5143: result: no
configure:5155: checking for Fortran 77 compiler version
configure:5158:  --version </dev/null >&5
./configure: line 5159: --version: command not found
configure:5161: $? = 127
configure:5163:  -v </dev/null >&5
./configure: line 5164: -v: command not found
configure:5166: $? = 127
configure:5168:  -V </dev/null >&5
./configure: line 5169: -V: command not found
configure:5171: $? = 127
configure:5179: checking whether we are using the GNU Fortran 77 compiler
configure:5193:  -c  conftest.F >&5
./configure: line 5194: -c: command not found
configure:5199: $? = 127
configure: failed program was:
|       program main
| #ifndef __GNUC__
|        choke me
| #endif
| 
|       end
configure:5224: result: no
configure:5230: checking whether  accepts -g
configure:5242:  -c -g conftest.f >&5
./configure: line 5243: -c: command not found
configure:5248: $? = 127
configure: failed program was:
|       program main
| 
|       end
configure:5272: result: no
configure:5302: checking the maximum length of command line arguments
configure:5367: result: 32768
configure:5378: checking command to parse /usr/local/bin/nm -B output from gcc object
configure:5467: gcc -c -static  conftest.c >&5
configure:5470: $? = 0
configure:5474: /usr/local/bin/nm -B conftest.o \| sed -n -e 's/^.*[ 	]\([ABCDGIRSTW][ABCDGIRSTW]*\)[ 	][ 	]*\(\)\([_A-Za-z][_A-Za-z0-9]*\)$/\1 \2\3 \3/p' \> conftest.nm
configure:5477: $? = 0
configure:5529: gcc -o conftest -static   conftest.c conftstm.o >&5
configure:5532: $? = 0
configure:5570: result: ok
configure:5574: checking for objdir
configure:5589: result: .libs
configure:5679: checking for ar
configure:5695: found /usr/local/bin/ar
configure:5706: result: ar
configure:5759: checking for ranlib
configure:5775: found /usr/local/bin/ranlib
configure:5786: result: ranlib
configure:5839: checking for strip
configure:5855: found /usr/local/bin/strip
configure:5866: result: strip
configure:6128: checking if gcc static flag  works
configure:6151: result: yes
configure:6169: checking if gcc supports -fno-rtti -fno-exceptions
configure:6187: gcc -c -static  -fno-rtti -fno-exceptions conftest.c >&5
cc1: warning: "-fno-rtti" is valid for C++ but not for C/ObjC
configure:6191: $? = 0
configure:6202: result: no
configure:6217: checking for gcc option to produce PIC
configure:6394: result: -fPIC
configure:6402: checking if gcc PIC flag -fPIC works
configure:6420: gcc -c -static  -fPIC -DPIC conftest.c >&5
configure:6424: $? = 0
configure:6435: result: yes
configure:6459: checking if gcc supports -c -o file.o
configure:6480: gcc -c -static  -o out/conftest2.o conftest.c >&5
configure:6484: $? = 0
configure:6504: result: yes
configure:6530: checking whether the gcc linker (/usr/local/bin/ld) supports shared libraries
configure:7377: result: yes
configure:7403: checking whether -lc should be explicitly linked in
configure:7408: gcc -c -static  conftest.c >&5
configure:7411: $? = 0
configure:7425: gcc -shared conftest.o  -v -Wl,-soname -Wl,conftest -o conftest 2\>\&1 \| grep  -lc  \>/dev/null 2\>\&1
configure:7428: $? = 0
configure:7440: result: no
configure:7448: checking dynamic linker characteristics
configure:8000: result: GNU/Linux ld.so
configure:8004: checking how to hardcode library paths into programs
configure:8029: result: immediate
configure:8043: checking whether stripping libraries is possible
configure:8048: result: yes
configure:8871: checking if libtool supports shared libraries
configure:8873: result: yes
configure:8876: checking whether to build shared libraries
configure:8934: result: yes
configure:8937: checking whether to build static libraries
configure:8941: result: yes
configure:9033: creating libtool
configure:9580: checking for ld used by g++
configure:9647: result: /usr/local/bin/ld
configure:9656: checking if the linker (/usr/local/bin/ld) is GNU ld
configure:9671: result: yes
configure:9722: checking whether the g++ linker (/usr/local/bin/ld) supports shared libraries
configure:10548: result: yes
configure:10566: g++ -c -g -O2  conftest.cc >&5
configure:10569: $? = 0
configure:10665: checking for g++ option to produce PIC
configure:10917: result: -fPIC
configure:10925: checking if g++ PIC flag -fPIC works
configure:10943: g++ -c -g -O2  -fPIC -DPIC conftest.cc >&5
configure:10947: $? = 0
configure:10958: result: yes
configure:10982: checking if g++ supports -c -o file.o
configure:11003: g++ -c -g -O2  -o out/conftest2.o conftest.cc >&5
configure:11007: $? = 0
configure:11027: result: yes
configure:11053: checking whether the g++ linker (/usr/local/bin/ld) supports shared libraries
configure:11081: result: yes
configure:11152: checking dynamic linker characteristics
configure:11704: result: GNU/Linux ld.so
configure:11708: checking how to hardcode library paths into programs
configure:11733: result: immediate
configure:11747: checking whether stripping libraries is possible
configure:11752: result: yes
configure:19113: creating ./config.status

## ---------------------- ##
## Running config.status. ##
## ---------------------- ##

This file was extended by config.status, which was
generated by GNU Autoconf 2.59.  Invocation command line was

  CONFIG_FILES    = 
  CONFIG_HEADERS  = 
  CONFIG_LINKS    = 
  CONFIG_COMMANDS = 
  $ ./config.status 

on tux04

config.status:751: creating Makefile
config.status:751: creating src/Makefile
config.status:817: creating config.h
config.status:1105: executing depfiles commands

## ---------------- ##
## Cache variables. ##
## ---------------- ##

ac_cv_build=i686-pc-linux-gnu
ac_cv_build_alias=i686-pc-linux-gnu
ac_cv_c_compiler_gnu=yes
ac_cv_cxx_compiler_gnu=yes
ac_cv_env_CC_set=
ac_cv_env_CC_value=
ac_cv_env_CFLAGS_set=set
ac_cv_env_CFLAGS_value=-static
ac_cv_env_CPPFLAGS_set=
ac_cv_env_CPPFLAGS_value=
ac_cv_env_CPP_set=
ac_cv_env_CPP_value=
ac_cv_env_CXXCPP_set=
ac_cv_env_CXXCPP_value=
ac_cv_env_CXXFLAGS_set=
ac_cv_env_CXXFLAGS_value=
ac_cv_env_CXX_set=
ac_cv_env_CXX_value=
ac_cv_env_F77_set=
ac_cv_env_F77_value=
ac_cv_env_FFLAGS_set=
ac_cv_env_FFLAGS_value=
ac_cv_env_LDFLAGS_set=
ac_cv_env_LDFLAGS_value=
ac_cv_env_build_alias_set=
ac_cv_env_build_alias_value=
ac_cv_env_host_alias_set=
ac_cv_env_host_alias_value=
ac_cv_env_target_alias_set=
ac_cv_env_target_alias_value=
ac_cv_exeext=
ac_cv_f77_compiler_gnu=no
ac_cv_header_dlfcn_h=yes
ac_cv_header_inttypes_h=yes
ac_cv_header_memory_h=yes
ac_cv_header_stdc=yes
ac_cv_header_stdint_h=yes
ac_cv_header_stdlib_h=yes
ac_cv_header_string_h=yes
ac_cv_header_strings_h=yes
ac_cv_header_sys_stat_h=yes
ac_cv_header_sys_types_h=yes
ac_cv_header_unistd_h=yes
ac_cv_host=i686-pc-linux-gnu
ac_cv_host_alias=i686-pc-linux-gnu
ac_cv_objext=o
ac_cv_path_install='/usr/local/bin/install -c'
ac_cv_prog_AWK=gawk
ac_cv_prog_CPP='gcc -E'
ac_cv_prog_CXXCPP='g++ -E'
ac_cv_prog_ac_ct_AR=ar
ac_cv_prog_ac_ct_CC=gcc
ac_cv_prog_ac_ct_CXX=g++
ac_cv_prog_ac_ct_RANLIB=ranlib
ac_cv_prog_ac_ct_STRIP=strip
ac_cv_prog_cc_g=yes
ac_cv_prog_cc_stdc=
ac_cv_prog_cxx_g=yes
ac_cv_prog_egrep='grep -E'
ac_cv_prog_f77_g=no
ac_cv_prog_make_make_set=yes
am_cv_CC_dependencies_compiler_type=gcc3
am_cv_CXX_dependencies_compiler_type=gcc3
lt_cv_deplibs_check_method=pass_all
lt_cv_file_magic_cmd='$MAGIC_CMD'
lt_cv_file_magic_test_file=
lt_cv_ld_reload_flag=-r
lt_cv_objdir=.libs
lt_cv_path_LD=/usr/local/bin/ld
lt_cv_path_LDCXX=/usr/local/bin/ld
lt_cv_path_NM='/usr/local/bin/nm -B'
lt_cv_path_SED=/bin/sed
lt_cv_prog_compiler_c_o=yes
lt_cv_prog_compiler_c_o_CXX=yes
lt_cv_prog_compiler_rtti_exceptions=no
lt_cv_prog_gnu_ld=yes
lt_cv_prog_gnu_ldcxx=yes
lt_cv_sys_global_symbol_pipe='sed -n -e '\''s/^.*[ 	]\([ABCDGIRSTW][ABCDGIRSTW]*\)[ 	][ 	]*\(\)\([_A-Za-z][_A-Za-z0-9]*\)$/\1 \2\3 \3/p'\'''
lt_cv_sys_global_symbol_to_c_name_address='sed -n -e '\''s/^: \([^ ]*\) $/  {\"\1\", (lt_ptr) 0},/p'\'' -e '\''s/^[BCDEGRST] \([^ ]*\) \([^ ]*\)$/  {"\2", (lt_ptr) \&\2},/p'\'''
lt_cv_sys_global_symbol_to_cdecl='sed -n -e '\''s/^. .* \(.*\)$/extern int \1;/p'\'''
lt_cv_sys_max_cmd_len=32768
lt_lt_cv_prog_compiler_c_o='"yes"'
lt_lt_cv_prog_compiler_c_o_CXX='"yes"'
lt_lt_cv_sys_global_symbol_pipe='"sed -n -e '\''s/^.*[ 	]\\([ABCDGIRSTW][ABCDGIRSTW]*\\)[ 	][ 	]*\\(\\)\\([_A-Za-z][_A-Za-z0-9]*\\)\$/\\1 \\2\\3 \\3/p'\''"'
lt_lt_cv_sys_global_symbol_to_c_name_address='"sed -n -e '\''s/^: \\([^ ]*\\) \$/  {\\\"\\1\\\", (lt_ptr) 0},/p'\'' -e '\''s/^[BCDEGRST] \\([^ ]*\\) \\([^ ]*\\)\$/  {\"\\2\", (lt_ptr) \\&\\2},/p'\''"'
lt_lt_cv_sys_global_symbol_to_cdecl='"sed -n -e '\''s/^. .* \\(.*\\)\$/extern int \\1;/p'\''"'

## ----------------- ##
## Output variables. ##
## ----------------- ##

ACLOCAL='${SHELL} /mdk/m23helper/m23hwscanner/missing --run aclocal-1.7'
AMDEPBACKSLASH='\'
AMDEP_FALSE='#'
AMDEP_TRUE=''
AMTAR='${SHELL} /mdk/m23helper/m23hwscanner/missing --run tar'
AR='ar'
AUTOCONF='${SHELL} /mdk/m23helper/m23hwscanner/missing --run autoconf'
AUTOHEADER='${SHELL} /mdk/m23helper/m23hwscanner/missing --run autoheader'
AUTOMAKE='${SHELL} /mdk/m23helper/m23hwscanner/missing --run automake-1.7'
AWK='gawk'
CC='gcc'
CCDEPMODE='depmode=gcc3'
CFLAGS='-static'
CPP='gcc -E'
CPPFLAGS=''
CXX='g++'
CXXCPP='g++ -E'
CXXDEPMODE='depmode=gcc3'
CXXFLAGS='-g -O2'
CYGPATH_W='echo'
DEFS='-DHAVE_CONFIG_H'
DEPDIR='.deps'
ECHO='echo'
ECHO_C=''
ECHO_N='-n'
ECHO_T=''
EGREP='grep -E'
EXEEXT=''
F77=''
FFLAGS=''
INSTALL_DATA='${INSTALL} -m 644'
INSTALL_PROGRAM='${INSTALL}'
INSTALL_SCRIPT='${INSTALL}'
INSTALL_STRIP_PROGRAM='${SHELL} $(install_sh) -c -s'
LDFLAGS=''
LIBOBJS=''
LIBS=''
LIBTOOL='$(SHELL) $(top_builddir)/libtool'
LN_S='ln -s'
LTLIBOBJS=''
MAKEINFO='${SHELL} /mdk/m23helper/m23hwscanner/missing --run makeinfo'
OBJEXT='o'
PACKAGE='m23hwscanner'
PACKAGE_BUGREPORT=''
PACKAGE_NAME=''
PACKAGE_STRING=''
PACKAGE_TARNAME=''
PACKAGE_VERSION=''
PATH_SEPARATOR=':'
RANLIB='ranlib'
SET_MAKE=''
SHELL='/bin/sh'
STRIP='strip'
VERSION='0.1'
ac_ct_AR='ar'
ac_ct_CC='gcc'
ac_ct_CXX='g++'
ac_ct_F77=''
ac_ct_RANLIB='ranlib'
ac_ct_STRIP='strip'
am__fastdepCC_FALSE='#'
am__fastdepCC_TRUE=''
am__fastdepCXX_FALSE='#'
am__fastdepCXX_TRUE=''
am__include='include'
am__leading_dot='.'
am__quote=''
bindir='${exec_prefix}/bin'
build='i686-pc-linux-gnu'
build_alias=''
build_cpu='i686'
build_os='linux-gnu'
build_vendor='pc'
datadir='${prefix}/share'
exec_prefix='${prefix}'
host='i686-pc-linux-gnu'
host_alias=''
host_cpu='i686'
host_os='linux-gnu'
host_vendor='pc'
includedir='${prefix}/include'
infodir='${prefix}/info'
install_sh='/mdk/m23helper/m23hwscanner/install-sh'
libdir='${exec_prefix}/lib'
libexecdir='${exec_prefix}/libexec'
localstatedir='${prefix}/var'
mandir='${prefix}/man'
oldincludedir='/usr/include'
prefix='/usr/local'
program_transform_name='s,x,x,'
sbindir='${exec_prefix}/sbin'
sharedstatedir='${prefix}/com'
sysconfdir='${prefix}/etc'
target_alias=''

## ----------- ##
## confdefs.h. ##
## ----------- ##

#define HAVE_DLFCN_H 1
#define HAVE_INTTYPES_H 1
#define HAVE_MEMORY_H 1
#define HAVE_STDINT_H 1
#define HAVE_STDLIB_H 1
#define HAVE_STRINGS_H 1
#define HAVE_STRING_H 1
#define HAVE_SYS_STAT_H 1
#define HAVE_SYS_TYPES_H 1
#define HAVE_UNISTD_H 1
#define PACKAGE "m23hwscanner"
#define PACKAGE_BUGREPORT ""
#define PACKAGE_NAME ""
#define PACKAGE_STRING ""
#define PACKAGE_TARNAME ""
#define PACKAGE_VERSION ""
#define STDC_HEADERS 1
#define VERSION "0.1"
#endif
#ifdef __cplusplus
extern "C" void std::exit (int) throw (); using std::exit;

configure: exit 0
