This file contains any messages produced by compilers while
running configure, to aid debugging if configure makes a mistake.

It was created by configure, which was
generated by GNU Autoconf 2.57.  Invocation command line was

  $ ./configure 

## --------- ##
## Platform. ##
## --------- ##

hostname = tux03
uname -m = i686
uname -r = 2.4.21-pre7
uname -s = Linux
uname -v = #8 SMP Mon Apr 21 13:53:51 CEST 2003

/usr/bin/uname -p = unknown
/bin/uname -X     = unknown

/bin/arch              = i686
/usr/bin/arch -k       = unknown
/usr/convex/getsysinfo = unknown
hostinfo               = unknown
/bin/machine           = unknown
/usr/bin/oslevel       = unknown
/bin/universe          = unknown

PATH: /sbin
PATH: /usr/sbin
PATH: /bin
PATH: /usr/bin
PATH: /usr/X11R6/bin
PATH: /usr/local/bin


## ----------- ##
## Core tests. ##
## ----------- ##

configure:1499: checking build system type
configure:1517: result: i686-pc-linux-gnu
configure:1525: checking host system type
configure:1539: result: i686-pc-linux-gnu
configure:1547: checking target system type
configure:1561: result: i686-pc-linux-gnu
configure:1606: checking for a BSD-compatible install
configure:1660: result: /usr/bin/install -c
configure:1675: checking for -p flag to install
configure:1688: result: yes
configure:1699: checking whether build environment is sane
configure:1742: result: yes
configure:1763: checking for gawk
configure:1792: result: no
configure:1763: checking for mawk
configure:1779: found /usr/bin/mawk
configure:1789: result: mawk
configure:1799: checking whether make sets $(MAKE)
configure:1819: result: yes
configure:1966: checking for style of include used by make
configure:1994: result: GNU
configure:2129: checking for gcc
configure:2145: found /usr/bin/gcc
configure:2155: result: gcc
configure:2399: checking for C compiler version
configure:2402: gcc --version </dev/null >&5
gcc (GCC) 3.2.3
Copyright (C) 2002 Free Software Foundation, Inc.
This is free software; see the source for copying conditions.  There is NO
warranty; not even for MERCHANTABILITY or FITNESS FOR A PARTICULAR PURPOSE.

configure:2405: $? = 0
configure:2407: gcc -v </dev/null >&5
Reading specs from /usr/lib/gcc-lib/i386-linux/3.2.3/specs
Configured with: ../src/configure -v --enable-languages=c,c++,java,f77,objc,ada --prefix=/usr --mandir=/usr/share/man --infodir=/usr/share/info --with-gxx-include-dir=/usr/include/c++/3.2 --enable-shared --with-system-zlib --enable-nls --without-included-gettext --enable-__cxa_atexit --enable-clocale=gnu --enable-java-gc=boehm --enable-objc-gc i386-linux
Thread model: posix
gcc version 3.2.3
configure:2410: $? = 0
configure:2412: gcc -V </dev/null >&5
gcc: argument to `-V' is missing
configure:2415: $? = 1
configure:2439: checking for C compiler default output
configure:2442: gcc  -O0 -g3 -Wall   conftest.c  >&5
configure:2445: $? = 0
configure:2491: result: a.out
configure:2496: checking whether the C compiler works
configure:2502: ./a.out
configure:2505: $? = 0
configure:2522: result: yes
configure:2529: checking whether we are cross compiling
configure:2531: result: no
configure:2534: checking for suffix of executables
configure:2536: gcc -o conftest  -O0 -g3 -Wall   conftest.c  >&5
configure:2539: $? = 0
configure:2564: result: 
configure:2570: checking for suffix of object files
configure:2592: gcc -c  -O0 -g3 -Wall  conftest.c >&5
configure:2595: $? = 0
configure:2617: result: o
configure:2621: checking whether we are using the GNU C compiler
configure:2646: gcc -c  -O0 -g3 -Wall  conftest.c >&5
configure:2649: $? = 0
configure:2652: test -s conftest.o
configure:2655: $? = 0
configure:2668: result: yes
configure:2674: checking whether gcc accepts -g
configure:2696: gcc -c -g  conftest.c >&5
configure:2699: $? = 0
configure:2702: test -s conftest.o
configure:2705: $? = 0
configure:2716: result: yes
configure:2733: checking for gcc option to accept ANSI C
configure:2794: gcc  -c  -O0 -g3 -Wall  conftest.c >&5
configure:2797: $? = 0
configure:2800: test -s conftest.o
configure:2803: $? = 0
configure:2821: result: none needed
configure:2839: gcc -c  -O0 -g3 -Wall  conftest.c >&5
conftest.c:2: syntax error before "me"
configure:2842: $? = 1
configure: failed program was:
| #ifndef __cplusplus
|   choke me
| #endif
configure:2953: checking dependency style of gcc
configure:3015: result: gcc3
configure:3026: checking how to run the C preprocessor
configure:3062: gcc -E  conftest.c
configure:3068: $? = 0
configure:3100: gcc -E  conftest.c
configure:3101:28: ac_nonexistent.h: No such file or directory
configure:3106: $? = 1
configure: failed program was:
| #line 3091 "configure"
| /* confdefs.h.  */
| 
| #define PACKAGE_NAME ""
| #define PACKAGE_TARNAME ""
| #define PACKAGE_VERSION ""
| #define PACKAGE_STRING ""
| #define PACKAGE_BUGREPORT ""
| #define PACKAGE "mdoc"
| #define VERSION "0.1"
| /* end confdefs.h.  */
| #include <ac_nonexistent.h>
configure:3144: result: gcc -E
configure:3169: gcc -E  conftest.c
configure:3175: $? = 0
configure:3207: gcc -E  conftest.c
configure:3208:28: ac_nonexistent.h: No such file or directory
configure:3213: $? = 1
configure: failed program was:
| #line 3198 "configure"
| /* confdefs.h.  */
| 
| #define PACKAGE_NAME ""
| #define PACKAGE_TARNAME ""
| #define PACKAGE_VERSION ""
| #define PACKAGE_STRING ""
| #define PACKAGE_BUGREPORT ""
| #define PACKAGE "mdoc"
| #define VERSION "0.1"
| /* end confdefs.h.  */
| #include <ac_nonexistent.h>
configure:3336: checking for g++
configure:3352: found /usr/bin/g++
configure:3362: result: g++
configure:3378: checking for C++ compiler version
configure:3381: g++ --version </dev/null >&5
g++ (GCC) 3.2.3
Copyright (C) 2002 Free Software Foundation, Inc.
This is free software; see the source for copying conditions.  There is NO
warranty; not even for MERCHANTABILITY or FITNESS FOR A PARTICULAR PURPOSE.

configure:3384: $? = 0
configure:3386: g++ -v </dev/null >&5
Reading specs from /usr/lib/gcc-lib/i386-linux/3.2.3/specs
Configured with: ../src/configure -v --enable-languages=c,c++,java,f77,objc,ada --prefix=/usr --mandir=/usr/share/man --infodir=/usr/share/info --with-gxx-include-dir=/usr/include/c++/3.2 --enable-shared --with-system-zlib --enable-nls --without-included-gettext --enable-__cxa_atexit --enable-clocale=gnu --enable-java-gc=boehm --enable-objc-gc i386-linux
Thread model: posix
gcc version 3.2.3
configure:3389: $? = 0
configure:3391: g++ -V </dev/null >&5
g++: argument to `-V' missing

configure:3394: $? = 1
configure:3397: checking whether we are using the GNU C++ compiler
configure:3422: g++ -c  -O0 -g3 -Wall  conftest.cc >&5
configure:3425: $? = 0
configure:3428: test -s conftest.o
configure:3431: $? = 0
configure:3444: result: yes
configure:3450: checking whether g++ accepts -g
configure:3472: g++ -c -g  conftest.cc >&5
configure:3475: $? = 0
configure:3478: test -s conftest.o
configure:3481: $? = 0
configure:3492: result: yes
configure:3536: g++ -c  -O0 -g3 -Wall  conftest.cc >&5
configure:3539: $? = 0
configure:3542: test -s conftest.o
configure:3545: $? = 0
configure:3572: g++ -c  -O0 -g3 -Wall  conftest.cc >&5
configure: In function `int main()':
configure:3569: `exit' undeclared (first use this function)
configure:3569: (Each undeclared identifier is reported only once for each 
   function it appears in.)
configure:3575: $? = 1
configure: failed program was:
| #line 3555 "configure"
| /* confdefs.h.  */
| 
| #define PACKAGE_NAME ""
| #define PACKAGE_TARNAME ""
| #define PACKAGE_VERSION ""
| #define PACKAGE_STRING ""
| #define PACKAGE_BUGREPORT ""
| #define PACKAGE "mdoc"
| #define VERSION "0.1"
| /* end confdefs.h.  */
| 
| int
| main ()
| {
| exit (42);
|   ;
|   return 0;
| }
configure:3536: g++ -c  -O0 -g3 -Wall  conftest.cc >&5
configure:3539: $? = 0
configure:3542: test -s conftest.o
configure:3545: $? = 0
configure:3572: g++ -c  -O0 -g3 -Wall  conftest.cc >&5
configure:3575: $? = 0
configure:3578: test -s conftest.o
configure:3581: $? = 0
configure:3606: checking dependency style of g++
configure:3668: result: gcc3
configure:4036: checking whether g++ supports -Wundef
configure:4073: rm -rf SunWS_cache; g++ -o conftest -Wall -pedantic -W -Wpointer-arith -Wmissing-prototypes -Wwrite-strings -ansi -D_XOPEN_SOURCE=500 -D_BSD_SOURCE -Wcast-align -Wconversion -O2  -O0 -g3 -Wall -Wundef   conftest.cc  1>&5
configure:4076: $? = 0
configure:4079: test -s conftest
configure:4082: $? = 0
configure:4102: result: yes
configure:4114: checking whether g++ supports -Wno-long-long
configure:4151: rm -rf SunWS_cache; g++ -o conftest -Wundef -Wall -pedantic -W -Wpointer-arith -Wmissing-prototypes -Wwrite-strings -ansi -D_XOPEN_SOURCE=500 -D_BSD_SOURCE -Wcast-align -Wconversion -O2  -O0 -g3 -Wall -Wno-long-long   conftest.cc  1>&5
configure:4154: $? = 0
configure:4157: test -s conftest
configure:4160: $? = 0
configure:4180: result: yes
configure:4192: checking whether g++ supports -Wnon-virtual-dtor
configure:4229: rm -rf SunWS_cache; g++ -o conftest -Wno-long-long -Wundef -Wall -pedantic -W -Wpointer-arith -Wmissing-prototypes -Wwrite-strings -ansi -D_XOPEN_SOURCE=500 -D_BSD_SOURCE -Wcast-align -Wconversion -O2  -O0 -g3 -Wall -Wnon-virtual-dtor   conftest.cc  1>&5
configure:4232: $? = 0
configure:4235: test -s conftest
configure:4238: $? = 0
configure:4258: result: yes
configure:4278: checking whether g++ supports -fno-exceptions
configure:4315: rm -rf SunWS_cache; g++ -o conftest -Wnon-virtual-dtor -Wno-long-long -Wundef -Wall -pedantic -W -Wpointer-arith -Wmissing-prototypes -Wwrite-strings -ansi -D_XOPEN_SOURCE=500 -D_BSD_SOURCE -Wcast-align -Wconversion -O2  -O0 -g3 -Wall -fno-exceptions   conftest.cc  1>&5
configure:4318: $? = 0
configure:4321: test -s conftest
configure:4324: $? = 0
configure:4344: result: yes
configure:4356: checking whether g++ supports -fno-check-new
configure:4393: rm -rf SunWS_cache; g++ -o conftest -Wnon-virtual-dtor -Wno-long-long -Wundef -Wall -pedantic -W -Wpointer-arith -Wmissing-prototypes -Wwrite-strings -ansi -D_XOPEN_SOURCE=500 -D_BSD_SOURCE -Wcast-align -Wconversion -O2  -O0 -g3 -Wall -fno-exceptions -fno-check-new   conftest.cc  1>&5
configure:4396: $? = 0
configure:4399: test -s conftest
configure:4402: $? = 0
configure:4422: result: yes
configure:4434: checking whether g++ supports -fexceptions
configure:4471: rm -rf SunWS_cache; g++ -o conftest -Wnon-virtual-dtor -Wno-long-long -Wundef -Wall -pedantic -W -Wpointer-arith -Wmissing-prototypes -Wwrite-strings -ansi -D_XOPEN_SOURCE=500 -D_BSD_SOURCE -Wcast-align -Wconversion -O2  -O0 -g3 -Wall -fno-exceptions -fno-check-new -fexceptions   conftest.cc  1>&5
configure:4474: $? = 0
configure:4477: test -s conftest
configure:4480: $? = 0
configure:4500: result: yes
configure:5101: checking how to run the C++ preprocessor
configure:5133: g++ -E  conftest.cc
configure:5139: $? = 0
configure:5171: g++ -E  conftest.cc
configure:5175:28: ac_nonexistent.h: No such file or directory
configure:5177: $? = 1
configure: failed program was:
| #line 5162 "configure"
| /* confdefs.h.  */
| 
| #define PACKAGE_NAME ""
| #define PACKAGE_TARNAME ""
| #define PACKAGE_VERSION ""
| #define PACKAGE_STRING ""
| #define PACKAGE_BUGREPORT ""
| #define PACKAGE "mdoc"
| #define VERSION "0.1"
| #ifdef __cplusplus
| extern "C" void std::exit (int) throw (); using std::exit;
| #endif
| /* end confdefs.h.  */
| #include <ac_nonexistent.h>
configure:5215: result: g++ -E
configure:5240: g++ -E  conftest.cc
configure:5246: $? = 0
configure:5278: g++ -E  conftest.cc
configure:5282:28: ac_nonexistent.h: No such file or directory
configure:5284: $? = 1
configure: failed program was:
| #line 5269 "configure"
| /* confdefs.h.  */
| 
| #define PACKAGE_NAME ""
| #define PACKAGE_TARNAME ""
| #define PACKAGE_VERSION ""
| #define PACKAGE_STRING ""
| #define PACKAGE_BUGREPORT ""
| #define PACKAGE "mdoc"
| #define VERSION "0.1"
| #ifdef __cplusplus
| extern "C" void std::exit (int) throw (); using std::exit;
| #endif
| /* end confdefs.h.  */
| #include <ac_nonexistent.h>
configure:5349: checking whether g++ supports -frepo
configure:5386: rm -rf SunWS_cache; g++ -o conftest -Wnon-virtual-dtor -Wno-long-long -Wundef -Wall -pedantic -W -Wpointer-arith -Wmissing-prototypes -Wwrite-strings -ansi -D_XOPEN_SOURCE=500 -D_BSD_SOURCE -Wcast-align -Wconversion -O2 -O0 -g3 -Wall -fno-exceptions -fno-check-new -frepo   conftest.cc  1>&5
conftest.cc:1: warning: -frepo must be used with -c
configure:5389: $? = 0
configure:5392: test -s conftest
configure:5395: $? = 0
configure:5415: result: yes
configure:5627: result: not using lib directory suffix
configure:5683: checking for ld used by GCC
configure:5747: result: /usr/bin/ld
configure:5756: checking if the linker (/usr/bin/ld) is GNU ld
GNU ld version 2.13.90.0.18 20030121 Debian GNU/Linux
configure:5768: result: yes
configure:5773: checking for /usr/bin/ld option to reload object files
configure:5780: result: -r
configure:5789: checking for BSD-compatible nm
configure:5824: result: /usr/bin/nm -B
configure:5828: checking for a sed that does not truncate output
configure:5904: result: 
configure:5907: checking whether ln -s works
configure:5911: result: yes
configure:5918: checking how to recognise dependant libraries
configure:6105: result: pass_all
configure:6175: gcc -c -ansi -W -Wall -pedantic -Wshadow -Wpointer-arith -Wmissing-prototypes -Wwrite-strings -D_XOPEN_SOURCE=500 -D_BSD_SOURCE -O2  -O0 -g3 -Wall  conftest.c >&5
configure:6178: $? = 0
configure:6264: checking for egrep
configure:6274: result: grep -E
configure:6279: checking for ANSI C header files
configure:6305: gcc -c -ansi -W -Wall -pedantic -Wshadow -Wpointer-arith -Wmissing-prototypes -Wwrite-strings -D_XOPEN_SOURCE=500 -D_BSD_SOURCE -O2  -O0 -g3 -Wall  conftest.c >&5
configure:6308: $? = 0
configure:6311: test -s conftest.o
configure:6314: $? = 0
configure:6403: gcc -o conftest -ansi -W -Wall -pedantic -Wshadow -Wpointer-arith -Wmissing-prototypes -Wwrite-strings -D_XOPEN_SOURCE=500 -D_BSD_SOURCE -O2  -O0 -g3 -Wall   conftest.c  >&5
configure: In function `main':
configure:6406: warning: implicit declaration of function `exit'
configure:6406: $? = 0
configure:6408: ./conftest
configure:6411: $? = 0
configure:6426: result: yes
configure:6450: checking for sys/types.h
configure:6467: gcc -c -ansi -W -Wall -pedantic -Wshadow -Wpointer-arith -Wmissing-prototypes -Wwrite-strings -D_XOPEN_SOURCE=500 -D_BSD_SOURCE -O2  -O0 -g3 -Wall  conftest.c >&5
configure:6470: $? = 0
configure:6473: test -s conftest.o
configure:6476: $? = 0
configure:6487: result: yes
configure:6450: checking for sys/stat.h
configure:6467: gcc -c -ansi -W -Wall -pedantic -Wshadow -Wpointer-arith -Wmissing-prototypes -Wwrite-strings -D_XOPEN_SOURCE=500 -D_BSD_SOURCE -O2  -O0 -g3 -Wall  conftest.c >&5
configure:6470: $? = 0
configure:6473: test -s conftest.o
configure:6476: $? = 0
configure:6487: result: yes
configure:6450: checking for stdlib.h
configure:6467: gcc -c -ansi -W -Wall -pedantic -Wshadow -Wpointer-arith -Wmissing-prototypes -Wwrite-strings -D_XOPEN_SOURCE=500 -D_BSD_SOURCE -O2  -O0 -g3 -Wall  conftest.c >&5
configure:6470: $? = 0
configure:6473: test -s conftest.o
configure:6476: $? = 0
configure:6487: result: yes
configure:6450: checking for string.h
configure:6467: gcc -c -ansi -W -Wall -pedantic -Wshadow -Wpointer-arith -Wmissing-prototypes -Wwrite-strings -D_XOPEN_SOURCE=500 -D_BSD_SOURCE -O2  -O0 -g3 -Wall  conftest.c >&5
configure:6470: $? = 0
configure:6473: test -s conftest.o
configure:6476: $? = 0
configure:6487: result: yes
configure:6450: checking for memory.h
configure:6467: gcc -c -ansi -W -Wall -pedantic -Wshadow -Wpointer-arith -Wmissing-prototypes -Wwrite-strings -D_XOPEN_SOURCE=500 -D_BSD_SOURCE -O2  -O0 -g3 -Wall  conftest.c >&5
configure:6470: $? = 0
configure:6473: test -s conftest.o
configure:6476: $? = 0
configure:6487: result: yes
configure:6450: checking for strings.h
configure:6467: gcc -c -ansi -W -Wall -pedantic -Wshadow -Wpointer-arith -Wmissing-prototypes -Wwrite-strings -D_XOPEN_SOURCE=500 -D_BSD_SOURCE -O2  -O0 -g3 -Wall  conftest.c >&5
configure:6470: $? = 0
configure:6473: test -s conftest.o
configure:6476: $? = 0
configure:6487: result: yes
configure:6450: checking for inttypes.h
configure:6467: gcc -c -ansi -W -Wall -pedantic -Wshadow -Wpointer-arith -Wmissing-prototypes -Wwrite-strings -D_XOPEN_SOURCE=500 -D_BSD_SOURCE -O2  -O0 -g3 -Wall  conftest.c >&5
configure:6470: $? = 0
configure:6473: test -s conftest.o
configure:6476: $? = 0
configure:6487: result: yes
configure:6450: checking for stdint.h
configure:6467: gcc -c -ansi -W -Wall -pedantic -Wshadow -Wpointer-arith -Wmissing-prototypes -Wwrite-strings -D_XOPEN_SOURCE=500 -D_BSD_SOURCE -O2  -O0 -g3 -Wall  conftest.c >&5
configure:6470: $? = 0
configure:6473: test -s conftest.o
configure:6476: $? = 0
configure:6487: result: yes
configure:6450: checking for unistd.h
configure:6467: gcc -c -ansi -W -Wall -pedantic -Wshadow -Wpointer-arith -Wmissing-prototypes -Wwrite-strings -D_XOPEN_SOURCE=500 -D_BSD_SOURCE -O2  -O0 -g3 -Wall  conftest.c >&5
configure:6470: $? = 0
configure:6473: test -s conftest.o
configure:6476: $? = 0
configure:6487: result: yes
configure:6513: checking dlfcn.h usability
configure:6526: gcc -c -ansi -W -Wall -pedantic -Wshadow -Wpointer-arith -Wmissing-prototypes -Wwrite-strings -D_XOPEN_SOURCE=500 -D_BSD_SOURCE -O2  -O0 -g3 -Wall  conftest.c >&5
configure:6529: $? = 0
configure:6532: test -s conftest.o
configure:6535: $? = 0
configure:6545: result: yes
configure:6549: checking dlfcn.h presence
configure:6560: gcc -E  conftest.c
configure:6566: $? = 0
configure:6585: result: yes
configure:6621: checking for dlfcn.h
configure:6628: result: yes
configure:6645: checking the maximum length of command line arguments
configure:6693: result: 32768
configure:6704: checking command to parse /usr/bin/nm -B output from gcc object
configure:6789: gcc -c -ansi -W -Wall -pedantic -Wshadow -Wpointer-arith -Wmissing-prototypes -Wwrite-strings -D_XOPEN_SOURCE=500 -D_BSD_SOURCE -O2  -O0 -g3 -Wall  conftest.c >&5
conftest.c:5: warning: no previous prototype for `nm_test_func'
configure:6792: $? = 0
configure:6796: /usr/bin/nm -B conftest.o \| sed -n -e 's/^.*[ 	]\([ABCDGISTW][ABCDGISTW]*\)[ 	][ 	]*\(\)\([_A-Za-z][_A-Za-z0-9]*\)$/\1 \2\3 \3/p' \> conftest.nm
configure:6799: $? = 0
configure:6851: gcc -o conftest -ansi -W -Wall -pedantic -Wshadow -Wpointer-arith -Wmissing-prototypes -Wwrite-strings -D_XOPEN_SOURCE=500 -D_BSD_SOURCE -O2  -O0 -g3 -Wall   conftest.c conftstm.o >&5
configure:6854: $? = 0
configure:6892: result: ok
configure:6896: checking for objdir
configure:6911: result: .libs
configure:7001: checking for ranlib
configure:7017: found /usr/bin/ranlib
configure:7028: result: ranlib
configure:7081: checking for strip
configure:7097: found /usr/bin/strip
configure:7108: result: strip
configure:7371: checking if gcc static flag  works
conftest.c:1: warning: return type defaults to `int'
configure:7394: result: no
configure:7411: checking if gcc supports -fno-rtti -fno-exceptions
cc1: warning: ignoring command line option '-fno-rtti'
cc1: warning: (it is valid for C++ but not the selected language)
cc1: warning: ignoring command line option '-fno-rtti'
cc1: warning: (it is valid for C++ but not the selected language)
configure:7435: result: no
configure:7450: checking for gcc option to produce PIC
configure:7603: result: -fPIC
configure:7610: checking if gcc PIC flag -fPIC works
configure:7634: result: yes
configure:7658: checking if gcc supports -c -o file.o
configure:7699: result: yes
configure:7725: checking whether the gcc linker (/usr/bin/ld) supports shared libraries
configure:8508: result: yes
configure:8530: checking whether -lc should be explicitly linked in
configure:8535: gcc -c -ansi -W -Wall -pedantic -Wshadow -Wpointer-arith -Wmissing-prototypes -Wwrite-strings -D_XOPEN_SOURCE=500 -D_BSD_SOURCE -O2  -O0 -g3 -Wall  conftest.c >&5
conftest.c:1: warning: `dummy' defined but not used
configure:8538: $? = 0
configure:8552: gcc -shared conftest.o  -v -Wl,-soname -Wl,conftest -o conftest 2\>\&1 \| grep  -lc  \>/dev/null 2\>\&1
configure:8555: $? = 0
configure:8567: result: no
configure:8573: checking how to hardcode library paths into programs
configure:8597: result: immediate
configure:8611: checking whether stripping libraries is possible
configure:8616: result: yes
configure:8623: checking dynamic linker characteristics
configure:9074: result: GNU/Linux ld.so
configure:9727: checking if libtool supports shared libraries
configure:9729: result: yes
configure:9732: checking whether to build shared libraries
configure:9753: result: yes
configure:9756: checking whether to build static libraries
configure:9760: result: no
configure:9839: creating libtool
configure:10564: checking whether the g++ linker (/usr/bin/ld) supports shared libraries
configure:11219: result: yes
configure:11236: g++ -c -Wnon-virtual-dtor -Wno-long-long -Wundef -Wall -pedantic -W -Wpointer-arith -Wmissing-prototypes -Wwrite-strings -ansi -D_XOPEN_SOURCE=500 -D_BSD_SOURCE -Wcast-align -Wconversion -O2 -O0 -g3 -Wall -fno-exceptions -fno-check-new  conftest.cc >&5
configure:11239: $? = 0
configure:11339: checking for g++ option to produce PIC
configure:11575: result: -fPIC
configure:11582: checking if g++ PIC flag -fPIC works
configure:11606: result: yes
configure:11630: checking if g++ supports -c -o file.o
configure:11671: result: yes
configure:11697: checking whether the g++ linker (/usr/bin/ld) supports shared libraries
configure:11719: result: yes
configure:11741: checking whether -lc should be explicitly linked in
configure:11746: g++ -c -Wnon-virtual-dtor -Wno-long-long -Wundef -Wall -pedantic -W -Wpointer-arith -Wmissing-prototypes -Wwrite-strings -ansi -D_XOPEN_SOURCE=500 -D_BSD_SOURCE -Wcast-align -Wconversion -O2 -O0 -g3 -Wall -fno-exceptions -fno-check-new  conftest.cc >&5
conftest.cc:1: warning: `int dummy' defined but not used
configure:11749: $? = 0
configure:11763: g++ -shared -nostdlib  conftest.o   -v -Wl,-soname -Wl,conftest -o conftest 2\>\&1 \| grep  -lc  \>/dev/null 2\>\&1
configure:11766: $? = 1
configure:11778: result: yes
configure:11784: checking how to hardcode library paths into programs
configure:11808: result: immediate
configure:11822: checking whether stripping libraries is possible
configure:11827: result: yes
configure:11834: checking dynamic linker characteristics
configure:12285: result: GNU/Linux ld.so
configure:13354: checking if gcj supports -fno-rtti -fno-exceptions
configure:13378: result: no
configure:13393: checking for gcj option to produce PIC
configure:13546: result: -fPIC
configure:13553: checking if gcj PIC flag -fPIC works
configure:13577: result: no
configure:13601: checking if gcj supports -c -o file.o
configure:13642: result: no
configure:13668: checking whether the gcj linker (/usr/bin/ld) supports shared libraries
configure:14451: result: yes
configure:14473: checking whether -lc should be explicitly linked in
configure:14478: gcj -c -ansi -W -Wall -pedantic -Wshadow -Wpointer-arith -Wmissing-prototypes -Wwrite-strings -D_XOPEN_SOURCE=500 -D_BSD_SOURCE -O2  -O0 -g3 -Wall  conftest.java >&5
./configure: line 1: gcj: command not found
configure:14481: $? = 127
configure:14510: result: yes
configure:14516: checking how to hardcode library paths into programs
configure:14540: result: immediate
configure:14554: checking whether stripping libraries is possible
configure:14559: result: yes
configure:14566: checking dynamic linker characteristics
configure:15017: result: GNU/Linux ld.so
configure:16562: checking for extra includes
configure:16590: result: no
configure:16594: checking for extra libs
configure:16623: result: no
configure:16654: checking if mdoc should be compiled
configure:16666: result: yes
configure:16782: creating ./config.status

## ---------------------- ##
## Running config.status. ##
## ---------------------- ##

This file was extended by config.status, which was
generated by GNU Autoconf 2.57.  Invocation command line was

  CONFIG_FILES    = 
  CONFIG_HEADERS  = 
  CONFIG_LINKS    = 
  CONFIG_COMMANDS = 
  $ ./config.status 

on tux03

config.status:611: creating config.h
config.status:828: executing default-1 commands

## ---------------- ##
## Cache variables. ##
## ---------------- ##

ac_cv_build=i686-pc-linux-gnu
ac_cv_build_alias=i686-pc-linux-gnu
ac_cv_c_compiler_gnu=yes
ac_cv_cxx_compiler_gnu=yes
ac_cv_env_CC_set=
ac_cv_env_CC_value=
ac_cv_env_CFLAGS_set=set
ac_cv_env_CFLAGS_value='-O0 -g3 -Wall'
ac_cv_env_CPPFLAGS_set=
ac_cv_env_CPPFLAGS_value=
ac_cv_env_CPP_set=
ac_cv_env_CPP_value=
ac_cv_env_CXXCPP_set=
ac_cv_env_CXXCPP_value=
ac_cv_env_CXXFLAGS_set=set
ac_cv_env_CXXFLAGS_value='-O0 -g3 -Wall'
ac_cv_env_CXX_set=
ac_cv_env_CXX_value=
ac_cv_env_LDFLAGS_set=set
ac_cv_env_LDFLAGS_value=
ac_cv_env_build_alias_set=
ac_cv_env_build_alias_value=
ac_cv_env_host_alias_set=
ac_cv_env_host_alias_value=
ac_cv_env_target_alias_set=
ac_cv_env_target_alias_value=
ac_cv_exeext=
ac_cv_header_dlfcn_h=yes
ac_cv_header_inttypes_h=yes
ac_cv_header_memory_h=yes
ac_cv_header_stdc=yes
ac_cv_header_stdint_h=yes
ac_cv_header_stdlib_h=yes
ac_cv_header_string_h=yes
ac_cv_header_strings_h=yes
ac_cv_header_sys_stat_h=yes
ac_cv_header_sys_types_h=yes
ac_cv_header_unistd_h=yes
ac_cv_host=i686-pc-linux-gnu
ac_cv_host_alias=i686-pc-linux-gnu
ac_cv_objext=o
ac_cv_path_install='/usr/bin/install -c'
ac_cv_prog_AWK=mawk
ac_cv_prog_CPP='gcc -E'
ac_cv_prog_CXXCPP='g++ -E'
ac_cv_prog_ac_ct_CC=gcc
ac_cv_prog_ac_ct_CXX=g++
ac_cv_prog_ac_ct_RANLIB=ranlib
ac_cv_prog_ac_ct_STRIP=strip
ac_cv_prog_cc_g=yes
ac_cv_prog_cc_stdc=
ac_cv_prog_cxx_g=yes
ac_cv_prog_egrep='grep -E'
ac_cv_prog_make_make_set=yes
ac_cv_target=i686-pc-linux-gnu
ac_cv_target_alias=i686-pc-linux-gnu
am_cv_CC_dependencies_compiler_type=gcc3
am_cv_CXX_dependencies_compiler_type=gcc3
kde_cv_prog_cxx_Wno_long_long=yes
kde_cv_prog_cxx_Wnon_virtual_dtor=yes
kde_cv_prog_cxx_Wundef=yes
kde_cv_prog_cxx_fexceptions=yes
kde_cv_prog_cxx_fno_check_new=yes
kde_cv_prog_cxx_fno_exceptions=yes
kde_cv_prog_cxx_frepo=yes
lt_cv_deplibs_check_method=pass_all
lt_cv_file_magic_cmd='$MAGIC_CMD'
lt_cv_file_magic_test_file='/lib/libc.so.6 /lib/libc-2.3.1.so'
lt_cv_ld_reload_flag=-r
lt_cv_objdir=.libs
lt_cv_path_LD=/usr/bin/ld
lt_cv_path_NM='/usr/bin/nm -B'
lt_cv_path_SED=/bin/sed
lt_cv_prog_compiler_c_o=yes
lt_cv_prog_compiler_c_o_CXX=yes
lt_cv_prog_compiler_c_o_GCJ=no
lt_cv_prog_compiler_rtti_exceptions=no
lt_cv_prog_gnu_ld=yes
lt_cv_sys_global_symbol_pipe='sed -n -e '\''s/^.*[ 	]\([ABCDGISTW][ABCDGISTW]*\)[ 	][ 	]*\(\)\([_A-Za-z][_A-Za-z0-9]*\)$/\1 \2\3 \3/p'\'''
lt_cv_sys_global_symbol_to_c_name_address='sed -n -e '\''s/^: \([^ ]*\) $/  {\"\1\", (lt_ptr) 0},/p'\'' -e '\''s/^[BCDEGRST] \([^ ]*\) \([^ ]*\)$/  {"\2", (lt_ptr) \&\2},/p'\'''
lt_cv_sys_global_symbol_to_cdecl='sed -n -e '\''s/^. .* \(.*\)$/extern int \1;/p'\'''
lt_cv_sys_max_cmd_len=32768
lt_lt_cv_prog_compiler_c_o='"yes"'
lt_lt_cv_prog_compiler_c_o_CXX='"yes"'
lt_lt_cv_prog_compiler_c_o_GCJ='"no"'
lt_lt_cv_sys_global_symbol_pipe='"sed -n -e '\''s/^.*[ 	]\\([ABCDGISTW][ABCDGISTW]*\\)[ 	][ 	]*\\(\\)\\([_A-Za-z][_A-Za-z0-9]*\\)\$/\\1 \\2\\3 \\3/p'\''"'
lt_lt_cv_sys_global_symbol_to_c_name_address='"sed -n -e '\''s/^: \\([^ ]*\\) \$/  {\\\"\\1\\\", (lt_ptr) 0},/p'\'' -e '\''s/^[BCDEGRST] \\([^ ]*\\) \\([^ ]*\\)\$/  {\"\\2\", (lt_ptr) \\&\\2},/p'\''"'
lt_lt_cv_sys_global_symbol_to_cdecl='"sed -n -e '\''s/^. .* \\(.*\\)\$/extern int \\1;/p'\''"'

## ----------------- ##
## Output variables. ##
## ----------------- ##

ACLOCAL='${SHELL} /coding/mdoc/admin/missing --run aclocal'
AMDEPBACKSLASH='\'
AMDEP_FALSE='#'
AMDEP_TRUE=''
AMTAR='${SHELL} /coding/mdoc/admin/missing --run tar'
AUTOCONF='${SHELL} /coding/mdoc/admin/missing --run autoconf'
AUTODIRS=''
AUTOHEADER='${SHELL} /coding/mdoc/admin/missing --run autoheader'
AUTOMAKE='${SHELL} /coding/mdoc/admin/missing --run automake'
AWK='mawk'
CC='gcc'
CCDEPMODE='depmode=gcc3'
CFLAGS='-ansi -W -Wall -pedantic -Wshadow -Wpointer-arith -Wmissing-prototypes -Wwrite-strings -D_XOPEN_SOURCE=500 -D_BSD_SOURCE -O2  -O0 -g3 -Wall'
CONF_FILES=' $(top_srcdir)/configure.in.in'
CPP='gcc -E'
CPPFLAGS=''
CXX='g++'
CXXCPP='g++ -E'
CXXDEPMODE='depmode=gcc3'
CXXFLAGS='-Wnon-virtual-dtor -Wno-long-long -Wundef -Wall -pedantic -W -Wpointer-arith -Wmissing-prototypes -Wwrite-strings -ansi -D_XOPEN_SOURCE=500 -D_BSD_SOURCE -Wcast-align -Wconversion -O2 -O0 -g3 -Wall -fno-exceptions -fno-check-new'
DEFS='-DHAVE_CONFIG_H'
DEPDIR='.deps'
ECHO='echo'
ECHO_C=''
ECHO_N='-n'
ECHO_T=''
EGREP='grep -E'
EXEEXT=''
INSTALL_DATA='${INSTALL} -m 644'
INSTALL_PROGRAM='${INSTALL} $(INSTALL_STRIP_FLAG)'
INSTALL_SCRIPT='${INSTALL}'
INSTALL_STRIP_PROGRAM='${SHELL} $(install_sh) -c -s'
KDE_PLUGIN='-avoid-version -module -no-undefined $(KDE_RPATH) $(KDE_MT_LDFLAGS)'
KDE_USE_CLOSURE_FALSE='#'
KDE_USE_CLOSURE_TRUE=''
KDE_USE_FINAL_FALSE=''
KDE_USE_FINAL_TRUE='#'
LDFLAGS=''
LIBOBJS=''
LIBS=''
LIBTOOL='$(SHELL) $(top_builddir)/libtool --silent'
LN_S='ln -s'
LTLIBOBJS=''
MAKEINFO='${SHELL} /coding/mdoc/admin/missing --run makeinfo'
NOOPT_CFLAGS='-O0'
NOOPT_CXXFLAGS='-O0'
NOREPO='-fno-repo'
OBJEXT='o'
PACKAGE='mdoc'
PACKAGE_BUGREPORT=''
PACKAGE_NAME=''
PACKAGE_STRING=''
PACKAGE_TARNAME=''
PACKAGE_VERSION=''
PATH_SEPARATOR=':'
RANLIB='ranlib'
REPO='-frepo'
SET_MAKE=''
SHELL='/bin/sh'
STRIP='strip'
TOPSUBDIRS=' mdoc'
USER_INCLUDES=''
USER_LDFLAGS=''
USE_EXCEPTIONS='-fexceptions'
USE_RTTI=''
VERSION='0.1'
WOVERLOADED_VIRTUAL=''
ac_ct_CC='gcc'
ac_ct_CXX='g++'
ac_ct_RANLIB='ranlib'
ac_ct_STRIP='strip'
all_includes=' '
all_libraries=' '
am__include='include'
am__quote=''
bindir='${exec_prefix}/bin'
build='i686-pc-linux-gnu'
build_alias=''
build_cpu='i686'
build_os='linux-gnu'
build_vendor='pc'
datadir='${prefix}/share'
exec_prefix='${prefix}'
host='i686-pc-linux-gnu'
host_alias=''
host_cpu='i686'
host_os='linux-gnu'
host_vendor='pc'
includedir='${prefix}/include'
infodir='${prefix}/info'
install_sh='/coding/mdoc/admin/install-sh'
libdir='${exec_prefix}/lib'
libexecdir='${exec_prefix}/libexec'
localstatedir='${prefix}/var'
mandir='${prefix}/man'
oldincludedir='/usr/include'
prefix='/usr/local'
program_transform_name='s,x,x,'
sbindir='${exec_prefix}/sbin'
sharedstatedir='${prefix}/com'
sysconfdir='${prefix}/etc'
target='i686-pc-linux-gnu'
target_alias=''
target_cpu='i686'
target_os='linux-gnu'
target_vendor='pc'

## ----------- ##
## confdefs.h. ##
## ----------- ##

#define HAVE_DLFCN_H 1
#define HAVE_INTTYPES_H 1
#define HAVE_MEMORY_H 1
#define HAVE_STDINT_H 1
#define HAVE_STDLIB_H 1
#define HAVE_STRINGS_H 1
#define HAVE_STRING_H 1
#define HAVE_SYS_STAT_H 1
#define HAVE_SYS_TYPES_H 1
#define HAVE_TEMPLATE_REPOSITORY 1
#define HAVE_UNISTD_H 1
#define KDELIBSUFF ""
#define PACKAGE "mdoc"
#define PACKAGE_BUGREPORT ""
#define PACKAGE_NAME ""
#define PACKAGE_STRING ""
#define PACKAGE_TARNAME ""
#define PACKAGE_VERSION ""
#define STDC_HEADERS 1
#define VERSION "0.1"
#endif
#ifdef __cplusplus
extern "C" void std::exit (int) throw (); using std::exit;

configure: exit 0

## ---------------------- ##
## Running config.status. ##
## ---------------------- ##

This file was extended by config.status, which was
generated by GNU Autoconf 2.57.  Invocation command line was

  CONFIG_FILES    = 
  CONFIG_HEADERS  = config.h
  CONFIG_LINKS    = 
  CONFIG_COMMANDS = 
  $ ./config.status 

on tux03

config.status:611: creating config.h
config.status:722: config.h is unchanged
config.status:828: executing default-1 commands

## ---------------------- ##
## Running config.status. ##
## ---------------------- ##

This file was extended by config.status, which was
generated by GNU Autoconf 2.57.  Invocation command line was

  CONFIG_FILES    = Makefile
  CONFIG_HEADERS  = 
  CONFIG_LINKS    = 
  CONFIG_COMMANDS = 
  $ ./config.status 

on tux03

config.status:828: executing default-1 commands

## ---------------------- ##
## Running config.status. ##
## ---------------------- ##

This file was extended by config.status, which was
generated by GNU Autoconf 2.57.  Invocation command line was

  CONFIG_FILES    = mdoc/Makefile
  CONFIG_HEADERS  = 
  CONFIG_LINKS    = 
  CONFIG_COMMANDS = 
  $ ./config.status 

on tux03

config.status:828: executing default-1 commands
