The system is: Linux - 2.6.20.3 - unknown
Determining if the C compiler is GNU succeeded with the following output:
# 1 "/usr/local/share/cmake-2.4/Modules/CMakeTestGNU.c"
# 1 "<built-in>"
# 1 "<command line>"
# 1 "/usr/local/share/cmake-2.4/Modules/CMakeTestGNU.c"

void THIS_IS_GNU();

Determining if the C++ compiler is GNU succeeded with the following output:
# 1 "/usr/local/share/cmake-2.4/Modules/CMakeTestGNU.c"
# 1 "<eingebaut>"
# 1 "<Kommandozeile>"
# 1 "/usr/local/share/cmake-2.4/Modules/CMakeTestGNU.c"

void THIS_IS_GNU();

Determining if the C compiler works passed with the following output:
/usr/local/bin/make -f CMakeFiles/cmTryCompileExec.dir/build.make CMakeFiles/cmTryCompileExec.dir/build
make[1]: Entering directory `/mnt/crypto/matrix23/arbeit/svn-mdk2/m23helper/khtml2png2.5.0/CMakeFiles/CMakeTmp'
/usr/local/bin/cmake -E cmake_progress_report /mdk/m23helper/khtml2png2.5.0/CMakeFiles/CMakeTmp/CMakeFiles 1
Building C object CMakeFiles/cmTryCompileExec.dir/testCCompiler.o
/usr/local/bin/gcc   -o CMakeFiles/cmTryCompileExec.dir/testCCompiler.o   -c /mdk/m23helper/khtml2png2.5.0/CMakeFiles/CMakeTmp/testCCompiler.c
Linking C executable cmTryCompileExec
/usr/local/bin/cmake -P CMakeFiles/cmTryCompileExec.dir/cmake_clean_target.cmake
/usr/local/bin/gcc        -fPIC "CMakeFiles/cmTryCompileExec.dir/testCCompiler.o"   -o cmTryCompileExec -rdynamic 
make[1]: Leaving directory `/mnt/crypto/matrix23/arbeit/svn-mdk2/m23helper/khtml2png2.5.0/CMakeFiles/CMakeTmp'


Determining size of void* passed with the following output:
/usr/local/bin/make -f CMakeFiles/cmTryCompileExec.dir/build.make CMakeFiles/cmTryCompileExec.dir/build
make[1]: Entering directory `/mnt/crypto/matrix23/arbeit/svn-mdk2/m23helper/khtml2png2.5.0/CMakeFiles/CMakeTmp'
/usr/local/bin/cmake -E cmake_progress_report /mdk/m23helper/khtml2png2.5.0/CMakeFiles/CMakeTmp/CMakeFiles 1
Building C object CMakeFiles/cmTryCompileExec.dir/CheckTypeSize.o
/usr/local/bin/gcc   -o CMakeFiles/cmTryCompileExec.dir/CheckTypeSize.o   -c /mdk/m23helper/khtml2png2.5.0/CMakeFiles/CMakeTmp/CheckTypeSize.c
Linking C executable cmTryCompileExec
/usr/local/bin/cmake -P CMakeFiles/cmTryCompileExec.dir/cmake_clean_target.cmake
/usr/local/bin/gcc        -fPIC "CMakeFiles/cmTryCompileExec.dir/CheckTypeSize.o"   -o cmTryCompileExec -rdynamic 
make[1]: Leaving directory `/mnt/crypto/matrix23/arbeit/svn-mdk2/m23helper/khtml2png2.5.0/CMakeFiles/CMakeTmp'


Determining if the CXX compiler works passed with the following output:
/usr/local/bin/make -f CMakeFiles/cmTryCompileExec.dir/build.make CMakeFiles/cmTryCompileExec.dir/build
make[1]: Entering directory `/mnt/crypto/matrix23/arbeit/svn-mdk2/m23helper/khtml2png2.5.0/CMakeFiles/CMakeTmp'
/usr/local/bin/cmake -E cmake_progress_report /mdk/m23helper/khtml2png2.5.0/CMakeFiles/CMakeTmp/CMakeFiles 1
Building CXX object CMakeFiles/cmTryCompileExec.dir/testCXXCompiler.o
/usr/local/bin/c++    -o CMakeFiles/cmTryCompileExec.dir/testCXXCompiler.o -c /mdk/m23helper/khtml2png2.5.0/CMakeFiles/CMakeTmp/testCXXCompiler.cxx
Linking CXX executable cmTryCompileExec
/usr/local/bin/cmake -P CMakeFiles/cmTryCompileExec.dir/cmake_clean_target.cmake
/usr/local/bin/c++         -fPIC "CMakeFiles/cmTryCompileExec.dir/testCXXCompiler.o"   -o cmTryCompileExec -rdynamic 
make[1]: Leaving directory `/mnt/crypto/matrix23/arbeit/svn-mdk2/m23helper/khtml2png2.5.0/CMakeFiles/CMakeTmp'


Determining if the function XOpenDisplay exists in the /usr/lib/libX11.so;/usr/lib/libXext.so passed with the following output:
/usr/local/bin/make -f CMakeFiles/cmTryCompileExec.dir/build.make CMakeFiles/cmTryCompileExec.dir/build
make[1]: Entering directory `/mnt/crypto/matrix23/arbeit/svn-mdk2/m23helper/khtml2png2.5.0/CMakeFiles/CMakeTmp'
/usr/local/bin/cmake -E cmake_progress_report /mdk/m23helper/khtml2png2.5.0/CMakeFiles/CMakeTmp/CMakeFiles 1
Building C object CMakeFiles/cmTryCompileExec.dir/usr/local/share/cmake-2.4/Modules/CheckFunctionExists.o
/usr/local/bin/gcc  -DCHECK_FUNCTION_EXISTS=XOpenDisplay   -o CMakeFiles/cmTryCompileExec.dir/usr/local/share/cmake-2.4/Modules/CheckFunctionExists.o   -c /usr/local/share/cmake-2.4/Modules/CheckFunctionExists.c
Linking C executable cmTryCompileExec
/usr/local/bin/cmake -P CMakeFiles/cmTryCompileExec.dir/cmake_clean_target.cmake
/usr/local/bin/gcc      -DCHECK_FUNCTION_EXISTS=XOpenDisplay  -fPIC "CMakeFiles/cmTryCompileExec.dir/usr/local/share/cmake-2.4/Modules/CheckFunctionExists.o"   -o cmTryCompileExec -rdynamic -lX11 -lXext 
make[1]: Leaving directory `/mnt/crypto/matrix23/arbeit/svn-mdk2/m23helper/khtml2png2.5.0/CMakeFiles/CMakeTmp'


Determining if the function gethostbyname exists passed with the following output:
/usr/local/bin/make -f CMakeFiles/cmTryCompileExec.dir/build.make CMakeFiles/cmTryCompileExec.dir/build
make[1]: Entering directory `/mnt/crypto/matrix23/arbeit/svn-mdk2/m23helper/khtml2png2.5.0/CMakeFiles/CMakeTmp'
/usr/local/bin/cmake -E cmake_progress_report /mdk/m23helper/khtml2png2.5.0/CMakeFiles/CMakeTmp/CMakeFiles 1
Building C object CMakeFiles/cmTryCompileExec.dir/usr/local/share/cmake-2.4/Modules/CheckFunctionExists.o
/usr/local/bin/gcc  -DCHECK_FUNCTION_EXISTS=gethostbyname   -o CMakeFiles/cmTryCompileExec.dir/usr/local/share/cmake-2.4/Modules/CheckFunctionExists.o   -c /usr/local/share/cmake-2.4/Modules/CheckFunctionExists.c
Linking C executable cmTryCompileExec
/usr/local/bin/cmake -P CMakeFiles/cmTryCompileExec.dir/cmake_clean_target.cmake
/usr/local/bin/gcc      -DCHECK_FUNCTION_EXISTS=gethostbyname  -fPIC "CMakeFiles/cmTryCompileExec.dir/usr/local/share/cmake-2.4/Modules/CheckFunctionExists.o"   -o cmTryCompileExec -rdynamic 
make[1]: Leaving directory `/mnt/crypto/matrix23/arbeit/svn-mdk2/m23helper/khtml2png2.5.0/CMakeFiles/CMakeTmp'


Determining if the function connect exists passed with the following output:
/usr/local/bin/make -f CMakeFiles/cmTryCompileExec.dir/build.make CMakeFiles/cmTryCompileExec.dir/build
make[1]: Entering directory `/mnt/crypto/matrix23/arbeit/svn-mdk2/m23helper/khtml2png2.5.0/CMakeFiles/CMakeTmp'
/usr/local/bin/cmake -E cmake_progress_report /mdk/m23helper/khtml2png2.5.0/CMakeFiles/CMakeTmp/CMakeFiles 1
Building C object CMakeFiles/cmTryCompileExec.dir/usr/local/share/cmake-2.4/Modules/CheckFunctionExists.o
/usr/local/bin/gcc  -DCHECK_FUNCTION_EXISTS=connect   -o CMakeFiles/cmTryCompileExec.dir/usr/local/share/cmake-2.4/Modules/CheckFunctionExists.o   -c /usr/local/share/cmake-2.4/Modules/CheckFunctionExists.c
Linking C executable cmTryCompileExec
/usr/local/bin/cmake -P CMakeFiles/cmTryCompileExec.dir/cmake_clean_target.cmake
/usr/local/bin/gcc      -DCHECK_FUNCTION_EXISTS=connect  -fPIC "CMakeFiles/cmTryCompileExec.dir/usr/local/share/cmake-2.4/Modules/CheckFunctionExists.o"   -o cmTryCompileExec -rdynamic 
make[1]: Leaving directory `/mnt/crypto/matrix23/arbeit/svn-mdk2/m23helper/khtml2png2.5.0/CMakeFiles/CMakeTmp'


Determining if the function remove exists passed with the following output:
/usr/local/bin/make -f CMakeFiles/cmTryCompileExec.dir/build.make CMakeFiles/cmTryCompileExec.dir/build
make[1]: Entering directory `/mnt/crypto/matrix23/arbeit/svn-mdk2/m23helper/khtml2png2.5.0/CMakeFiles/CMakeTmp'
/usr/local/bin/cmake -E cmake_progress_report /mdk/m23helper/khtml2png2.5.0/CMakeFiles/CMakeTmp/CMakeFiles 1
Building C object CMakeFiles/cmTryCompileExec.dir/usr/local/share/cmake-2.4/Modules/CheckFunctionExists.o
/usr/local/bin/gcc  -DCHECK_FUNCTION_EXISTS=remove   -o CMakeFiles/cmTryCompileExec.dir/usr/local/share/cmake-2.4/Modules/CheckFunctionExists.o   -c /usr/local/share/cmake-2.4/Modules/CheckFunctionExists.c
Linking C executable cmTryCompileExec
/usr/local/bin/cmake -P CMakeFiles/cmTryCompileExec.dir/cmake_clean_target.cmake
/usr/local/bin/gcc      -DCHECK_FUNCTION_EXISTS=remove  -fPIC "CMakeFiles/cmTryCompileExec.dir/usr/local/share/cmake-2.4/Modules/CheckFunctionExists.o"   -o cmTryCompileExec -rdynamic 
make[1]: Leaving directory `/mnt/crypto/matrix23/arbeit/svn-mdk2/m23helper/khtml2png2.5.0/CMakeFiles/CMakeTmp'


Determining if the function shmat exists passed with the following output:
/usr/local/bin/make -f CMakeFiles/cmTryCompileExec.dir/build.make CMakeFiles/cmTryCompileExec.dir/build
make[1]: Entering directory `/mnt/crypto/matrix23/arbeit/svn-mdk2/m23helper/khtml2png2.5.0/CMakeFiles/CMakeTmp'
/usr/local/bin/cmake -E cmake_progress_report /mdk/m23helper/khtml2png2.5.0/CMakeFiles/CMakeTmp/CMakeFiles 1
Building C object CMakeFiles/cmTryCompileExec.dir/usr/local/share/cmake-2.4/Modules/CheckFunctionExists.o
/usr/local/bin/gcc  -DCHECK_FUNCTION_EXISTS=shmat   -o CMakeFiles/cmTryCompileExec.dir/usr/local/share/cmake-2.4/Modules/CheckFunctionExists.o   -c /usr/local/share/cmake-2.4/Modules/CheckFunctionExists.c
Linking C executable cmTryCompileExec
/usr/local/bin/cmake -P CMakeFiles/cmTryCompileExec.dir/cmake_clean_target.cmake
/usr/local/bin/gcc      -DCHECK_FUNCTION_EXISTS=shmat  -fPIC "CMakeFiles/cmTryCompileExec.dir/usr/local/share/cmake-2.4/Modules/CheckFunctionExists.o"   -o cmTryCompileExec -rdynamic 
make[1]: Leaving directory `/mnt/crypto/matrix23/arbeit/svn-mdk2/m23helper/khtml2png2.5.0/CMakeFiles/CMakeTmp'


Determining if the function IceConnectionNumber exists in the ICE passed with the following output:
/usr/local/bin/make -f CMakeFiles/cmTryCompileExec.dir/build.make CMakeFiles/cmTryCompileExec.dir/build
make[1]: Entering directory `/mnt/crypto/matrix23/arbeit/svn-mdk2/m23helper/khtml2png2.5.0/CMakeFiles/CMakeTmp'
/usr/local/bin/cmake -E cmake_progress_report /mdk/m23helper/khtml2png2.5.0/CMakeFiles/CMakeTmp/CMakeFiles 1
Building C object CMakeFiles/cmTryCompileExec.dir/usr/local/share/cmake-2.4/Modules/CheckFunctionExists.o
/usr/local/bin/gcc  -DCHECK_FUNCTION_EXISTS=IceConnectionNumber   -o CMakeFiles/cmTryCompileExec.dir/usr/local/share/cmake-2.4/Modules/CheckFunctionExists.o   -c /usr/local/share/cmake-2.4/Modules/CheckFunctionExists.c
Linking C executable cmTryCompileExec
/usr/local/bin/cmake -P CMakeFiles/cmTryCompileExec.dir/cmake_clean_target.cmake
/usr/local/bin/gcc      -DCHECK_FUNCTION_EXISTS=IceConnectionNumber  -fPIC "CMakeFiles/cmTryCompileExec.dir/usr/local/share/cmake-2.4/Modules/CheckFunctionExists.o"   -o cmTryCompileExec -rdynamic -lICE 
make[1]: Leaving directory `/mnt/crypto/matrix23/arbeit/svn-mdk2/m23helper/khtml2png2.5.0/CMakeFiles/CMakeTmp'


Determining if the include file pthread.h exists passed with the following output:
/usr/local/bin/make -f CMakeFiles/cmTryCompileExec.dir/build.make CMakeFiles/cmTryCompileExec.dir/build
make[1]: Entering directory `/mnt/crypto/matrix23/arbeit/svn-mdk2/m23helper/khtml2png2.5.0/CMakeFiles/CMakeTmp'
/usr/local/bin/cmake -E cmake_progress_report /mdk/m23helper/khtml2png2.5.0/CMakeFiles/CMakeTmp/CMakeFiles 1
Building C object CMakeFiles/cmTryCompileExec.dir/CheckIncludeFile.o
/usr/local/bin/gcc   -o CMakeFiles/cmTryCompileExec.dir/CheckIncludeFile.o   -c /mdk/m23helper/khtml2png2.5.0/CMakeFiles/CMakeTmp/CheckIncludeFile.c
Linking C executable cmTryCompileExec
/usr/local/bin/cmake -P CMakeFiles/cmTryCompileExec.dir/cmake_clean_target.cmake
/usr/local/bin/gcc        -fPIC "CMakeFiles/cmTryCompileExec.dir/CheckIncludeFile.o"   -o cmTryCompileExec -rdynamic 
make[1]: Leaving directory `/mnt/crypto/matrix23/arbeit/svn-mdk2/m23helper/khtml2png2.5.0/CMakeFiles/CMakeTmp'


Determining if the function pthread_create exists in the pthread passed with the following output:
/usr/local/bin/make -f CMakeFiles/cmTryCompileExec.dir/build.make CMakeFiles/cmTryCompileExec.dir/build
make[1]: Entering directory `/mnt/crypto/matrix23/arbeit/svn-mdk2/m23helper/khtml2png2.5.0/CMakeFiles/CMakeTmp'
/usr/local/bin/cmake -E cmake_progress_report /mdk/m23helper/khtml2png2.5.0/CMakeFiles/CMakeTmp/CMakeFiles 1
Building C object CMakeFiles/cmTryCompileExec.dir/usr/local/share/cmake-2.4/Modules/CheckFunctionExists.o
/usr/local/bin/gcc  -DCHECK_FUNCTION_EXISTS=pthread_create   -o CMakeFiles/cmTryCompileExec.dir/usr/local/share/cmake-2.4/Modules/CheckFunctionExists.o   -c /usr/local/share/cmake-2.4/Modules/CheckFunctionExists.c
Linking C executable cmTryCompileExec
/usr/local/bin/cmake -P CMakeFiles/cmTryCompileExec.dir/cmake_clean_target.cmake
/usr/local/bin/gcc      -DCHECK_FUNCTION_EXISTS=pthread_create  -fPIC "CMakeFiles/cmTryCompileExec.dir/usr/local/share/cmake-2.4/Modules/CheckFunctionExists.o"   -o cmTryCompileExec -rdynamic -lpthread 
make[1]: Leaving directory `/mnt/crypto/matrix23/arbeit/svn-mdk2/m23helper/khtml2png2.5.0/CMakeFiles/CMakeTmp'


