This is pdfTeX, Version 3.1415926-2.4-1.40.13 (TeX Live 2012/Debian) (format=pdflatex 2012.11.19)  22 NOV 2012 21:42
entering extended mode
 restricted \write18 enabled.
 %&-line parsing enabled.
**manual.tex
(./manual.tex
LaTeX2e <2011/06/27>
Babel <v3.8m> and hyphenation patterns for english, dumylang, nohyphenation, ng
erman, german, swissgerman, ngerman-x-2012-05-30, german-x-2012-05-30, loaded.
(/usr/share/texlive/texmf-dist/tex/latex/base/report.cls
Document Class: report 2007/10/19 v1.4h Standard LaTeX document class
(/usr/share/texlive/texmf-dist/tex/latex/base/size10.clo
File: size10.clo 2007/10/19 v1.4h Standard LaTeX file (size option)
)
\c@part=\count79
\c@chapter=\count80
\c@section=\count81
\c@subsection=\count82
\c@subsubsection=\count83
\c@paragraph=\count84
\c@subparagraph=\count85
\c@figure=\count86
\c@table=\count87
\abovecaptionskip=\skip41
\belowcaptionskip=\skip42
\bibindent=\dimen102
)
(/usr/share/texlive/texmf-dist/tex/latex/url/url.sty
\Urlmuskip=\muskip10
Package: url 2006/04/12  ver 3.3  Verb mode for urls, etc.
)
(/usr/share/texlive/texmf-dist/tex/latex/graphics/color.sty
Package: color 2005/11/14 v1.0j Standard LaTeX Color (DPC)

(/usr/share/texlive/texmf-dist/tex/latex/latexconfig/color.cfg
File: color.cfg 2007/01/18 v1.5 color configuration of teTeX/TeXLive
)
Package color Info: Driver file: pdftex.def on input line 130.

(/usr/share/texlive/texmf-dist/tex/latex/pdftex-def/pdftex.def
File: pdftex.def 2011/05/27 v0.06d Graphics/color for pdfTeX

(/usr/share/texlive/texmf-dist/tex/generic/oberdiek/infwarerr.sty
Package: infwarerr 2010/04/08 v1.3 Providing info/warning/error messages (HO)
)
(/usr/share/texlive/texmf-dist/tex/generic/oberdiek/ltxcmds.sty
Package: ltxcmds 2011/11/09 v1.22 LaTeX kernel commands for general use (HO)
)
\Gread@gobject=\count88
))
(/usr/share/texlive/texmf-dist/tex/latex/psnfss/times.sty
Package: times 2005/04/12 PSNFSS-v9.2a (SPQR) 
)
(/usr/share/texlive/texmf-dist/tex/latex/amsfonts/amssymb.sty
Package: amssymb 2009/06/22 v3.00

(/usr/share/texlive/texmf-dist/tex/latex/amsfonts/amsfonts.sty
Package: amsfonts 2009/06/22 v3.00 Basic AMSFonts support
\@emptytoks=\toks14
\symAMSa=\mathgroup4
\symAMSb=\mathgroup5
LaTeX Font Info:    Overwriting math alphabet `\mathfrak' in version `bold'
(Font)                  U/euf/m/n --> U/euf/b/n on input line 96.
))
(/usr/share/texlive/texmf-dist/tex/latex/amsmath/amsmath.sty
Package: amsmath 2000/07/18 v2.13 AMS math features
\@mathmargin=\skip43

For additional information on amsmath, use the `?' option.
(/usr/share/texlive/texmf-dist/tex/latex/amsmath/amstext.sty
Package: amstext 2000/06/29 v2.01

(/usr/share/texlive/texmf-dist/tex/latex/amsmath/amsgen.sty
File: amsgen.sty 1999/11/30 v2.0
\@emptytoks=\toks15
\ex@=\dimen103
))
(/usr/share/texlive/texmf-dist/tex/latex/amsmath/amsbsy.sty
Package: amsbsy 1999/11/29 v1.2d
\pmbraise@=\dimen104
)
(/usr/share/texlive/texmf-dist/tex/latex/amsmath/amsopn.sty
Package: amsopn 1999/12/14 v2.01 operator names
)
\inf@bad=\count89
LaTeX Info: Redefining \frac on input line 211.
\uproot@=\count90
\leftroot@=\count91
LaTeX Info: Redefining \overline on input line 307.
\classnum@=\count92
\DOTSCASE@=\count93
LaTeX Info: Redefining \ldots on input line 379.
LaTeX Info: Redefining \dots on input line 382.
LaTeX Info: Redefining \cdots on input line 467.
\Mathstrutbox@=\box26
\strutbox@=\box27
\big@size=\dimen105
LaTeX Font Info:    Redeclaring font encoding OML on input line 567.
LaTeX Font Info:    Redeclaring font encoding OMS on input line 568.
\macc@depth=\count94
\c@MaxMatrixCols=\count95
\dotsspace@=\muskip11
\c@parentequation=\count96
\dspbrk@lvl=\count97
\tag@help=\toks16
\row@=\count98
\column@=\count99
\maxfields@=\count100
\andhelp@=\toks17
\eqnshift@=\dimen106
\alignsep@=\dimen107
\tagshift@=\dimen108
\tagwidth@=\dimen109
\totwidth@=\dimen110
\lineht@=\dimen111
\@envbody=\toks18
\multlinegap=\skip44
\multlinetaggap=\skip45
\mathdisplay@stack=\toks19
LaTeX Info: Redefining \[ on input line 2666.
LaTeX Info: Redefining \] on input line 2667.
)
(/usr/share/texlive/texmf-dist/tex/latex/tools/verbatim.sty
Package: verbatim 2003/08/22 v1.5q LaTeX2e package for verbatim enhancements
\every@verbatim=\toks20
\verbatim@line=\toks21
\verbatim@in@stream=\read1
)
(/usr/share/texlive/texmf-dist/tex/latex/vmargin/vmargin.sty
Package: vmargin 2004/07/15 V2.5 set document margins (VK)

Package: vmargin 2004/07/15 V2.5 set document margins (VK)
\PaperWidth=\dimen112
\PaperHeight=\dimen113
) (/usr/share/texlive/texmf-dist/tex/latex/base/t1enc.sty
Package: t1enc 1994/06/01 Standard LaTeX package
)
(/usr/share/texlive/texmf-dist/tex/latex/base/fontenc.sty
Package: fontenc 2005/09/27 v1.99g Standard LaTeX package

(/usr/share/texlive/texmf-dist/tex/latex/base/t1enc.def
File: t1enc.def 2005/09/27 v1.99g Standard LaTeX file
LaTeX Font Info:    Redeclaring font encoding T1 on input line 43.
))
(/usr/share/texlive/texmf-dist/tex/latex/base/inputenc.sty
Package: inputenc 2008/03/30 v1.1d Input encoding file
\inpenc@prehook=\toks22
\inpenc@posthook=\toks23

(/usr/share/texlive/texmf-dist/tex/latex/base/latin1.def
File: latin1.def 2008/03/30 v1.1d Input encoding file
))
(/usr/share/texlive/texmf-dist/tex/latex/graphics/graphicx.sty
Package: graphicx 1999/02/16 v1.0f Enhanced LaTeX Graphics (DPC,SPQR)

(/usr/share/texlive/texmf-dist/tex/latex/graphics/keyval.sty
Package: keyval 1999/03/16 v1.13 key=value parser (DPC)
\KV@toks@=\toks24
)
(/usr/share/texlive/texmf-dist/tex/latex/graphics/graphics.sty
Package: graphics 2009/02/05 v1.0o Standard LaTeX Graphics (DPC,SPQR)

(/usr/share/texlive/texmf-dist/tex/latex/graphics/trig.sty
Package: trig 1999/03/16 v1.09 sin cos tan (DPC)
)
(/usr/share/texlive/texmf-dist/tex/latex/latexconfig/graphics.cfg
File: graphics.cfg 2010/04/23 v1.9 graphics configuration of TeX Live
)
Package graphics Info: Driver file: pdftex.def on input line 91.
)
\Gin@req@height=\dimen114
\Gin@req@width=\dimen115
)
(/usr/share/texlive/texmf-dist/tex/latex/hyperref/hyperref.sty
Package: hyperref 2012/05/13 v6.82q Hypertext links for LaTeX

(/usr/share/texlive/texmf-dist/tex/generic/oberdiek/hobsub-hyperref.sty
Package: hobsub-hyperref 2012/05/28 v1.13 Bundle oberdiek, subset hyperref (HO)


(/usr/share/texlive/texmf-dist/tex/generic/oberdiek/hobsub-generic.sty
Package: hobsub-generic 2012/05/28 v1.13 Bundle oberdiek, subset generic (HO)
Package: hobsub 2012/05/28 v1.13 Construct package bundles (HO)
Package hobsub Info: Skipping package `infwarerr' (already loaded).
Package hobsub Info: Skipping package `ltxcmds' (already loaded).
Package: ifluatex 2010/03/01 v1.3 Provides the ifluatex switch (HO)
Package ifluatex Info: LuaTeX not detected.
Package: ifvtex 2010/03/01 v1.5 Detect VTeX and its facilities (HO)
Package ifvtex Info: VTeX not detected.
Package: intcalc 2007/09/27 v1.1 Expandable calculations with integers (HO)
Package: ifpdf 2011/01/30 v2.3 Provides the ifpdf switch (HO)
Package ifpdf Info: pdfTeX in PDF mode is detected.
Package: etexcmds 2011/02/16 v1.5 Avoid name clashes with e-TeX commands (HO)
Package etexcmds Info: Could not find \expanded.
(etexcmds)             That can mean that you are not using pdfTeX 1.50 or
(etexcmds)             that some package has redefined \expanded.
(etexcmds)             In the latter case, load this package earlier.
Package: kvsetkeys 2012/04/25 v1.16 Key value parser (HO)
Package: kvdefinekeys 2011/04/07 v1.3 Define keys (HO)
Package: pdftexcmds 2011/11/29 v0.20 Utility functions of pdfTeX for LuaTeX (HO
)
Package pdftexcmds Info: LuaTeX not detected.
Package pdftexcmds Info: \pdf@primitive is available.
Package pdftexcmds Info: \pdf@ifprimitive is available.
Package pdftexcmds Info: \pdfdraftmode found.
Package: pdfescape 2011/11/25 v1.13 Implements pdfTeX's escape features (HO)
Package: bigintcalc 2012/04/08 v1.3 Expandable calculations on big integers (HO
)
Package: bitset 2011/01/30 v1.1 Handle bit-vector datatype (HO)
Package: uniquecounter 2011/01/30 v1.2 Provide unlimited unique counter (HO)
)
Package hobsub Info: Skipping package `hobsub' (already loaded).
Package: letltxmacro 2010/09/02 v1.4 Let assignment for LaTeX macros (HO)
Package: hopatch 2012/05/28 v1.2 Wrapper for package hooks (HO)
Package: xcolor-patch 2011/01/30 xcolor patch
Package: atveryend 2011/06/30 v1.8 Hooks at the very end of document (HO)
Package atveryend Info: \enddocument detected (standard20110627).
Package: atbegshi 2011/10/05 v1.16 At begin shipout hook (HO)
Package: refcount 2011/10/16 v3.4 Data extraction from label references (HO)
Package: hycolor 2011/01/30 v1.7 Color options for hyperref/bookmark (HO)
)
(/usr/share/texlive/texmf-dist/tex/generic/ifxetex/ifxetex.sty
Package: ifxetex 2010/09/12 v0.6 Provides ifxetex conditional
)
(/usr/share/texlive/texmf-dist/tex/latex/oberdiek/kvoptions.sty
Package: kvoptions 2011/06/30 v3.11 Key value format for package options (HO)
)
\@linkdim=\dimen116
\Hy@linkcounter=\count101
\Hy@pagecounter=\count102

(/usr/share/texlive/texmf-dist/tex/latex/hyperref/pd1enc.def
File: pd1enc.def 2012/05/13 v6.82q Hyperref: PDFDocEncoding definition (HO)
)
\Hy@SavedSpaceFactor=\count103

(/usr/share/texlive/texmf-dist/tex/latex/latexconfig/hyperref.cfg
File: hyperref.cfg 2002/06/06 v1.2 hyperref configuration of TeXLive
)

Package hyperref Warning: Invalid value `0'
(hyperref)                for option `pdfborder'.
(hyperref)                Option setting is ignored on input line 3941.

Package hyperref Info: Hyper figures OFF on input line 4062.
Package hyperref Info: Link nesting OFF on input line 4067.
Package hyperref Info: Hyper index ON on input line 4070.
Package hyperref Info: Plain pages OFF on input line 4077.
Package hyperref Info: Backreferencing OFF on input line 4082.
Package hyperref Info: Implicit mode ON; LaTeX internals redefined.
Package hyperref Info: Bookmarks ON on input line 4300.
\c@Hy@tempcnt=\count104
LaTeX Info: Redefining \url on input line 4653.
\Fld@menulength=\count105
\Field@Width=\dimen117
\Fld@charsize=\dimen118
Package hyperref Info: Hyper figures OFF on input line 5773.
Package hyperref Info: Link nesting OFF on input line 5778.
Package hyperref Info: Hyper index ON on input line 5781.
Package hyperref Info: backreferencing OFF on input line 5788.
Package hyperref Info: Link coloring OFF on input line 5793.
Package hyperref Info: Link coloring with OCG OFF on input line 5798.
Package hyperref Info: PDF/A mode OFF on input line 5803.
LaTeX Info: Redefining \ref on input line 5843.
LaTeX Info: Redefining \pageref on input line 5847.
\Hy@abspage=\count106
\c@Item=\count107
\c@Hfootnote=\count108
)

Package hyperref Message: Driver (autodetected): hpdftex.

(/usr/share/texlive/texmf-dist/tex/latex/hyperref/hpdftex.def
File: hpdftex.def 2012/05/13 v6.82q Hyperref driver for pdfTeX
\Fld@listcount=\count109
\c@bookmark@seq@number=\count110

(/usr/share/texlive/texmf-dist/tex/latex/oberdiek/rerunfilecheck.sty
Package: rerunfilecheck 2011/04/15 v1.7 Rerun checks for auxiliary files (HO)
Package uniquecounter Info: New unique counter `rerunfilecheck' on input line 2
82.
)
\Hy@SectionHShift=\skip46
)
(./manual.aux)
\openout1 = `manual.aux'.

LaTeX Font Info:    Checking defaults for OML/cmm/m/it on input line 18.
LaTeX Font Info:    ... okay on input line 18.
LaTeX Font Info:    Checking defaults for T1/cmr/m/n on input line 18.
LaTeX Font Info:    ... okay on input line 18.
LaTeX Font Info:    Checking defaults for OT1/cmr/m/n on input line 18.
LaTeX Font Info:    ... okay on input line 18.
LaTeX Font Info:    Checking defaults for OMS/cmsy/m/n on input line 18.
LaTeX Font Info:    ... okay on input line 18.
LaTeX Font Info:    Checking defaults for OMX/cmex/m/n on input line 18.
LaTeX Font Info:    ... okay on input line 18.
LaTeX Font Info:    Checking defaults for U/cmr/m/n on input line 18.
LaTeX Font Info:    ... okay on input line 18.
LaTeX Font Info:    Checking defaults for PD1/pdf/m/n on input line 18.
LaTeX Font Info:    ... okay on input line 18.
LaTeX Font Info:    Try loading font information for T1+ptm on input line 18.
 (/usr/share/texlive/texmf-dist/tex/latex/psnfss/t1ptm.fd
File: t1ptm.fd 2001/06/04 font definitions for T1/ptm.
)
(/usr/share/texlive/texmf-dist/tex/context/base/supp-pdf.mkii
[Loading MPS to PDF converter (version 2006.09.02).]
\scratchcounter=\count111
\scratchdimen=\dimen119
\scratchbox=\box28
\nofMPsegments=\count112
\nofMParguments=\count113
\everyMPshowfont=\toks25
\MPscratchCnt=\count114
\MPscratchDim=\dimen120
\MPnumerator=\count115
\makeMPintoPDFobject=\count116
\everyMPtoPDFconversion=\toks26
) (/usr/share/texlive/texmf-dist/tex/latex/oberdiek/epstopdf-base.sty
Package: epstopdf-base 2010/02/09 v2.5 Base part for package epstopdf

(/usr/share/texlive/texmf-dist/tex/latex/oberdiek/grfext.sty
Package: grfext 2010/08/19 v1.1 Manage graphics extensions (HO)
)
Package grfext Info: Graphics extension search list:
(grfext)             [.png,.pdf,.jpg,.mps,.jpeg,.jbig2,.jb2,.PNG,.PDF,.JPG,.JPE
G,.JBIG2,.JB2,.eps]
(grfext)             \AppendGraphicsExtensions on input line 452.

(/usr/share/texlive/texmf-dist/tex/latex/latexconfig/epstopdf-sys.cfg
File: epstopdf-sys.cfg 2010/07/13 v1.3 Configuration of (r)epstopdf for TeX Liv
e
))
\AtBeginShipoutBox=\box29
Package hyperref Info: Link coloring OFF on input line 18.

(/usr/share/texlive/texmf-dist/tex/latex/hyperref/nameref.sty
Package: nameref 2010/04/30 v2.40 Cross-referencing by name of section

(/usr/share/texlive/texmf-dist/tex/generic/oberdiek/gettitlestring.sty
Package: gettitlestring 2010/12/03 v1.4 Cleanup title references (HO)
)
\c@section@level=\count117
)
LaTeX Info: Redefining \ref on input line 18.
LaTeX Info: Redefining \pageref on input line 18.
LaTeX Info: Redefining \nameref on input line 18.

(./manual.out) (./manual.out)
\@outlinefile=\write3
\openout3 = `manual.out'.


</mdk/doc/manual/screenshots/m23biglogo.jpg, id=799, 344.04591pt x 257.5255pt>
File: /mdk/doc/manual/screenshots/m23biglogo.jpg Graphic file (type jpg)

<use /mdk/doc/manual/screenshots/m23biglogo.jpg>
Package pdftex.def Info: /mdk/doc/manual/screenshots/m23biglogo.jpg used on inp
ut line 20.
(pdftex.def)             Requested size: 344.04506pt x 257.52486pt.
 (../../version.tex)
LaTeX Font Info:    Try loading font information for U+msa on input line 20.

(/usr/share/texlive/texmf-dist/tex/latex/amsfonts/umsa.fd
File: umsa.fd 2009/06/22 v3.00 AMS symbols A
)
LaTeX Font Info:    Try loading font information for U+msb on input line 20.

(/usr/share/texlive/texmf-dist/tex/latex/amsfonts/umsb.fd
File: umsb.fd 2009/06/22 v3.00 AMS symbols B
) [1

{/var/lib/texmf/fonts/map/pdftex/updmap/pdftex.map} </mdk/doc/manual/screenshot
s/m23biglogo.jpg>]
LaTeX Font Info:    Font shape `T1/ptm/bx/n' in size <24.88> not available
(Font)              Font shape `T1/ptm/b/n' tried instead on input line 21.
(./manual.toc
LaTeX Font Info:    Font shape `T1/ptm/bx/n' in size <10> not available
(Font)              Font shape `T1/ptm/b/n' tried instead on input line 1.
pdfTeX warning (ext4): destination with the same identifier (name{page.1}) has 
been already used, duplicate ignored
<to be read again> 
                   \relax 
l.42 ....5}share-online.biz}{24}{subsection.5.7.5}
                                                   [1

] [2] [3])
\tf@toc=\write4
\openout4 = `manual.toc'.


(./introduction.tex [4]
Chapter 1.
LaTeX Font Info:    Font shape `T1/ptm/bx/n' in size <20.74> not available
(Font)              Font shape `T1/ptm/b/n' tried instead on input line 1.
LaTeX Font Info:    Font shape `T1/ptm/bx/n' in size <14.4> not available
(Font)              Font shape `T1/ptm/b/n' tried instead on input line 2.
LaTeX Font Info:    Font shape `T1/ptm/bx/n' in size <12> not available
(Font)              Font shape `T1/ptm/b/n' tried instead on input line 6.
</mdk/doc/manual/screenshots/debianlogo.png, id=1024, 36.8577pt x 48.4209pt>
File: /mdk/doc/manual/screenshots/debianlogo.png Graphic file (type png)

<use /mdk/doc/manual/screenshots/debianlogo.png>
Package pdftex.def Info: /mdk/doc/manual/screenshots/debianlogo.png used on inp
ut line 8.
(pdftex.def)             Requested size: 36.85759pt x 48.42076pt.
LaTeX Font Info:    Try loading font information for OMS+ptm on input line 18.

(/usr/share/texlive/texmf-dist/tex/latex/psnfss/omsptm.fd
File: omsptm.fd 
)
LaTeX Font Info:    Font shape `OMS/ptm/m/n' in size <10> not available
(Font)              Font shape `OMS/cmsy/m/n' tried instead on input line 18.
 [5

 </mdk/doc/manual/screenshots/debianlogo.png (PNG copy)>]
Underfull \hbox (badness 10000) in paragraph at lines 46--47

 []


Underfull \hbox (badness 10000) in paragraph at lines 48--49

 []


Underfull \hbox (badness 10000) in paragraph at lines 50--51

 []

[6]) (./requirements.tex [7]
Chapter 2.
[8

]) (./serverinstallation.tex [9]
Chapter 3.

Underfull \hbox (badness 10000) in paragraph at lines 13--14

 []


Underfull \hbox (badness 10000) in paragraph at lines 13--14

 []


</mdk/doc/manual/screenshots/serverinstall/en/inst1.png, id=1047, 722.7pt x 400
.49625pt>
File: /mdk/doc/manual/screenshots/serverinstall/en/inst1.png Graphic file (type
 png)
 <use /mdk/doc/manual/screenshots/serverinstall/en/inst1.png>
Package pdftex.def Info: /mdk/doc/manual/screenshots/serverinstall/en/inst1.png
 used on input line 15.
(pdftex.def)             Requested size: 325.21199pt x 180.22165pt.

</mdk/doc/manual/screenshots/serverinstall/en/inst2.png, id=1048, 722.7pt x 400
.49625pt>
File: /mdk/doc/manual/screenshots/serverinstall/en/inst2.png Graphic file (type
 png)
 <use /mdk/doc/manual/screenshots/serverinstall/en/inst2.png>
Package pdftex.def Info: /mdk/doc/manual/screenshots/serverinstall/en/inst2.png
 used on input line 20.
(pdftex.def)             Requested size: 325.21199pt x 180.22165pt.
 [10

 </mdk/doc/manual/screenshots/serverinstall/en/inst1.png (PNG copy)>]
</mdk/doc/manual/screenshots/serverinstall/en/inst3.png, id=1053, 722.7pt x 400
.49625pt>
File: /mdk/doc/manual/screenshots/serverinstall/en/inst3.png Graphic file (type
 png)
 <use /mdk/doc/manual/screenshots/serverinstall/en/inst3.png>
Package pdftex.def Info: /mdk/doc/manual/screenshots/serverinstall/en/inst3.png
 used on input line 25.
(pdftex.def)             Requested size: 325.21199pt x 180.22165pt.

</mdk/doc/manual/screenshots/serverinstall/en/inst4.png, id=1054, 722.7pt x 400
.49625pt>
File: /mdk/doc/manual/screenshots/serverinstall/en/inst4.png Graphic file (type
 png)
 <use /mdk/doc/manual/screenshots/serverinstall/en/inst4.png>
Package pdftex.def Info: /mdk/doc/manual/screenshots/serverinstall/en/inst4.png
 used on input line 30.
(pdftex.def)             Requested size: 325.21199pt x 180.22165pt.

</mdk/doc/manual/screenshots/serverinstall/en/inst5.png, id=1055, 722.7pt x 400
.49625pt>
File: /mdk/doc/manual/screenshots/serverinstall/en/inst5.png Graphic file (type
 png)
 <use /mdk/doc/manual/screenshots/serverinstall/en/inst5.png>
Package pdftex.def Info: /mdk/doc/manual/screenshots/serverinstall/en/inst5.png
 used on input line 36.
(pdftex.def)             Requested size: 325.21199pt x 180.22165pt.
 [11 </mdk/doc/manual/screenshots/serverinstall/en/inst2.png (PNG copy)> </mdk/
doc/manual/screenshots/serverinstall/en/inst3.png (PNG copy)> </mdk/doc/manual/
screenshots/serverinstall/en/inst4.png (PNG copy)>]
</mdk/doc/manual/screenshots/serverinstall/en/inst6.png, id=1060, 722.7pt x 400
.49625pt>
File: /mdk/doc/manual/screenshots/serverinstall/en/inst6.png Graphic file (type
 png)
 <use /mdk/doc/manual/screenshots/serverinstall/en/inst6.png>
Package pdftex.def Info: /mdk/doc/manual/screenshots/serverinstall/en/inst6.png
 used on input line 41.
(pdftex.def)             Requested size: 325.21199pt x 180.22165pt.

</mdk/doc/manual/screenshots/serverinstall/en/inst7.png, id=1061, 722.7pt x 400
.49625pt>
File: /mdk/doc/manual/screenshots/serverinstall/en/inst7.png Graphic file (type
 png)
 <use /mdk/doc/manual/screenshots/serverinstall/en/inst7.png>
Package pdftex.def Info: /mdk/doc/manual/screenshots/serverinstall/en/inst7.png
 used on input line 47.
(pdftex.def)             Requested size: 325.21199pt x 180.22165pt.

Underfull \hbox (badness 10000) in paragraph at lines 47--48

 []


</mdk/doc/manual/screenshots/serverinstall/en/inst8.png, id=1062, 722.7pt x 400
.49625pt>
File: /mdk/doc/manual/screenshots/serverinstall/en/inst8.png Graphic file (type
 png)
 <use /mdk/doc/manual/screenshots/serverinstall/en/inst8.png>
Package pdftex.def Info: /mdk/doc/manual/screenshots/serverinstall/en/inst8.png
 used on input line 51.
(pdftex.def)             Requested size: 325.21199pt x 180.22165pt.

Underfull \hbox (badness 10000) in paragraph at lines 51--53

 []

[12 </mdk/doc/manual/screenshots/serverinstall/en/inst5.png (PNG copy)> </mdk/d
oc/manual/screenshots/serverinstall/en/inst6.png (PNG copy)> </mdk/doc/manual/s
creenshots/serverinstall/en/inst7.png (PNG copy)>]
</mdk/doc/manual/screenshots/serverinstall/en/inst9.png, id=1068, 722.7pt x 400
.49625pt>
File: /mdk/doc/manual/screenshots/serverinstall/en/inst9.png Graphic file (type
 png)
 <use /mdk/doc/manual/screenshots/serverinstall/en/inst9.png>
Package pdftex.def Info: /mdk/doc/manual/screenshots/serverinstall/en/inst9.png
 used on input line 56.
(pdftex.def)             Requested size: 325.21199pt x 180.22165pt.

</mdk/doc/manual/screenshots/serverinstall/en/inst10.png, id=1069, 722.7pt x 40
0.49625pt>
File: /mdk/doc/manual/screenshots/serverinstall/en/inst10.png Graphic file (typ
e png)
 <use /mdk/doc/manual/screenshots/serverinstall/en/inst10.png>
Package pdftex.def Info: /mdk/doc/manual/screenshots/serverinstall/en/inst10.pn
g used on input line 62.
(pdftex.def)             Requested size: 325.21199pt x 180.22165pt.

</mdk/doc/manual/screenshots/serverinstall/en/inst11.png, id=1070, 722.7pt x 40
0.49625pt>
File: /mdk/doc/manual/screenshots/serverinstall/en/inst11.png Graphic file (typ
e png)
 <use /mdk/doc/manual/screenshots/serverinstall/en/inst11.png>
Package pdftex.def Info: /mdk/doc/manual/screenshots/serverinstall/en/inst11.pn
g used on input line 68.
(pdftex.def)             Requested size: 325.21199pt x 180.22165pt.

[13 </mdk/doc/manual/screenshots/serverinstall/en/inst8.png (PNG copy)> </mdk/d
oc/manual/screenshots/serverinstall/en/inst9.png (PNG copy)> </mdk/doc/manual/s
creenshots/serverinstall/en/inst10.png (PNG copy)>]
</mdk/doc/manual/screenshots/serverinstall/en/inst12.png, id=1075, 722.7pt x 40
0.49625pt>
File: /mdk/doc/manual/screenshots/serverinstall/en/inst12.png Graphic file (typ
e png)
 <use /mdk/doc/manual/screenshots/serverinstall/en/inst12.png>
Package pdftex.def Info: /mdk/doc/manual/screenshots/serverinstall/en/inst12.pn
g used on input line 74.
(pdftex.def)             Requested size: 325.21199pt x 180.22165pt.

</mdk/doc/manual/screenshots/serverinstall/en/inst13.png, id=1076, 722.7pt x 40
0.49625pt>
File: /mdk/doc/manual/screenshots/serverinstall/en/inst13.png Graphic file (typ
e png)
 <use /mdk/doc/manual/screenshots/serverinstall/en/inst13.png>
Package pdftex.def Info: /mdk/doc/manual/screenshots/serverinstall/en/inst13.pn
g used on input line 80.
(pdftex.def)             Requested size: 325.21199pt x 180.22165pt.

Underfull \hbox (badness 10000) in paragraph at lines 80--85

 []

[14 </mdk/doc/manual/screenshots/serverinstall/en/inst11.png (PNG copy)> </mdk/
doc/manual/screenshots/serverinstall/en/inst12.png (PNG copy)> </mdk/doc/manual
/screenshots/serverinstall/en/inst13.png (PNG copy)>]
</mdk/doc/manual/screenshots/serverinstall/en/inst14.png, id=1081, 722.7pt x 40
0.49625pt>
File: /mdk/doc/manual/screenshots/serverinstall/en/inst14.png Graphic file (typ
e png)
 <use /mdk/doc/manual/screenshots/serverinstall/en/inst14.png>
Package pdftex.def Info: /mdk/doc/manual/screenshots/serverinstall/en/inst14.pn
g used on input line 93.
(pdftex.def)             Requested size: 325.21199pt x 180.22165pt.

</mdk/doc/manual/screenshots/serverinstall/en/inst15.png, id=1082, 722.7pt x 40
0.49625pt>
File: /mdk/doc/manual/screenshots/serverinstall/en/inst15.png Graphic file (typ
e png)
 <use /mdk/doc/manual/screenshots/serverinstall/en/inst15.png>
Package pdftex.def Info: /mdk/doc/manual/screenshots/serverinstall/en/inst15.pn
g used on input line 99.
(pdftex.def)             Requested size: 325.21199pt x 180.22165pt.

Underfull \hbox (badness 10000) in paragraph at lines 99--101

 []


</mdk/doc/manual/screenshots/serverinstall/en/inst16.png, id=1083, 722.7pt x 40
0.49625pt>
File: /mdk/doc/manual/screenshots/serverinstall/en/inst16.png Graphic file (typ
e png)
 <use /mdk/doc/manual/screenshots/serverinstall/en/inst16.png>
Package pdftex.def Info: /mdk/doc/manual/screenshots/serverinstall/en/inst16.pn
g used on input line 104.
(pdftex.def)             Requested size: 325.21199pt x 180.22165pt.

Underfull \hbox (badness 10000) in paragraph at lines 104--106

 []

[15 </mdk/doc/manual/screenshots/serverinstall/en/inst14.png (PNG copy)> </mdk/
doc/manual/screenshots/serverinstall/en/inst15.png (PNG copy)>]
</mdk/doc/manual/screenshots/serverinstall/en/inst17.png, id=1088, 722.7pt x 40
0.49625pt>
File: /mdk/doc/manual/screenshots/serverinstall/en/inst17.png Graphic file (typ
e png)
 <use /mdk/doc/manual/screenshots/serverinstall/en/inst17.png>
Package pdftex.def Info: /mdk/doc/manual/screenshots/serverinstall/en/inst17.pn
g used on input line 109.
(pdftex.def)             Requested size: 325.21199pt x 180.22165pt.

Underfull \hbox (badness 10000) in paragraph at lines 109--111

 []


</mdk/doc/manual/screenshots/serverinstall/en/inst18.png, id=1089, 722.7pt x 40
0.49625pt>
File: /mdk/doc/manual/screenshots/serverinstall/en/inst18.png Graphic file (typ
e png)
 <use /mdk/doc/manual/screenshots/serverinstall/en/inst18.png>
Package pdftex.def Info: /mdk/doc/manual/screenshots/serverinstall/en/inst18.pn
g used on input line 114.
(pdftex.def)             Requested size: 325.21199pt x 180.22165pt.

</mdk/doc/manual/screenshots/serverinstall/en/inst19.png, id=1090, 722.7pt x 40
0.49625pt>
File: /mdk/doc/manual/screenshots/serverinstall/en/inst19.png Graphic file (typ
e png)
 <use /mdk/doc/manual/screenshots/serverinstall/en/inst19.png>
Package pdftex.def Info: /mdk/doc/manual/screenshots/serverinstall/en/inst19.pn
g used on input line 120.
(pdftex.def)             Requested size: 325.21199pt x 180.22165pt.

[16 </mdk/doc/manual/screenshots/serverinstall/en/inst16.png (PNG copy)> </mdk/
doc/manual/screenshots/serverinstall/en/inst17.png (PNG copy)> </mdk/doc/manual
/screenshots/serverinstall/en/inst18.png (PNG copy)>]
LaTeX Font Info:    Try loading font information for T1+pcr on input line 125.

(/usr/share/texlive/texmf-dist/tex/latex/psnfss/t1pcr.fd
File: t1pcr.fd 2001/06/04 font definitions for T1/pcr.
)) (./firststeps.tex
[17 </mdk/doc/manual/screenshots/serverinstall/en/inst19.png (PNG copy)>]
Chapter 4.

Underfull \hbox (badness 10000) in paragraph at lines 3--5

 []


Underfull \hbox (badness 10000) in paragraph at lines 3--5

 []


Underfull \hbox (badness 10000) in paragraph at lines 3--5

 []

) [18

]
Chapter 5.
(../htaccess.hlp.tex
</mdk/doc/manual/screenshots/en/htaccess.png, id=1106, 1011.78pt x 384.43625pt>
File: /mdk/doc/manual/screenshots/en/htaccess.png Graphic file (type png)
<use /mdk/doc/manual/screenshots/en/htaccess.png>
Package pdftex.def Info: /mdk/doc/manual/screenshots/en/htaccess.png used on in
put line 2.
(pdftex.def)             Requested size: 404.70483pt x 153.77177pt.

Underfull \hbox (badness 10000) in paragraph at lines 1--3

 []


Underfull \hbox (badness 10000) in paragraph at lines 4--5

 []


Underfull \hbox (badness 10000) in paragraph at lines 5--6

 []

) (../serverupdate.hlp.tex
</mdk/doc/manual/screenshots/en/serverupdate.png, id=1107, 1034.86626pt x 512.9
1624pt>
File: /mdk/doc/manual/screenshots/en/serverupdate.png Graphic file (type png)
 <use /mdk/doc/manual/screenshots/en/serverupdate.png>
Package pdftex.def Info: /mdk/doc/manual/screenshots/en/serverupdate.png used o
n input line 2.
(pdftex.def)             Requested size: 413.93916pt x 205.16286pt.

Underfull \hbox (badness 10000) in paragraph at lines 1--3

 []

[19

 </mdk/doc/manual/screenshots/en/htaccess.png>]
Underfull \hbox (badness 10000) in paragraph at lines 5--6

 []


Underfull \hbox (badness 10000) in paragraph at lines 6--7

 []


Underfull \hbox (badness 10000) in paragraph at lines 7--8

 []


Underfull \hbox (badness 10000) in paragraph at lines 10--11

 []


Underfull \hbox (badness 10000) in paragraph at lines 12--13

 []


Underfull \hbox (badness 10000) in paragraph at lines 13--14

 []


Underfull \hbox (badness 10000) in paragraph at lines 14--15

 []


Underfull \hbox (badness 10000) in paragraph at lines 18--19

 []


Underfull \hbox (badness 10000) in paragraph at lines 19--20

 []


Underfull \hbox (badness 10000) in paragraph at lines 23--24

 []

[20 </mdk/doc/manual/screenshots/en/serverupdate.png>]
Underfull \hbox (badness 10000) in paragraph at lines 24--25

 []

) (../daemonsAndPrograms.hlp.tex
</mdk/doc/manual/screenshots/en/daemonsAndPrograms.png, id=1123, 1012.78375pt x
 711.65875pt>
File: /mdk/doc/manual/screenshots/en/daemonsAndPrograms.png Graphic file (type 
png)
 <use /mdk/doc/manual/screenshots/en/daemonsAndPrograms.png>
Package pdftex.def Info: /mdk/doc/manual/screenshots/en/daemonsAndPrograms.png 
used on input line 2.
(pdftex.def)             Requested size: 405.10632pt x 284.65845pt.

Underfull \hbox (badness 10000) in paragraph at lines 5--6

 []


Underfull \hbox (badness 10000) in paragraph at lines 8--9

 []


Underfull \hbox (badness 10000) in paragraph at lines 9--10

 []


Underfull \hbox (badness 10000) in paragraph at lines 10--11

 []


Underfull \hbox (badness 10000) in paragraph at lines 14--15

 []

[21 </mdk/doc/manual/screenshots/en/daemonsAndPrograms.png>]
Underfull \hbox (badness 10000) in paragraph at lines 15--16

 []


Underfull \hbox (badness 10000) in paragraph at lines 16--17

 []


Underfull \hbox (badness 10000) in paragraph at lines 17--18

 []

) (../ldapSettings.hlp.tex
</mdk/doc/manual/screenshots/en/ldapSettings.png, id=1130, 1010.77625pt x 554.0
7pt>
File: /mdk/doc/manual/screenshots/en/ldapSettings.png Graphic file (type png)
 <use /mdk/doc/manual/screenshots/en/ldapSettings.png>
Package pdftex.def Info: /mdk/doc/manual/screenshots/en/ldapSettings.png used o
n input line 2.
(pdftex.def)             Requested size: 404.30333pt x 221.62407pt.

Underfull \hbox (badness 10000) in paragraph at lines 2--4

 []


Underfull \hbox (badness 10000) in paragraph at lines 5--6

 []


Underfull \hbox (badness 10000) in paragraph at lines 6--7

 []


Underfull \hbox (badness 10000) in paragraph at lines 7--8

 []


Underfull \hbox (badness 10000) in paragraph at lines 8--9

 []

[22 </mdk/doc/manual/screenshots/en/ldapSettings.png>])
(../manageGPGKeysDialog.hlp.tex
</mdk/doc/manual/screenshots/en/manageGPGKeysDialog.png, id=1137, 1115.16624pt 
x 505.89pt>
File: /mdk/doc/manual/screenshots/en/manageGPGKeysDialog.png Graphic file (type
 png)
 <use /mdk/doc/manual/screenshots/en/manageGPGKeysDialog.png>
Package pdftex.def Info: /mdk/doc/manual/screenshots/en/manageGPGKeysDialog.png
 used on input line 2.
(pdftex.def)             Requested size: 446.0586pt x 202.3524pt.

Overfull \hbox (18.62706pt too wide) in paragraph at lines 1--3
[] 
 []


Underfull \hbox (badness 10000) in paragraph at lines 1--3

 []


Underfull \hbox (badness 10000) in paragraph at lines 6--7

 []


Underfull \hbox (badness 10000) in paragraph at lines 7--8

 []


Underfull \hbox (badness 10000) in paragraph at lines 8--9

 []


Underfull \hbox (badness 10000) in paragraph at lines 12--13

 []


Underfull \hbox (badness 10000) in paragraph at lines 13--14

 []

) (../manageImageFiles.hlp.tex
</mdk/doc/manual/screenshots/en/manageImageFiles.png, id=1138, 1012.78375pt x 2
93.095pt>
File: /mdk/doc/manual/screenshots/en/manageImageFiles.png Graphic file (type pn
g)
 <use /mdk/doc/manual/screenshots/en/manageImageFiles.png>
Package pdftex.def Info: /mdk/doc/manual/screenshots/en/manageImageFiles.png us
ed on input line 2.
(pdftex.def)             Requested size: 405.10632pt x 117.23592pt.

Underfull \hbox (badness 10000) in paragraph at lines 1--3

 []

[23 </mdk/doc/manual/screenshots/en/manageGPGKeysDialog.png>])
(../serverBackup.hlp.tex
Underfull \hbox (badness 10000) in paragraph at lines 6--1

 []


</mdk/doc/manual/screenshots/en/serverBackup.png, id=1149, 1095.09125pt x 904.3
7875pt>
File: /mdk/doc/manual/screenshots/en/serverBackup.png Graphic file (type png)
 <use /mdk/doc/manual/screenshots/en/serverBackup.png>
Package pdftex.def Info: /mdk/doc/manual/screenshots/en/serverBackup.png used o
n input line 2.
(pdftex.def)             Requested size: 438.02873pt x 361.7451pt.

Overfull \hbox (10.5972pt too wide) in paragraph at lines 1--4
[] 
 []


Underfull \hbox (badness 10000) in paragraph at lines 1--4

 []

[24 </mdk/doc/manual/screenshots/en/manageImageFiles.png>]
Underfull \hbox (badness 10000) in paragraph at lines 5--6

 []


Underfull \hbox (badness 10000) in paragraph at lines 6--7

 []


Underfull \hbox (badness 10000) in paragraph at lines 9--10

 []


Underfull \hbox (badness 10000) in paragraph at lines 11--12

 []


! LaTeX Error: There's no line here to end.

See the LaTeX manual or LaTeX Companion for explanation.
Type  H <return>  for immediate help.
 ...                                              
                                                  
l.14 		C
        hoose the type of storing service at \textit{"File storage service"}...

Your command was ignored.
Type  I <command> <return>  to replace it with another command,
or  <return>  to continue without it.


Underfull \hbox (badness 10000) in paragraph at lines 14--15

 []


Underfull \hbox (badness 10000) in paragraph at lines 16--17

 []

[25 </mdk/doc/manual/screenshots/en/serverBackup.png>]
Underfull \hbox (badness 10000) in paragraph at lines 20--21

 []


Underfull \hbox (badness 10000) in paragraph at lines 21--22

 []


Underfull \hbox (badness 10000) in paragraph at lines 22--23

 []


Underfull \hbox (badness 10000) in paragraph at lines 24--25

 []


Underfull \hbox (badness 10000) in paragraph at lines 25--26

 []


Underfull \hbox (badness 10000) in paragraph at lines 28--29

 []


Underfull \hbox (badness 10000) in paragraph at lines 30--31

 []


Underfull \hbox (badness 10000) in paragraph at lines 31--32

 []


Underfull \hbox (badness 10000) in paragraph at lines 32--33

 []


Underfull \hbox (badness 10000) in paragraph at lines 33--34

 []


Underfull \hbox (badness 10000) in paragraph at lines 36--37

 []


Underfull \hbox (badness 10000) in paragraph at lines 40--41

 []


Underfull \hbox (badness 10000) in paragraph at lines 44--45

 []


Underfull \hbox (badness 10000) in paragraph at lines 48--49

 []

[26]
Underfull \hbox (badness 10000) in paragraph at lines 52--53

 []


Underfull \hbox (badness 10000) in paragraph at lines 54--55

 []


Underfull \hbox (badness 10000) in paragraph at lines 56--57

 []


Underfull \hbox (badness 10000) in paragraph at lines 57--58

 []


Underfull \hbox (badness 10000) in paragraph at lines 58--59

 []


Underfull \hbox (badness 10000) in paragraph at lines 59--60

 []


Underfull \hbox (badness 10000) in paragraph at lines 64--65

 []


Underfull \hbox (badness 10000) in paragraph at lines 67--68

 []


Underfull \hbox (badness 10000) in paragraph at lines 70--71

 []


Underfull \hbox (badness 10000) in paragraph at lines 71--72

 []


Underfull \hbox (badness 10000) in paragraph at lines 72--73

 []


Underfull \hbox (badness 10000) in paragraph at lines 74--75

 []


Underfull \hbox (badness 10000) in paragraph at lines 76--77

 []


Underfull \hbox (badness 10000) in paragraph at lines 77--78

 []


Underfull \hbox (badness 10000) in paragraph at lines 79--80

 []


Underfull \hbox (badness 10000) in paragraph at lines 81--82

 []

[27]
Underfull \hbox (badness 10000) in paragraph at lines 82--83

 []


Underfull \hbox (badness 10000) in paragraph at lines 84--85

 []


Underfull \hbox (badness 10000) in paragraph at lines 86--87

 []


Underfull \hbox (badness 10000) in paragraph at lines 87--88

 []


Underfull \hbox (badness 10000) in paragraph at lines 88--89

 []


Underfull \hbox (badness 10000) in paragraph at lines 91--92

 []

) (../serverBackupList.hlp.tex
Underfull \hbox (badness 10000) in paragraph at lines 94--1

 []


</mdk/doc/manual/screenshots/en/serverBackupList.png, id=1178, 1010.77625pt x 6
65.48625pt>
File: /mdk/doc/manual/screenshots/en/serverBackupList.png Graphic file (type pn
g)
 <use /mdk/doc/manual/screenshots/en/serverBackupList.png>
Package pdftex.def Info: /mdk/doc/manual/screenshots/en/serverBackupList.png us
ed on input line 2.
(pdftex.def)             Requested size: 404.30333pt x 266.18977pt.

Underfull \hbox (badness 10000) in paragraph at lines 1--4

 []


Underfull \hbox (badness 10000) in paragraph at lines 5--6

 []

) (../serverRestore.hlp.tex
Underfull \hbox (badness 10000) in paragraph at lines 9--1

 []

[28 </mdk/doc/manual/screenshots/en/serverBackupList.png>]
</mdk/doc/manual/screenshots/en/serverRestore.png, id=1185, 1.00375pt x 1.00375
pt>
File: /mdk/doc/manual/screenshots/en/serverRestore.png Graphic file (type png)
 <use /mdk/doc/manual/screenshots/en/serverRestore.png>
Package pdftex.def Info: /mdk/doc/manual/screenshots/en/serverRestore.png used 
on input line 2.
(pdftex.def)             Requested size: 0.40147pt x 0.40147pt.

Underfull \hbox (badness 10000) in paragraph at lines 1--4

 []


Underfull \hbox (badness 10000) in paragraph at lines 5--6

 []


Underfull \hbox (badness 10000) in paragraph at lines 6--7

 []


Underfull \hbox (badness 10000) in paragraph at lines 7--8

 []


Underfull \hbox (badness 10000) in paragraph at lines 11--12

 []


Underfull \hbox (badness 10000) in paragraph at lines 12--13

 []


Underfull \hbox (badness 10000) in paragraph at lines 16--17

 []


Underfull \hbox (badness 10000) in paragraph at lines 17--18

 []


Underfull \hbox (badness 10000) in paragraph at lines 18--19

 []


Underfull \hbox (badness 10000) in paragraph at lines 22--23

 []


Underfull \hbox (badness 10000) in paragraph at lines 26--27

 []


Underfull \hbox (badness 10000) in paragraph at lines 30--31

 []


Underfull \hbox (badness 10000) in paragraph at lines 34--35

 []


Underfull \hbox (badness 10000) in paragraph at lines 38--39

 []

[29 </mdk/doc/manual/screenshots/en/serverRestore.png (PNG copy)>])
(../ipManagement.hlp.tex
</mdk/doc/manual/screenshots/en/ipManagement.png, id=1199, 1104.125pt x 1311.90
125pt>
File: /mdk/doc/manual/screenshots/en/ipManagement.png Graphic file (type png)
 <use /mdk/doc/manual/screenshots/en/ipManagement.png>
Package pdftex.def Info: /mdk/doc/manual/screenshots/en/ipManagement.png used o
n input line 2.
(pdftex.def)             Requested size: 441.64218pt x 524.7512pt.

Overfull \hbox (14.21065pt too wide) in paragraph at lines 1--3
[] 
 []


Underfull \hbox (badness 10000) in paragraph at lines 1--3

 []

[30]
Underfull \hbox (badness 10000) in paragraph at lines 4--5

 []


! LaTeX Error: There's no line here to end.

See the LaTeX manual or LaTeX Companion for explanation.
Type  H <return>  for immediate help.
 ...                                              
                                                  
l.7 		\textbf
             {Lock clientname / IP / MAC}: By use of the function \textbf{Lo...

Your command was ignored.
Type  I <command> <return>  to replace it with another command,
or  <return>  to continue without it.


Underfull \hbox (badness 10000) in paragraph at lines 7--8

 []

[31 </mdk/doc/manual/screenshots/en/ipManagement.png>]

! LaTeX Error: There's no line here to end.

See the LaTeX manual or LaTeX Companion for explanation.
Type  H <return>  for immediate help.
 ...                                              
                                                  
l.9 		\textbf
             {Add settings to DHCP server}: If you would like to allocate ne...

Your command was ignored.
Type  I <command> <return>  to replace it with another command,
or  <return>  to continue without it.


Underfull \hbox (badness 10000) in paragraph at lines 9--10

 []


Underfull \hbox (badness 10000) in paragraph at lines 12--13

 []


! LaTeX Error: There's no line here to end.

See the LaTeX manual or LaTeX Companion for explanation.
Type  H <return>  for immediate help.
 ...                                              
                                                  
l.15 		\textbf
              {Lock IP range}: Please enter the first and the last IP addres...

Your command was ignored.
Type  I <command> <return>  to replace it with another command,
or  <return>  to continue without it.


Underfull \hbox (badness 10000) in paragraph at lines 15--16

 []


! LaTeX Error: There's no line here to end.

See the LaTeX manual or LaTeX Companion for explanation.
Type  H <return>  for immediate help.
 ...                                              
                                                  
l.17 		\textbf
              {Add dynamic IP range}: Please enter the first and the last IP...

Your command was ignored.
Type  I <command> <return>  to replace it with another command,
or  <return>  to continue without it.


Underfull \hbox (badness 10000) in paragraph at lines 17--18

 []

)
Underfull \hbox (badness 10000) in paragraph at lines 20--40

 []

[32]
Chapter 6.
(../RASInstalled.hlp.tex
</mdk/doc/manual/screenshots/en/RASInstalled.png, id=1216, 1089.06876pt x 825.0
825pt>
File: /mdk/doc/manual/screenshots/en/RASInstalled.png Graphic file (type png)
 <use /mdk/doc/manual/screenshots/en/RASInstalled.png>
Package pdftex.def Info: /mdk/doc/manual/screenshots/en/RASInstalled.png used o
n input line 2.
(pdftex.def)             Requested size: 435.61978pt x 330.02715pt.
)
(../RASNotInstalled.hlp.tex
Overfull \hbox (8.18825pt too wide) in paragraph at lines 2--1
[] 
 []


Underfull \hbox (badness 10000) in paragraph at lines 2--1

 []

[33

 </mdk/doc/manual/screenshots/en/RASInstalled.png>]
</mdk/doc/manual/screenshots/en/RASNotInstalled.png, id=1222, 924.45375pt x 816
.04875pt>
File: /mdk/doc/manual/screenshots/en/RASNotInstalled.png Graphic file (type png
)
 <use /mdk/doc/manual/screenshots/en/RASNotInstalled.png>
Package pdftex.def Info: /mdk/doc/manual/screenshots/en/RASNotInstalled.png use
d on input line 2.
(pdftex.def)             Requested size: 369.77495pt x 326.41371pt.

Underfull \hbox (badness 10000) in paragraph at lines 1--3

 []


Underfull \hbox (badness 10000) in paragraph at lines 4--5

 []


Underfull \hbox (badness 10000) in paragraph at lines 6--15

 []


Underfull \hbox (badness 10000) in paragraph at lines 6--15

 []


Underfull \hbox (badness 10000) in paragraph at lines 6--15

 []


Underfull \hbox (badness 10000) in paragraph at lines 6--15

 []


Underfull \hbox (badness 10000) in paragraph at lines 6--15

 []


Underfull \hbox (badness 10000) in paragraph at lines 6--15

 []


Underfull \hbox (badness 10000) in paragraph at lines 6--15

 []


Underfull \hbox (badness 10000) in paragraph at lines 6--15

 []


Underfull \hbox (badness 10000) in paragraph at lines 6--15

 []

[34 </mdk/doc/manual/screenshots/en/RASNotInstalled.png>])
Underfull \hbox (badness 10000) in paragraph at lines 16--44

 []

[35]
Chapter 7.
(../clients_overview.hlp.tex
</mdk/doc/manual/screenshots/en/clients_overview.png, id=1232, 1025.8325pt x 55
5.07375pt>
File: /mdk/doc/manual/screenshots/en/clients_overview.png Graphic file (type pn
g)
 <use /mdk/doc/manual/screenshots/en/clients_overview.png>
Package pdftex.def Info: /mdk/doc/manual/screenshots/en/clients_overview.png us
ed on input line 2.
(pdftex.def)             Requested size: 410.32574pt x 222.02556pt.

Underfull \hbox (badness 10000) in paragraph at lines 1--4

 []


Underfull \hbox (badness 10000) in paragraph at lines 5--6

 []


Underfull \hbox (badness 10000) in paragraph at lines 7--8

 []


Underfull \hbox (badness 10000) in paragraph at lines 8--9

 []


Underfull \hbox (badness 10000) in paragraph at lines 9--10

 []


Underfull \hbox (badness 10000) in paragraph at lines 10--11

 []


Underfull \hbox (badness 10000) in paragraph at lines 11--12

 []

[36

 </mdk/doc/manual/screenshots/en/clients_overview.png>]
Underfull \hbox (badness 10000) in paragraph at lines 12--13

 []


Underfull \hbox (badness 10000) in paragraph at lines 13--14

 []


Underfull \hbox (badness 10000) in paragraph at lines 16--17

 []


Underfull \hbox (badness 10000) in paragraph at lines 18--20

 []


Underfull \hbox (badness 10000) in paragraph at lines 21--22

 []


Underfull \hbox (badness 10000) in paragraph at lines 22--23

 []


Underfull \hbox (badness 10000) in paragraph at lines 23--24

 []


Underfull \hbox (badness 10000) in paragraph at lines 24--25

 []


Underfull \hbox (badness 10000) in paragraph at lines 25--26

 []


Underfull \hbox (badness 10000) in paragraph at lines 28--29

 []


Underfull \hbox (badness 10000) in paragraph at lines 31--32

 []


Underfull \hbox (badness 10000) in paragraph at lines 32--33

 []

) (../clientdetails.hlp.tex
</mdk/doc/manual/screenshots/en/clientdetails.png, id=1240, 730.73pt x 1826.825
pt>
File: /mdk/doc/manual/screenshots/en/clientdetails.png Graphic file (type png)
 <use /mdk/doc/manual/screenshots/en/clientdetails.png>
Package pdftex.def Info: /mdk/doc/manual/screenshots/en/clientdetails.png used 
on input line 2.
(pdftex.def)             Requested size: 292.28682pt x 730.71707pt.

Underfull \hbox (badness 10000) in paragraph at lines 1--3

 []

[37] [38]
Overfull \vbox (58.99731pt too high) has occurred while \output is active []


[39 </mdk/doc/manual/screenshots/en/clientdetails.png>]
Underfull \hbox (badness 10000) in paragraph at lines 4--5

 []


Underfull \hbox (badness 10000) in paragraph at lines 6--10

 []

) (../clientinfo_hardware.hlp.tex
Underfull \hbox (badness 10000) in paragraph at lines 11--1

 []


</mdk/doc/manual/screenshots/en/clientinfo_hardware.png, id=1254, 1011.78pt x 3
309.36375pt>
File: /mdk/doc/manual/screenshots/en/clientinfo_hardware.png Graphic file (type
 png)
 <use /mdk/doc/manual/screenshots/en/clientinfo_hardware.png>
Package pdftex.def Info: /mdk/doc/manual/screenshots/en/clientinfo_hardware.png
 used on input line 2.
(pdftex.def)             Requested size: 252.94438pt x 827.33893pt.
)
(../clients_packages.hlp.tex
Underfull \hbox (badness 10000) in paragraph at lines 1--1

 []

[40] [41]
Overfull \vbox (191.13406pt too high) has occurred while \output is active []


[42 </mdk/doc/manual/screenshots/en/clientinfo_hardware.png>]
</mdk/doc/manual/screenshots/en/clients_packages.png, id=1269, 1011.78pt x 426.
59375pt>
File: /mdk/doc/manual/screenshots/en/clients_packages.png Graphic file (type pn
g)
 <use /mdk/doc/manual/screenshots/en/clients_packages.png>
Package pdftex.def Info: /mdk/doc/manual/screenshots/en/clients_packages.png us
ed on input line 2.
(pdftex.def)             Requested size: 404.70483pt x 170.63446pt.
)
(../clientinfo_clientLog.hlp.tex
Underfull \hbox (badness 10000) in paragraph at lines 1--1

 []


</mdk/doc/manual/screenshots/en/clientinfo_clientLog.png, id=1270, 1194.4625pt 
x 2915.89375pt>
File: /mdk/doc/manual/screenshots/en/clientinfo_clientLog.png Graphic file (typ
e png)
 <use /mdk/doc/manual/screenshots/en/clientinfo_clientLog.png>
Package pdftex.def Info: /mdk/doc/manual/screenshots/en/clientinfo_clientLog.pn
g used on input line 2.
(pdftex.def)             Requested size: 477.77654pt x 1166.33687pt.
)
(../clientinfo_addToGroup.hlp.tex
Overfull \hbox (50.345pt too wide) in paragraph at lines 1--1
[] 
 []


Underfull \hbox (badness 10000) in paragraph at lines 1--1

 []

[43 </mdk/doc/manual/screenshots/en/clients_packages.png>] [44]
Overfull \vbox (530.132pt too high) has occurred while \output is active []


[45 </mdk/doc/manual/screenshots/en/clientinfo_clientLog.png>]
</mdk/doc/manual/screenshots/en/clientinfo_addToGroup.png, id=1285, 1008.76875p
t x 351.3125pt>
File: /mdk/doc/manual/screenshots/en/clientinfo_addToGroup.png Graphic file (ty
pe png)
 <use /mdk/doc/manual/screenshots/en/clientinfo_addToGroup.png>
Package pdftex.def Info: /mdk/doc/manual/screenshots/en/clientinfo_addToGroup.p
ng used on input line 2.
(pdftex.def)             Requested size: 403.50035pt x 140.5225pt.
) (../clientinfo_delFromGroup.hlp.tex
Underfull \hbox (badness 10000) in paragraph at lines 1--1

 []


</mdk/doc/manual/screenshots/en/clientinfo_delFromGroup.png, id=1286, 1009.7725
pt x 372.39125pt>
File: /mdk/doc/manual/screenshots/en/clientinfo_delFromGroup.png Graphic file (
type png)

<use /mdk/doc/manual/screenshots/en/clientinfo_delFromGroup.png>
Package pdftex.def Info: /mdk/doc/manual/screenshots/en/clientinfo_delFromGroup
.png used on input line 2.
(pdftex.def)             Requested size: 403.90184pt x 148.95386pt.
)
(../clients_recover.hlp.tex
Underfull \hbox (badness 10000) in paragraph at lines 1--1

 []


</mdk/doc/manual/screenshots/en/clients_recover.png, id=1287, 1011.78pt x 1019.
81pt>
File: /mdk/doc/manual/screenshots/en/clients_recover.png Graphic file (type png
)
 <use /mdk/doc/manual/screenshots/en/clients_recover.png>
Package pdftex.def Info: /mdk/doc/manual/screenshots/en/clients_recover.png use
d on input line 2.
(pdftex.def)             Requested size: 404.70483pt x 407.91678pt.

Underfull \hbox (badness 10000) in paragraph at lines 1--3

 []

[46 </mdk/doc/manual/screenshots/en/clientinfo_addToGroup.png> </mdk/doc/manual
/screenshots/en/clientinfo_delFromGroup.png>]) (../rescue_client.hlp.tex
Underfull \hbox (badness 10000) in paragraph at lines 4--1

 []


</mdk/doc/manual/screenshots/en/rescue_client.png, id=1294, 1011.78pt x 1019.81
pt>
File: /mdk/doc/manual/screenshots/en/rescue_client.png Graphic file (type png)
 <use /mdk/doc/manual/screenshots/en/rescue_client.png>
Package pdftex.def Info: /mdk/doc/manual/screenshots/en/rescue_client.png used 
on input line 2.
(pdftex.def)             Requested size: 404.70483pt x 407.91678pt.

Underfull \hbox (badness 10000) in paragraph at lines 1--3

 []

[47 </mdk/doc/manual/screenshots/en/clients_recover.png>])
(../client_status.hlp.tex
Underfull \hbox (badness 10000) in paragraph at lines 3--1

 []


</mdk/doc/manual/screenshots/en/client_status.png, id=1300, 1009.7725pt x 426.5
9375pt>
File: /mdk/doc/manual/screenshots/en/client_status.png Graphic file (type png)
 <use /mdk/doc/manual/screenshots/en/client_status.png>
Package pdftex.def Info: /mdk/doc/manual/screenshots/en/client_status.png used 
on input line 2.
(pdftex.def)             Requested size: 403.90184pt x 170.63446pt.

Underfull \hbox (badness 10000) in paragraph at lines 1--3

 []

[48 </mdk/doc/manual/screenshots/en/rescue_client.png>]
Underfull \hbox (badness 10000) in paragraph at lines 4--6

 []


Underfull \hbox (badness 10000) in paragraph at lines 7--8

 []


Underfull \hbox (badness 10000) in paragraph at lines 9--10

 []


Underfull \hbox (badness 10000) in paragraph at lines 10--11

 []


Underfull \hbox (badness 10000) in paragraph at lines 11--12

 []


Underfull \hbox (badness 10000) in paragraph at lines 12--13

 []


Underfull \hbox (badness 10000) in paragraph at lines 13--14

 []


Underfull \hbox (badness 10000) in paragraph at lines 14--15

 []


Underfull \hbox (badness 10000) in paragraph at lines 15--16

 []


Underfull \hbox (badness 10000) in paragraph at lines 18--19

 []

[49 </mdk/doc/manual/screenshots/en/client_status.png>]
Underfull \hbox (badness 10000) in paragraph at lines 20--22

 []


Underfull \hbox (badness 10000) in paragraph at lines 23--24

 []


Underfull \hbox (badness 10000) in paragraph at lines 24--25

 []


Underfull \hbox (badness 10000) in paragraph at lines 25--26

 []


Underfull \hbox (badness 10000) in paragraph at lines 26--27

 []


Underfull \hbox (badness 10000) in paragraph at lines 27--28

 []


Underfull \hbox (badness 10000) in paragraph at lines 30--31

 []


Underfull \hbox (badness 10000) in paragraph at lines 33--34

 []


Underfull \hbox (badness 10000) in paragraph at lines 34--35

 []

) (../client_debug.hlp.tex
</mdk/doc/manual/screenshots/en/client_debug.png, id=1312, 1009.7725pt x 373.39
5pt>
File: /mdk/doc/manual/screenshots/en/client_debug.png Graphic file (type png)
 <use /mdk/doc/manual/screenshots/en/client_debug.png>
Package pdftex.def Info: /mdk/doc/manual/screenshots/en/client_debug.png used o
n input line 2.
(pdftex.def)             Requested size: 403.90184pt x 149.35535pt.
)
(../client_directConnection.hlp.tex
Underfull \hbox (badness 10000) in paragraph at lines 1--1

 []

[50]
</mdk/doc/manual/screenshots/en/client_directConnection.png, id=1317, 1.00375pt
 x 1.00375pt>
File: /mdk/doc/manual/screenshots/en/client_directConnection.png Graphic file (
type png)
 <use /mdk/doc/manual/screenshots/en/client_directConnection.png>
Package pdftex.def Info: /mdk/doc/manual/screenshots/en/client_directConnection
.png used on input line 2.
(pdftex.def)             Requested size: 0.40147pt x 0.40147pt.

Underfull \hbox (badness 10000) in paragraph at lines 1--3

 []

) (../edit_client.hlp.tex
</mdk/doc/manual/screenshots/en/edit_client.png, id=1318, 1012.78375pt x 1501.6
1pt>
File: /mdk/doc/manual/screenshots/en/edit_client.png Graphic file (type png)
 <use /mdk/doc/manual/screenshots/en/edit_client.png>
Package pdftex.def Info: /mdk/doc/manual/screenshots/en/edit_client.png used on
 input line 2.
(pdftex.def)             Requested size: 405.10632pt x 600.63336pt.

Underfull \hbox (badness 10000) in paragraph at lines 1--3

 []

[51 </mdk/doc/manual/screenshots/en/client_debug.png> </mdk/doc/manual/screensh
ots/en/client_directConnection.png (PNG copy)>]
Underfull \hbox (badness 10000) in paragraph at lines 4--5

 []


Underfull \hbox (badness 10000) in paragraph at lines 5--6

 []


Underfull \hbox (badness 10000) in paragraph at lines 6--7

 []

[52 </mdk/doc/manual/screenshots/en/edit_client.png>])
(../client_changejobs.hlp.tex
Underfull \hbox (badness 10000) in paragraph at lines 9--1

 []


</mdk/doc/manual/screenshots/en/client_changejobs.png, id=1329, 1011.78pt x 438
.63875pt>
File: /mdk/doc/manual/screenshots/en/client_changejobs.png Graphic file (type p
ng)
 <use /mdk/doc/manual/screenshots/en/client_changejobs.png>
Package pdftex.def Info: /mdk/doc/manual/screenshots/en/client_changejobs.png u
sed on input line 2.
(pdftex.def)             Requested size: 404.70483pt x 175.45238pt.

Underfull \hbox (badness 10000) in paragraph at lines 2--4

 []


Underfull \hbox (badness 10000) in paragraph at lines 5--6

 []


Underfull \hbox (badness 10000) in paragraph at lines 6--7

 []


Underfull \hbox (badness 10000) in paragraph at lines 7--8

 []

) (../client_createImage.hlp.tex
Underfull \hbox (badness 10000) in paragraph at lines 9--1

 []


</mdk/doc/manual/screenshots/en/client_createImage.png, id=1330, 1014.79124pt x
 963.6pt>
File: /mdk/doc/manual/screenshots/en/client_createImage.png Graphic file (type 
png)
 <use /mdk/doc/manual/screenshots/en/client_createImage.png>
Package pdftex.def Info: /mdk/doc/manual/screenshots/en/client_createImage.png 
used on input line 2.
(pdftex.def)             Requested size: 405.9093pt x 385.43317pt.

Underfull \hbox (badness 10000) in paragraph at lines 2--5

 []

[53 </mdk/doc/manual/screenshots/en/client_changejobs.png>]
Underfull \hbox (badness 10000) in paragraph at lines 6--7

 []


Underfull \hbox (badness 10000) in paragraph at lines 8--10

 []


Underfull \hbox (badness 10000) in paragraph at lines 11--12

 []

[54 </mdk/doc/manual/screenshots/en/client_createImage.png>]
Underfull \hbox (badness 10000) in paragraph at lines 13--14

 []


Underfull \hbox (badness 10000) in paragraph at lines 15--16

 []


Underfull \hbox (badness 10000) in paragraph at lines 16--17

 []


Underfull \hbox (badness 10000) in paragraph at lines 17--18

 []

) (../client_backup.hlp.tex
Underfull \hbox (badness 10000) in paragraph at lines 20--1

 []


</mdk/doc/manual/screenshots/en/client_backup.png, id=1342, 1011.78pt x 341.275
pt>
File: /mdk/doc/manual/screenshots/en/client_backup.png Graphic file (type png)
 <use /mdk/doc/manual/screenshots/en/client_backup.png>
Package pdftex.def Info: /mdk/doc/manual/screenshots/en/client_backup.png used 
on input line 2.
(pdftex.def)             Requested size: 404.70483pt x 136.50757pt.
)
Underfull \hbox (badness 10000) in paragraph at lines 2--64

 []

[55 </mdk/doc/manual/screenshots/en/client_backup.png>]
Chapter 8.
(../client_add.hlp.tex
</mdk/doc/manual/screenshots/en/client_add.png, id=1348, 1012.78375pt x 1361.08
5pt>
File: /mdk/doc/manual/screenshots/en/client_add.png Graphic file (type png)
 <use /mdk/doc/manual/screenshots/en/client_add.png>
Package pdftex.def Info: /mdk/doc/manual/screenshots/en/client_add.png used on 
input line 2.
(pdftex.def)             Requested size: 405.10632pt x 544.42436pt.

Underfull \hbox (badness 10000) in paragraph at lines 1--3

 []

[56

]
Overfull \vbox (90.8445pt too high) has occurred while \output is active []


[57 </mdk/doc/manual/screenshots/en/client_add.png>]
Underfull \hbox (badness 10000) in paragraph at lines 4--5

 []


Underfull \hbox (badness 10000) in paragraph at lines 5--6

 []


Underfull \hbox (badness 10000) in paragraph at lines 6--7

 []


Underfull \hbox (badness 10000) in paragraph at lines 7--8

 []


Underfull \hbox (badness 10000) in paragraph at lines 8--9

 []


Underfull \hbox (badness 10000) in paragraph at lines 9--10

 []


Underfull \hbox (badness 10000) in paragraph at lines 10--11

 []


Underfull \hbox (badness 10000) in paragraph at lines 11--12

 []


Underfull \hbox (badness 10000) in paragraph at lines 12--13

 []


Underfull \hbox (badness 10000) in paragraph at lines 14--15

 []


Underfull \hbox (badness 10000) in paragraph at lines 15--16

 []


Underfull \hbox (badness 10000) in paragraph at lines 16--17

 []


Underfull \hbox (badness 10000) in paragraph at lines 17--18

 []


Underfull \hbox (badness 10000) in paragraph at lines 18--19

 []


Underfull \hbox (badness 10000) in paragraph at lines 19--20

 []


Underfull \hbox (badness 10000) in paragraph at lines 20--21

 []


Underfull \hbox (badness 10000) in paragraph at lines 21--22

 []


Underfull \hbox (badness 10000) in paragraph at lines 22--23

 []

[58]
Underfull \hbox (badness 10000) in paragraph at lines 23--24

 []


Underfull \hbox (badness 10000) in paragraph at lines 24--25

 []


Underfull \hbox (badness 10000) in paragraph at lines 25--26

 []


Underfull \hbox (badness 10000) in paragraph at lines 26--27

 []


Underfull \hbox (badness 10000) in paragraph at lines 27--28

 []


Underfull \hbox (badness 10000) in paragraph at lines 28--29

 []


Underfull \hbox (badness 10000) in paragraph at lines 29--30

 []


Underfull \hbox (badness 10000) in paragraph at lines 30--31

 []


Underfull \hbox (badness 10000) in paragraph at lines 31--32

 []


Underfull \hbox (badness 10000) in paragraph at lines 32--33

 []


Underfull \hbox (badness 10000) in paragraph at lines 33--34

 []


Underfull \hbox (badness 10000) in paragraph at lines 34--35

 []


Underfull \hbox (badness 10000) in paragraph at lines 35--36

 []

[59]
Underfull \hbox (badness 10000) in paragraph at lines 39--40

 []


Underfull \hbox (badness 10000) in paragraph at lines 42--43

 []

) (../externalDHCP.hlp.tex
Underfull \hbox (badness 10000) in paragraph at lines 44--1

 []


</mdk/doc/manual/screenshots/en/externalDHCP.png, id=1367, 1.00375pt x 1.00375p
t>
File: /mdk/doc/manual/screenshots/en/externalDHCP.png Graphic file (type png)
 <use /mdk/doc/manual/screenshots/en/externalDHCP.png>
Package pdftex.def Info: /mdk/doc/manual/screenshots/en/externalDHCP.png used o
n input line 2.
(pdftex.def)             Requested size: 0.40147pt x 0.40147pt.

Underfull \hbox (badness 10000) in paragraph at lines 1--5

 []


Underfull \hbox (badness 10000) in paragraph at lines 6--7

 []


Underfull \hbox (badness 10000) in paragraph at lines 8--9

 []


Underfull \hbox (badness 10000) in paragraph at lines 9--10

 []


Underfull \hbox (badness 10000) in paragraph at lines 10--11

 []


Underfull \hbox (badness 10000) in paragraph at lines 13--14

 []

[60 </mdk/doc/manual/screenshots/en/externalDHCP.png (PNG copy)>]
Underfull \hbox (badness 10000) in paragraph at lines 15--16

 []


Underfull \hbox (badness 10000) in paragraph at lines 16--17

 []


Underfull \hbox (badness 10000) in paragraph at lines 17--18

 []

! Missing $ inserted.
<inserted text> 
                $
l.19 ...$\rangle$}" devfs=nomount vga=normal load_
                                                  ramdisk=1 prompt_ramdisk=0...
I've inserted a begin-math/end-math symbol since I think
you left one out. Proceed, with fingers crossed.


! LaTeX Error: Command \item invalid in math mode.

See the LaTeX manual or LaTeX Companion for explanation.
Type  H <return>  for immediate help.
 ...                                              
                                                  
l.21 	\item
            Set up the DHCP server to let the m23 client download and start ...

Try typing  <return>  to proceed.
If that doesn't work, type  X <return>  to quit.


! LaTeX Error: Something's wrong--perhaps a missing \item.

See the LaTeX manual or LaTeX Companion for explanation.
Type  H <return>  for immediate help.
 ...                                              
                                                  
l.21 	\item S
             et up the DHCP server to let the m23 client download and start ...

Try typing  <return>  to proceed.
If that doesn't work, type  X <return>  to quit.


! LaTeX Error: Something's wrong--perhaps a missing \item.

See the LaTeX manual or LaTeX Companion for explanation.
Type  H <return>  for immediate help.
 ...                                              
                                                  
l.21 	\item S
             et up the DHCP server to let the m23 client download and start ...

Try typing  <return>  to proceed.
If that doesn't work, type  X <return>  to quit.


! LaTeX Error: Command \item invalid in math mode.

See the LaTeX manual or LaTeX Companion for explanation.
Type  H <return>  for immediate help.
 ...                                              
                                                  
l.22 	\item
            You may need to set up a TFTP server on the same machine as your...

Try typing  <return>  to proceed.
If that doesn't work, type  X <return>  to quit.

! Missing $ inserted.
<inserted text> 
                $
l.22 	\item Y
             ou may need to set up a TFTP server on the same machine as your...
I've inserted a begin-math/end-math symbol since I think
you left one out. Proceed, with fingers crossed.

! Missing } inserted.
<inserted text> 
                }
l.22 	\item Y
             ou may need to set up a TFTP server on the same machine as your...
I've inserted something that you may have forgotten.
(See the <inserted text> above.)
With luck, this will get me unwedged. But if you
really didn't forget anything, try typing `2' now; then
my insertion and my current dilemma will both disappear.


Overfull \hbox (43.70822pt too wide) in paragraph at lines 18--22
\T1/ptm/m/n/10 m23server="$\OMS/cmsy/m/n/10 h$\T1/ptm/b/n/10 m23 server host-na
me or IP$\OMS/cmsy/m/n/10 i$\T1/ptm/m/n/10 " de-vfs=nomount vga=normal load$[]\
OML/cmm/m/it/10 amdisk \OT1/cmr/m/n/10 = 1\OML/cmm/m/it/10 prompt[]amdisk \OT1/
cmr/m/n/10 =
 []


Overfull \hbox (586.31604pt too wide) in paragraph at lines 18--22
\OML/cmm/m/it/10 Replace[]withthecomputername\OT1/cmr/m/n/10 (\OML/cmm/m/it/10 
resolvablebythem\OT1/cmr/m/n/10 23\OML/cmm/m/it/10 client\OT1/cmr/m/n/10 )(\OML
/cmm/m/it/10 FQDN\OT1/cmr/m/n/10 )\OML/cmm/m/it/10 ortheIPofthem\OT1/cmr/m/n/10
 23\OML/cmm/m/it/10 server:Inaddition; youmayneedtoadjust[]withthecurrentvaluef
romthefile=m\OT1/cmr/m/n/10 23\OML/cmm/m/it/10 =inc=kernelRamDisk:inc:[] 
 []


Overfull \hbox (52.80508pt too wide) in paragraph at lines 18--22
[]\OML/cmm/m/it/10 SetuptheDHCPservertoletthem\OT1/cmr/m/n/10 23\OML/cmm/m/it/1
0 clientdownloadandstartthePXEkernel\OT1/cmr/m/n/10 (\OML/cmm/m/it/10 =m\OT1/cm
r/m/n/10 23\OML/cmm/m/it/10 =tftp=m\OT1/cmr/m/n/10 23\OML/cmm/m/it/10 pxeinstal
l \OMS/cmsy/m/n/10 ^^@
 []


Overfull \hbox (81.55736pt too wide) in paragraph at lines 18--22
\OML/cmm/m/it/10 i\OT1/cmr/m/n/10 386\OML/cmm/m/it/10 or=m\OT1/cmr/m/n/10 23\OM
L/cmm/m/it/10 =tftp=m\OT1/cmr/m/n/10 23\OML/cmm/m/it/10 pxeinstall \OMS/cmsy/m/
n/10 ^^@ \OML/cmm/m/it/10 amd\OT1/cmr/m/n/10 64)\OML/cmm/m/it/10 andthePXEinitr
d\OT1/cmr/m/n/10 (\OML/cmm/m/it/10 =m\OT1/cmr/m/n/10 23\OML/cmm/m/it/10 =tftp=i
nitrd \OMS/cmsy/m/n/10 ^^@ \OML/cmm/m/it/10 i\OT1/cmr/m/n/10 386\OML/cmm/m/it/1
0 :gzor=m\OT1/cmr/m/n/10 23\OML/cmm/m/it/10 =tftp=initrd \OMS/cmsy/m/n/10 ^^@
 []

! Extra }, or forgotten \endgroup.
\par ...m \@noitemerr {\@@par }\fi \else {\@@par }
                                                  \fi 
l.22 	\item Y
             ou may need to set up a TFTP server on the same machine as your...
I've deleted a group-closing symbol because it seems to be
spurious, as in `$x}$'. But perhaps the } is legitimate and
you forgot something else, as in `\hbox{$x}'. In such cases
the way to recover is to insert both the forgotten and the
deleted material, e.g., by typing `I$}'.


Underfull \hbox (badness 10000) in paragraph at lines 22--23

 []

) (../clientPartitionFormat.hlp.tex
</mdk/doc/manual/screenshots/en/clientPartitionFormat.png, id=1373, 1186.4325pt
 x 1105.12875pt>
File: /mdk/doc/manual/screenshots/en/clientPartitionFormat.png Graphic file (ty
pe png)

<use /mdk/doc/manual/screenshots/en/clientPartitionFormat.png>
Package pdftex.def Info: /mdk/doc/manual/screenshots/en/clientPartitionFormat.p
ng used on input line 2.
(pdftex.def)             Requested size: 474.56459pt x 442.04367pt.

Overfull \hbox (47.13306pt too wide) in paragraph at lines 1--5
[] 
 []


Underfull \hbox (badness 10000) in paragraph at lines 1--5

 []

[61]
Underfull \hbox (badness 10000) in paragraph at lines 6--7

 []


Underfull \hbox (badness 10000) in paragraph at lines 8--9

 []

[62 </mdk/doc/manual/screenshots/en/clientPartitionFormat.png>]
Underfull \hbox (badness 10000) in paragraph at lines 10--14

 []


Underfull \hbox (badness 10000) in paragraph at lines 15--16

 []


Underfull \hbox (badness 10000) in paragraph at lines 17--25

 []


Underfull \hbox (badness 10000) in paragraph at lines 27--28

 []


Underfull \hbox (badness 10000) in paragraph at lines 28--29

 []


Underfull \hbox (badness 10000) in paragraph at lines 29--30

 []


Underfull \hbox (badness 10000) in paragraph at lines 32--33

 []

) (../client_distr.hlp.tex
Underfull \hbox (badness 10000) in paragraph at lines 34--1

 []

[63]
</mdk/doc/manual/screenshots/en/client_distr.png, id=1399, 1011.78pt x 523.9575
pt>
File: /mdk/doc/manual/screenshots/en/client_distr.png Graphic file (type png)
 <use /mdk/doc/manual/screenshots/en/client_distr.png>
Package pdftex.def Info: /mdk/doc/manual/screenshots/en/client_distr.png used o
n input line 2.
(pdftex.def)             Requested size: 404.70483pt x 209.57928pt.

Underfull \hbox (badness 10000) in paragraph at lines 2--4

 []


Underfull \hbox (badness 10000) in paragraph at lines 5--6

 []


Underfull \hbox (badness 10000) in paragraph at lines 6--7

 []


Underfull \hbox (badness 10000) in paragraph at lines 7--8

 []


Underfull \hbox (badness 10000) in paragraph at lines 8--9

 []

[64 </mdk/doc/manual/screenshots/en/client_distr.png>]
Underfull \hbox (badness 10000) in paragraph at lines 9--10

 []


Underfull \hbox (badness 10000) in paragraph at lines 10--11

 []


Underfull \hbox (badness 10000) in paragraph at lines 11--12

 []


Underfull \hbox (badness 10000) in paragraph at lines 12--13

 []


Underfull \hbox (badness 10000) in paragraph at lines 14--15

 []


Underfull \hbox (badness 10000) in paragraph at lines 16--18

 []

) (../clients_delete.hlp.tex
Underfull \hbox (badness 10000) in paragraph at lines 19--1

 []


</mdk/doc/manual/screenshots/en/clients_delete.png, id=1405, 1025.8325pt x 555.
07375pt>
File: /mdk/doc/manual/screenshots/en/clients_delete.png Graphic file (type png)

 <use /mdk/doc/manual/screenshots/en/clients_delete.png>
Package pdftex.def Info: /mdk/doc/manual/screenshots/en/clients_delete.png used
 on input line 2.
(pdftex.def)             Requested size: 410.32574pt x 222.02556pt.

Underfull \hbox (badness 10000) in paragraph at lines 2--5

 []

[65]
Underfull \hbox (badness 10000) in paragraph at lines 6--7

 []


Underfull \hbox (badness 10000) in paragraph at lines 8--9

 []


Underfull \hbox (badness 10000) in paragraph at lines 9--10

 []


Underfull \hbox (badness 10000) in paragraph at lines 10--11

 []


Underfull \hbox (badness 10000) in paragraph at lines 11--12

 []


Underfull \hbox (badness 10000) in paragraph at lines 12--13

 []


Underfull \hbox (badness 10000) in paragraph at lines 13--14

 []


Underfull \hbox (badness 10000) in paragraph at lines 14--15

 []


Underfull \hbox (badness 10000) in paragraph at lines 17--18

 []


Underfull \hbox (badness 10000) in paragraph at lines 19--21

 []

[66 </mdk/doc/manual/screenshots/en/clients_delete.png>]
Underfull \hbox (badness 10000) in paragraph at lines 22--23

 []


Underfull \hbox (badness 10000) in paragraph at lines 23--24

 []


Underfull \hbox (badness 10000) in paragraph at lines 24--25

 []


Underfull \hbox (badness 10000) in paragraph at lines 25--26

 []


Underfull \hbox (badness 10000) in paragraph at lines 26--27

 []


Underfull \hbox (badness 10000) in paragraph at lines 29--30

 []


Underfull \hbox (badness 10000) in paragraph at lines 32--33

 []


Underfull \hbox (badness 10000) in paragraph at lines 33--34

 []

) (../client_assimilate.hlp.tex
</mdk/doc/manual/screenshots/en/client_assimilate.png, id=1416, 1012.78375pt x 
398.48875pt>
File: /mdk/doc/manual/screenshots/en/client_assimilate.png Graphic file (type p
ng)
 <use /mdk/doc/manual/screenshots/en/client_assimilate.png>
Package pdftex.def Info: /mdk/doc/manual/screenshots/en/client_assimilate.png u
sed on input line 2.
(pdftex.def)             Requested size: 405.10632pt x 159.39267pt.

Underfull \hbox (badness 10000) in paragraph at lines 2--4

 []


Underfull \hbox (badness 10000) in paragraph at lines 5--6

 []

[67 </mdk/doc/manual/screenshots/en/client_assimilate.png>]
Underfull \hbox (badness 10000) in paragraph at lines 6--7

 []


Underfull \hbox (badness 10000) in paragraph at lines 7--8

 []


Underfull \hbox (badness 10000) in paragraph at lines 8--9

 []


Underfull \hbox (badness 10000) in paragraph at lines 10--11

 []


Underfull \hbox (badness 10000) in paragraph at lines 12--13

 []


Underfull \hbox (badness 10000) in paragraph at lines 14--15

 []


Overfull \hbox (58.56847pt too wide) in paragraph at lines 16--16
[]\T1/pcr/m/n/10 cd /tmp; wget http://$\langle$serverIP$\rangle$/work.php -O wo
rk.php; sh work.php[] 
 []

)
Underfull \hbox (badness 10000) in paragraph at lines 19--72

 []

[68]
Chapter 9.
(../createVM.hlp.tex
</mdk/doc/manual/screenshots/en/createVM.png, id=1426, 1012.78375pt x 680.5425p
t>
File: /mdk/doc/manual/screenshots/en/createVM.png Graphic file (type png)
 <use /mdk/doc/manual/screenshots/en/createVM.png>
Package pdftex.def Info: /mdk/doc/manual/screenshots/en/createVM.png used on in
put line 2.
(pdftex.def)             Requested size: 405.10632pt x 272.21217pt.

Underfull \hbox (badness 10000) in paragraph at lines 1--3

 []


Underfull \hbox (badness 10000) in paragraph at lines 5--6

 []


Underfull \hbox (badness 10000) in paragraph at lines 6--7

 []


Underfull \hbox (badness 10000) in paragraph at lines 8--9

 []

[69

 </mdk/doc/manual/screenshots/en/createVM.png>]
Underfull \hbox (badness 10000) in paragraph at lines 9--10

 []


Underfull \hbox (badness 10000) in paragraph at lines 10--11

 []


Underfull \hbox (badness 10000) in paragraph at lines 11--12

 []


Underfull \hbox (badness 10000) in paragraph at lines 12--13

 []


Underfull \hbox (badness 10000) in paragraph at lines 14--15

 []


Underfull \hbox (badness 10000) in paragraph at lines 15--16

 []


Underfull \hbox (badness 10000) in paragraph at lines 18--20

 []

) (../downloadVBoxAddons.hlp.tex
Underfull \hbox (badness 10000) in paragraph at lines 21--1

 []


</mdk/doc/manual/screenshots/en/downloadVBoxAddons.png, id=1434, 1316.92pt x 73
4.745pt>
File: /mdk/doc/manual/screenshots/en/downloadVBoxAddons.png Graphic file (type 
png)
 <use /mdk/doc/manual/screenshots/en/downloadVBoxAddons.png>
Package pdftex.def Info: /mdk/doc/manual/screenshots/en/downloadVBoxAddons.png 
used on input line 2.
(pdftex.def)             Requested size: 526.75867pt x 293.89279pt.

Overfull \hbox (99.32713pt too wide) in paragraph at lines 1--3
[] 
 []


Underfull \hbox (badness 10000) in paragraph at lines 1--3

 []

[70]
Underfull \hbox (badness 10000) in paragraph at lines 4--5

 []


Underfull \hbox (badness 10000) in paragraph at lines 6--7

 []

)
Underfull \hbox (badness 10000) in paragraph at lines 8--76

 []

[71 </mdk/doc/manual/screenshots/en/downloadVBoxAddons.png>]
Chapter 10.
(../groups_overview.hlp.tex
</mdk/doc/manual/screenshots/en/groups_overview.png, id=1445, 1009.7725pt x 356
.33125pt>
File: /mdk/doc/manual/screenshots/en/groups_overview.png Graphic file (type png
)
 <use /mdk/doc/manual/screenshots/en/groups_overview.png>
Package pdftex.def Info: /mdk/doc/manual/screenshots/en/groups_overview.png use
d on input line 2.
(pdftex.def)             Requested size: 403.90184pt x 142.52997pt.

Underfull \hbox (badness 10000) in paragraph at lines 1--3

 []


Underfull \hbox (badness 10000) in paragraph at lines 4--5

 []


Underfull \hbox (badness 10000) in paragraph at lines 7--8

 []


Underfull \hbox (badness 10000) in paragraph at lines 8--9

 []


Underfull \hbox (badness 10000) in paragraph at lines 9--10

 []


Underfull \hbox (badness 10000) in paragraph at lines 10--11

 []

) (../create_group.hlp.tex
</mdk/doc/manual/screenshots/en/create_group.png, id=1446, 1010.77625pt x 312.1
6624pt>
File: /mdk/doc/manual/screenshots/en/create_group.png Graphic file (type png)
 <use /mdk/doc/manual/screenshots/en/create_group.png>
Package pdftex.def Info: /mdk/doc/manual/screenshots/en/create_group.png used o
n input line 2.
(pdftex.def)             Requested size: 404.30333pt x 124.86427pt.
)
Underfull \hbox (badness 10000) in paragraph at lines 1--80

 []

[72

 </mdk/doc/manual/screenshots/en/groups_overview.png>] [73 </mdk/doc/manual/scr
eenshots/en/create_group.png>]
Chapter 11.
(../install_packages.hlp.tex
</mdk/doc/manual/screenshots/en/install_packages.png, id=1463, 682.55pt x 959.5
85pt>
File: /mdk/doc/manual/screenshots/en/install_packages.png Graphic file (type pn
g)
 <use /mdk/doc/manual/screenshots/en/install_packages.png>
Package pdftex.def Info: /mdk/doc/manual/screenshots/en/install_packages.png us
ed on input line 2.
(pdftex.def)             Requested size: 273.01517pt x 383.8272pt.

Underfull \hbox (badness 10000) in paragraph at lines 2--3

 []


Underfull \hbox (badness 10000) in paragraph at lines 4--5

 []


Underfull \hbox (badness 10000) in paragraph at lines 6--7

 []

[74

 </mdk/doc/manual/screenshots/en/install_packages.png>]
Underfull \hbox (badness 10000) in paragraph at lines 7--8

 []


Underfull \hbox (badness 10000) in paragraph at lines 8--9

 []


Underfull \hbox (badness 10000) in paragraph at lines 12--13

 []


Underfull \hbox (badness 10000) in paragraph at lines 13--14

 []


Underfull \hbox (badness 10000) in paragraph at lines 14--15

 []


Underfull \hbox (badness 10000) in paragraph at lines 15--16

 []


Underfull \hbox (badness 10000) in paragraph at lines 16--17

 []


Underfull \hbox (badness 10000) in paragraph at lines 17--18

 []


Underfull \hbox (badness 10000) in paragraph at lines 19--22

 []


Underfull \hbox (badness 10000) in paragraph at lines 23--24

 []


Underfull \hbox (badness 10000) in paragraph at lines 25--27

 []


Underfull \hbox (badness 10000) in paragraph at lines 28--29

 []

[75]) (../deinstall_packages.hlp.tex
Underfull \hbox (badness 10000) in paragraph at lines 30--1

 []


</mdk/doc/manual/screenshots/en/deinstall_packages.png, id=1479, 1011.78pt x 94
3.525pt>
File: /mdk/doc/manual/screenshots/en/deinstall_packages.png Graphic file (type 
png)
 <use /mdk/doc/manual/screenshots/en/deinstall_packages.png>
Package pdftex.def Info: /mdk/doc/manual/screenshots/en/deinstall_packages.png 
used on input line 2.
(pdftex.def)             Requested size: 404.70483pt x 377.4033pt.

Underfull \hbox (badness 10000) in paragraph at lines 2--4

 []


Underfull \hbox (badness 10000) in paragraph at lines 5--6

 []


Underfull \hbox (badness 10000) in paragraph at lines 7--8

 []

[76 </mdk/doc/manual/screenshots/en/deinstall_packages.png>]
Underfull \hbox (badness 10000) in paragraph at lines 8--9

 []


Underfull \hbox (badness 10000) in paragraph at lines 9--10

 []


Underfull \hbox (badness 10000) in paragraph at lines 13--14

 []


Underfull \hbox (badness 10000) in paragraph at lines 14--15

 []


Underfull \hbox (badness 10000) in paragraph at lines 15--16

 []


Underfull \hbox (badness 10000) in paragraph at lines 16--17

 []


Underfull \hbox (badness 10000) in paragraph at lines 17--18

 []


Underfull \hbox (badness 10000) in paragraph at lines 18--19

 []


Underfull \hbox (badness 10000) in paragraph at lines 20--22

 []


Underfull \hbox (badness 10000) in paragraph at lines 23--25

 []


Underfull \hbox (badness 10000) in paragraph at lines 26--27

 []

) (../update_packages.hlp.tex
Underfull \hbox (badness 10000) in paragraph at lines 28--1

 []


</mdk/doc/manual/screenshots/en/update_packages.png, id=1485, 1010.77625pt x 34
2.27875pt>
File: /mdk/doc/manual/screenshots/en/update_packages.png Graphic file (type png
)
 <use /mdk/doc/manual/screenshots/en/update_packages.png>
Package pdftex.def Info: /mdk/doc/manual/screenshots/en/update_packages.png use
d on input line 2.
(pdftex.def)             Requested size: 404.30333pt x 136.90906pt.

Underfull \hbox (badness 10000) in paragraph at lines 2--4

 []

[77]
Underfull \hbox (badness 10000) in paragraph at lines 6--7

 []


Underfull \hbox (badness 10000) in paragraph at lines 7--8

 []

) (../client_sourceslist.hlp.tex
</mdk/doc/manual/screenshots/en/client_sourceslist.png, id=1496, 1146.2825pt x 
937.5025pt>
File: /mdk/doc/manual/screenshots/en/client_sourceslist.png Graphic file (type 
png)
 <use /mdk/doc/manual/screenshots/en/client_sourceslist.png>
Package pdftex.def Info: /mdk/doc/manual/screenshots/en/client_sourceslist.png 
used on input line 2.
(pdftex.def)             Requested size: 458.50488pt x 374.99435pt.

Overfull \hbox (31.07335pt too wide) in paragraph at lines 2--4
[] 
 []


Underfull \hbox (badness 10000) in paragraph at lines 2--4

 []

[78 </mdk/doc/manual/screenshots/en/update_packages.png>]
Underfull \hbox (badness 10000) in paragraph at lines 5--6

 []


Underfull \hbox (badness 10000) in paragraph at lines 6--7

 []


Underfull \hbox (badness 10000) in paragraph at lines 7--8

 []


Underfull \hbox (badness 10000) in paragraph at lines 8--9

 []

[79 </mdk/doc/manual/screenshots/en/client_sourceslist.png>]
Underfull \hbox (badness 10000) in paragraph at lines 9--10

 []


Underfull \hbox (badness 10000) in paragraph at lines 13--14

 []


Underfull \hbox (badness 10000) in paragraph at lines 17--18

 []


Underfull \hbox (badness 10000) in paragraph at lines 21--22

 []


Underfull \hbox (badness 10000) in paragraph at lines 22--23

 []

) (../editPackageSelection.hlp.tex
</mdk/doc/manual/screenshots/en/editPackageSelection.png, id=1508, 1012.78375pt
 x 913.4125pt>
File: /mdk/doc/manual/screenshots/en/editPackageSelection.png Graphic file (typ
e png)
 <use /mdk/doc/manual/screenshots/en/editPackageSelection.png>
Package pdftex.def Info: /mdk/doc/manual/screenshots/en/editPackageSelection.pn
g used on input line 2.
(pdftex.def)             Requested size: 405.10632pt x 365.35854pt.

Underfull \hbox (badness 10000) in paragraph at lines 1--3

 []

[80]
Underfull \hbox (badness 10000) in paragraph at lines 5--6

 []


Underfull \hbox (badness 10000) in paragraph at lines 6--7

 []


Underfull \hbox (badness 10000) in paragraph at lines 7--8

 []


Underfull \hbox (badness 10000) in paragraph at lines 8--9

 []


Underfull \hbox (badness 10000) in paragraph at lines 9--10

 []


Underfull \hbox (badness 10000) in paragraph at lines 10--11

 []


Underfull \hbox (badness 10000) in paragraph at lines 11--12

 []


Underfull \hbox (badness 10000) in paragraph at lines 12--13

 []

[81 </mdk/doc/manual/screenshots/en/editPackageSelection.png>])
(../packageBuilder.hlp.tex
Underfull \hbox (badness 10000) in paragraph at lines 15--1

 []


</mdk/doc/manual/screenshots/en/packageBuilder.png, id=1525, 1101.11375pt x 117
5.39125pt>
File: /mdk/doc/manual/screenshots/en/packageBuilder.png Graphic file (type png)

 <use /mdk/doc/manual/screenshots/en/packageBuilder.png>
Package pdftex.def Info: /mdk/doc/manual/screenshots/en/packageBuilder.png used
 on input line 2.
(pdftex.def)             Requested size: 440.4377pt x 470.14818pt.

Overfull \hbox (13.00616pt too wide) in paragraph at lines 2--6
[] 
 []


Underfull \hbox (badness 10000) in paragraph at lines 2--6

 []

[82 </mdk/doc/manual/screenshots/en/packageBuilder.png>]
Underfull \hbox (badness 10000) in paragraph at lines 7--8

 []


Underfull \hbox (badness 10000) in paragraph at lines 8--9

 []


Underfull \hbox (badness 10000) in paragraph at lines 9--10

 []

) (../scriptEditor.hlp.tex
Underfull \hbox (badness 10000) in paragraph at lines 12--1

 []


</mdk/doc/manual/screenshots/en/scriptEditor.png, id=1532, 1401.235pt x 943.525
pt>
File: /mdk/doc/manual/screenshots/en/scriptEditor.png Graphic file (type png)
 <use /mdk/doc/manual/screenshots/en/scriptEditor.png>
Package pdftex.def Info: /mdk/doc/manual/screenshots/en/scriptEditor.png used o
n input line 2.
(pdftex.def)             Requested size: 560.48409pt x 377.4033pt.

Overfull \hbox (133.05255pt too wide) in paragraph at lines 2--4
[] 
 []


Underfull \hbox (badness 10000) in paragraph at lines 2--4

 []

[83 </mdk/doc/manual/screenshots/en/scriptEditor.png>]
Underfull \hbox (badness 10000) in paragraph at lines 5--6

 []


! LaTeX Error: There's no line here to end.

See the LaTeX manual or LaTeX Companion for explanation.
Type  H <return>  for immediate help.
 ...                                              
                                                  
l.7 \item
          \textbf{Save and delete script}: Click on \textit{"Save"} or \text...

Your command was ignored.
Type  I <command> <return>  to replace it with another command,
or  <return>  to continue without it.


Underfull \hbox (badness 10000) in paragraph at lines 7--8

 []

! Extra }, or forgotten \endgroup.
l.9 ...to publish your script on the m23 website.}
                                                  
I've deleted a group-closing symbol because it seems to be
spurious, as in `$x}$'. But perhaps the } is legitimate and
you forgot something else, as in `\hbox{$x}'. In such cases
the way to recover is to insert both the forgotten and the
deleted material, e.g., by typing `I$}'.


Underfull \hbox (badness 10000) in paragraph at lines 13--14

 []


Underfull \hbox (badness 10000) in paragraph at lines 14--15

 []


Underfull \hbox (badness 10000) in paragraph at lines 15--16

 []

) [84]
Chapter 12.
(../poolBuilderCreateEditDelete.hlp.tex
</mdk/doc/manual/screenshots/en/poolBuilderCreateEditDelete.png, id=1546, 1051.
93pt x 973.6375pt>
File: /mdk/doc/manual/screenshots/en/poolBuilderCreateEditDelete.png Graphic fi
le (type png)

<use /mdk/doc/manual/screenshots/en/poolBuilderCreateEditDelete.png>
Package pdftex.def Info: /mdk/doc/manual/screenshots/en/poolBuilderCreateEditDe
lete.png used on input line 2.
(pdftex.def)             Requested size: 420.76454pt x 389.44809pt.

Underfull \hbox (badness 10000) in paragraph at lines 2--4

 []


Underfull \hbox (badness 10000) in paragraph at lines 5--6

 []

[85

 </mdk/doc/manual/screenshots/en/poolBuilderCreateEditDelete.png>]
Underfull \hbox (badness 10000) in paragraph at lines 6--7

 []


Underfull \hbox (badness 10000) in paragraph at lines 7--8

 []


Underfull \hbox (badness 10000) in paragraph at lines 8--9

 []


Underfull \hbox (badness 10000) in paragraph at lines 9--10

 []


Underfull \hbox (badness 10000) in paragraph at lines 10--11

 []


Underfull \hbox (badness 10000) in paragraph at lines 14--16

 []


Underfull \hbox (badness 10000) in paragraph at lines 16--17

 []


Underfull \hbox (badness 10000) in paragraph at lines 17--18

 []

) (../poolBuilderReadCD.hlp.tex
</mdk/doc/manual/screenshots/en/poolBuilderReadCD.png, id=1552, 1149.29375pt x 
1226.5825pt>
File: /mdk/doc/manual/screenshots/en/poolBuilderReadCD.png Graphic file (type p
ng)
 <use /mdk/doc/manual/screenshots/en/poolBuilderReadCD.png>
Package pdftex.def Info: /mdk/doc/manual/screenshots/en/poolBuilderReadCD.png u
sed on input line 2.
(pdftex.def)             Requested size: 459.70937pt x 490.62431pt.

Overfull \hbox (32.27783pt too wide) in paragraph at lines 2--3
[] 
 []


Underfull \hbox (badness 10000) in paragraph at lines 2--3

 []

[86]
Underfull \hbox (badness 10000) in paragraph at lines 4--5

 []


Underfull \hbox (badness 10000) in paragraph at lines 5--6

 []


Underfull \hbox (badness 10000) in paragraph at lines 6--7

 []


Underfull \hbox (badness 10000) in paragraph at lines 7--8

 []

[87 </mdk/doc/manual/screenshots/en/poolBuilderReadCD.png>])
(../poolBuilderCreateIndex.hlp.tex
</mdk/doc/manual/screenshots/en/poolBuilderCreateIndex.png, id=1563, 1227.58624
pt x 1006.76125pt>
File: /mdk/doc/manual/screenshots/en/poolBuilderCreateIndex.png Graphic file (t
ype png)

<use /mdk/doc/manual/screenshots/en/poolBuilderCreateIndex.png>
Package pdftex.def Info: /mdk/doc/manual/screenshots/en/poolBuilderCreateIndex.
png used on input line 2.
(pdftex.def)             Requested size: 491.0258pt x 402.69736pt.
)
(../poolBuilderSelectPackageSourcesAndPackages.hlp.tex
Overfull \hbox (63.59427pt too wide) in paragraph at lines 2--1
[] 
 []


Underfull \hbox (badness 10000) in paragraph at lines 2--1

 []


</mdk/doc/manual/screenshots/en/poolBuilderSelectPackageSourcesAndPackages.png,
 id=1564, 1149.29375pt x 1407.2575pt>
File: /mdk/doc/manual/screenshots/en/poolBuilderSelectPackageSourcesAndPackages
.png Graphic file (type png)

<use /mdk/doc/manual/screenshots/en/poolBuilderSelectPackageSourcesAndPackages.
png>
Package pdftex.def Info: /mdk/doc/manual/screenshots/en/poolBuilderSelectPackag
eSourcesAndPackages.png used on input line 2.
(pdftex.def)             Requested size: 459.70937pt x 562.89304pt.

Overfull \hbox (32.27783pt too wide) in paragraph at lines 2--4
[] 
 []


Underfull \hbox (badness 10000) in paragraph at lines 2--4

 []

[88 </mdk/doc/manual/screenshots/en/poolBuilderCreateIndex.png>]
Underfull \hbox (badness 10000) in paragraph at lines 5--6

 []


Underfull \hbox (badness 10000) in paragraph at lines 7--8

 []

[89 </mdk/doc/manual/screenshots/en/poolBuilderSelectPackageSourcesAndPackages.
png>]
Underfull \hbox (badness 10000) in paragraph at lines 8--9

 []


Underfull \hbox (badness 10000) in paragraph at lines 9--10

 []


Underfull \hbox (badness 10000) in paragraph at lines 10--11

 []


Underfull \hbox (badness 10000) in paragraph at lines 11--12

 []


Underfull \hbox (badness 10000) in paragraph at lines 15--16

 []


Underfull \hbox (badness 10000) in paragraph at lines 19--20

 []


Underfull \hbox (badness 10000) in paragraph at lines 21--22

 []


Underfull \hbox (badness 10000) in paragraph at lines 22--23

 []


Underfull \hbox (badness 10000) in paragraph at lines 24--25

 []


Underfull \hbox (badness 10000) in paragraph at lines 25--26

 []


Underfull \hbox (badness 10000) in paragraph at lines 26--27

 []


Underfull \hbox (badness 10000) in paragraph at lines 27--28

 []


Underfull \hbox (badness 10000) in paragraph at lines 29--30

 []

[90]) (../poolBuilderStartDownload.hlp.tex
Underfull \hbox (badness 10000) in paragraph at lines 33--1

 []


</mdk/doc/manual/screenshots/en/poolBuilderStartDownload.png, id=1583, 1149.293
75pt x 1407.2575pt>
File: /mdk/doc/manual/screenshots/en/poolBuilderStartDownload.png Graphic file 
(type png)

<use /mdk/doc/manual/screenshots/en/poolBuilderStartDownload.png>
Package pdftex.def Info: /mdk/doc/manual/screenshots/en/poolBuilderStartDownloa
d.png used on input line 2.
(pdftex.def)             Requested size: 459.70937pt x 562.89304pt.
)
(../poolBuilderDownloadStatus.hlp.tex
Overfull \hbox (32.27783pt too wide) in paragraph at lines 2--1
[] 
 []


Underfull \hbox (badness 10000) in paragraph at lines 2--1

 []

[91]
</mdk/doc/manual/screenshots/en/poolBuilderDownloadStatus.png, id=1589, 1227.58
624pt x 917.4275pt>
File: /mdk/doc/manual/screenshots/en/poolBuilderDownloadStatus.png Graphic file
 (type png)

<use /mdk/doc/manual/screenshots/en/poolBuilderDownloadStatus.png>
Package pdftex.def Info: /mdk/doc/manual/screenshots/en/poolBuilderDownloadStat
us.png used on input line 2.
(pdftex.def)             Requested size: 491.0258pt x 366.96451pt.
)
(../poolBuilderShowSourcesList.hlp.tex
Overfull \hbox (63.59427pt too wide) in paragraph at lines 2--1
[] 
 []


Underfull \hbox (badness 10000) in paragraph at lines 2--1

 []

[92 </mdk/doc/manual/screenshots/en/poolBuilderStartDownload.png>]
</mdk/doc/manual/screenshots/en/poolBuilderShowSourcesList.png, id=1595, 1227.5
8624pt x 357.335pt>
File: /mdk/doc/manual/screenshots/en/poolBuilderShowSourcesList.png Graphic fil
e (type png)

<use /mdk/doc/manual/screenshots/en/poolBuilderShowSourcesList.png>
Package pdftex.def Info: /mdk/doc/manual/screenshots/en/poolBuilderShowSourcesL
ist.png used on input line 2.
(pdftex.def)             Requested size: 491.0258pt x 142.93146pt.
)
Overfull \hbox (63.59427pt too wide) in paragraph at lines 2--98
[] 
 []


Underfull \hbox (badness 10000) in paragraph at lines 2--98

 []

[93 </mdk/doc/manual/screenshots/en/poolBuilderDownloadStatus.png> </mdk/doc/ma
nual/screenshots/en/poolBuilderShowSourcesList.png>] [94]
Chapter 13.
(../clientBuilder.hlp.tex
</mdk/doc/manual/screenshots/en/clientBuilder.png, id=1606, 1012.78375pt x 1361
.085pt>
File: /mdk/doc/manual/screenshots/en/clientBuilder.png Graphic file (type png)
 <use /mdk/doc/manual/screenshots/en/clientBuilder.png>
Package pdftex.def Info: /mdk/doc/manual/screenshots/en/clientBuilder.png used 
on input line 2.
(pdftex.def)             Requested size: 405.10632pt x 544.42436pt.
)
(../diskDefine.hlp.tex
Underfull \hbox (badness 10000) in paragraph at lines 1--1

 []

[95

]
Overfull \vbox (89.1545pt too high) has occurred while \output is active []


[96 </mdk/doc/manual/screenshots/en/clientBuilder.png>]
</mdk/doc/manual/screenshots/en/diskDefine.png, id=1617, 1012.78375pt x 1361.08
5pt>
File: /mdk/doc/manual/screenshots/en/diskDefine.png Graphic file (type png)
 <use /mdk/doc/manual/screenshots/en/diskDefine.png>
Package pdftex.def Info: /mdk/doc/manual/screenshots/en/diskDefine.png used on 
input line 2.
(pdftex.def)             Requested size: 405.10632pt x 544.42436pt.

Underfull \hbox (badness 10000) in paragraph at lines 2--4

 []

[97 </mdk/doc/manual/screenshots/en/diskDefine.png>]
Underfull \hbox (badness 10000) in paragraph at lines 6--7

 []


Underfull \hbox (badness 10000) in paragraph at lines 7--8

 []


Underfull \hbox (badness 10000) in paragraph at lines 10--11

 []


Underfull \hbox (badness 10000) in paragraph at lines 12--13

 []


Underfull \hbox (badness 10000) in paragraph at lines 14--15

 []


Underfull \hbox (badness 10000) in paragraph at lines 15--16

 []

) (../mi_step0.hlp.tex
</mdk/doc/manual/screenshots/en/mi_step0.png, id=1623, 1011.78pt x 973.6375pt>
File: /mdk/doc/manual/screenshots/en/mi_step0.png Graphic file (type png)

<use /mdk/doc/manual/screenshots/en/mi_step0.png>
Package pdftex.def Info: /mdk/doc/manual/screenshots/en/mi_step0.png used on in
put line 2.
(pdftex.def)             Requested size: 404.70483pt x 389.44809pt.

Underfull \hbox (badness 10000) in paragraph at lines 2--4

 []

[98]
Underfull \hbox (badness 10000) in paragraph at lines 6--7

 []


Underfull \hbox (badness 10000) in paragraph at lines 7--8

 []


Underfull \hbox (badness 10000) in paragraph at lines 8--9

 []

) (../mi_step1.hlp.tex
Underfull \hbox (badness 10000) in paragraph at lines 10--1

 []


</mdk/doc/manual/screenshots/en/mi_step1.png, id=1628, 1011.78pt x 339.2675pt>
File: /mdk/doc/manual/screenshots/en/mi_step1.png Graphic file (type png)

<use /mdk/doc/manual/screenshots/en/mi_step1.png>
Package pdftex.def Info: /mdk/doc/manual/screenshots/en/mi_step1.png used on in
put line 2.
(pdftex.def)             Requested size: 404.70483pt x 135.70459pt.
) (../mi_step2.hlp.tex
Underfull \hbox (badness 10000) in paragraph at lines 2--1

 []

[99 </mdk/doc/manual/screenshots/en/mi_step0.png>]
</mdk/doc/manual/screenshots/en/mi_step2.png, id=1634, 1010.77625pt x 440.64626
pt>
File: /mdk/doc/manual/screenshots/en/mi_step2.png Graphic file (type png)
 <use /mdk/doc/manual/screenshots/en/mi_step2.png>
Package pdftex.def Info: /mdk/doc/manual/screenshots/en/mi_step2.png used on in
put line 2.
(pdftex.def)             Requested size: 333.55719pt x 145.41371pt.

Underfull \hbox (badness 10000) in paragraph at lines 2--4

 []


Underfull \hbox (badness 10000) in paragraph at lines 5--6

 []


Underfull \hbox (badness 10000) in paragraph at lines 6--7

 []


Underfull \hbox (badness 10000) in paragraph at lines 9--11

 []


Underfull \hbox (badness 10000) in paragraph at lines 14--15

 []


Underfull \hbox (badness 10000) in paragraph at lines 16--17

 []


Underfull \hbox (badness 10000) in paragraph at lines 18--19

 []

[100 </mdk/doc/manual/screenshots/en/mi_step1.png> </mdk/doc/manual/screenshots
/en/mi_step2.png>]
Underfull \hbox (badness 10000) in paragraph at lines 19--20

 []


Underfull \hbox (badness 10000) in paragraph at lines 21--22

 []


Underfull \hbox (badness 10000) in paragraph at lines 22--23

 []


Underfull \hbox (badness 10000) in paragraph at lines 23--24

 []


Underfull \hbox (badness 10000) in paragraph at lines 27--28

 []


Underfull \hbox (badness 10000) in paragraph at lines 30--31

 []


Underfull \hbox (badness 10000) in paragraph at lines 31--32

 []


Underfull \hbox (badness 10000) in paragraph at lines 32--33

 []


Underfull \hbox (badness 10000) in paragraph at lines 33--34

 []

) (../mi_step3.hlp.tex
</mdk/doc/manual/screenshots/en/mi_step3.png, id=1641, 1010.77625pt x 435.6275p
t>
File: /mdk/doc/manual/screenshots/en/mi_step3.png Graphic file (type png)
 <use /mdk/doc/manual/screenshots/en/mi_step3.png>
Package pdftex.def Info: /mdk/doc/manual/screenshots/en/mi_step3.png used on in
put line 2.
(pdftex.def)             Requested size: 404.30333pt x 174.24791pt.

Underfull \hbox (badness 10000) in paragraph at lines 2--4

 []


Underfull \hbox (badness 10000) in paragraph at lines 5--6

 []

[101 </mdk/doc/manual/screenshots/en/mi_step3.png>]
Underfull \hbox (badness 10000) in paragraph at lines 6--7

 []


Underfull \hbox (badness 10000) in paragraph at lines 7--8

 []


Underfull \hbox (badness 10000) in paragraph at lines 8--9

 []


Underfull \hbox (badness 10000) in paragraph at lines 21--22

 []


Underfull \hbox (badness 10000) in paragraph at lines 22--23

 []


Underfull \hbox (badness 10000) in paragraph at lines 23--24

 []

) (../mi_step4.hlp.tex
</mdk/doc/manual/screenshots/en/mi_step4.png, id=1651, 3782.13pt x 536.0025pt>
File: /mdk/doc/manual/screenshots/en/mi_step4.png Graphic file (type png)

<use /mdk/doc/manual/screenshots/en/mi_step4.png>
Package pdftex.def Info: /mdk/doc/manual/screenshots/en/mi_step4.png used on in
put line 2.
(pdftex.def)             Requested size: 1248.1068pt x 176.88136pt.

Overfull \hbox (820.67526pt too wide) in paragraph at lines 1--3
[] 
 []


Underfull \hbox (badness 10000) in paragraph at lines 1--3

 []

)
Underfull \hbox (badness 10000) in paragraph at lines 4--107

 []

[102 </mdk/doc/manual/screenshots/en/mi_step4.png>] [103]
Chapter 14.
(../makeBootDisk.hlp.tex
</mdk/doc/manual/screenshots/en/makeBootDisk.png, id=1662, 1010.77625pt x 322.2
0375pt>
File: /mdk/doc/manual/screenshots/en/makeBootDisk.png Graphic file (type png)
 <use /mdk/doc/manual/screenshots/en/makeBootDisk.png>
Package pdftex.def Info: /mdk/doc/manual/screenshots/en/makeBootDisk.png used o
n input line 2.
(pdftex.def)             Requested size: 404.30333pt x 128.87921pt.

Underfull \hbox (badness 10000) in paragraph at lines 1--4

 []


Underfull \hbox (badness 10000) in paragraph at lines 5--6

 []


Underfull \hbox (badness 10000) in paragraph at lines 6--7

 []


Underfull \hbox (badness 10000) in paragraph at lines 7--8

 []

) (../makeBootCD.hlp.tex
</mdk/doc/manual/screenshots/en/makeBootCD.png, id=1663, 1009.7725pt x 791.9587
6pt>
File: /mdk/doc/manual/screenshots/en/makeBootCD.png Graphic file (type png)
 <use /mdk/doc/manual/screenshots/en/makeBootCD.png>
Package pdftex.def Info: /mdk/doc/manual/screenshots/en/makeBootCD.png used on 
input line 2.
(pdftex.def)             Requested size: 403.90184pt x 316.7779pt.

Underfull \hbox (badness 10000) in paragraph at lines 1--3

 []

[104

 </mdk/doc/manual/screenshots/en/makeBootDisk.png>]
Underfull \hbox (badness 10000) in paragraph at lines 4--5

 []


Underfull \hbox (badness 10000) in paragraph at lines 5--6

 []


Underfull \hbox (badness 10000) in paragraph at lines 6--7

 []


Underfull \hbox (badness 10000) in paragraph at lines 8--9

 []

)
Underfull \hbox (badness 10000) in paragraph at lines 10--111

 []

(../../gpl.tex [105 </mdk/doc/manual/screenshots/en/makeBootCD.png>]
Chapter 15.
[106

] [107] [108]
Underfull \hbox (badness 10000) in paragraph at lines 362--364

 []

[109]
Underfull \hbox (badness 10000) in paragraph at lines 404--406

 []

)
Package atveryend Info: Empty hook `BeforeClearDocument' on input line 114.
 [110]
Package atveryend Info: Empty hook `AfterLastShipout' on input line 114.
 (./manual.aux)
Package atveryend Info: Executing hook `AtVeryEndDocument' on input line 114.
Package atveryend Info: Executing hook `AtEndAfterFileList' on input line 114.
Package rerunfilecheck Info: File `manual.out' has not changed.
(rerunfilecheck)             Checksum: 6E71E945D364FA4AFC7BACAAEBBFE83E;13732.
Package atveryend Info: Empty hook `AtVeryVeryEnd' on input line 114.
 ) 
Here is how much of TeX's memory you used:
 7562 strings out of 495007
 121402 string characters out of 3179689
 184422 words of memory out of 3000000
 9954 multiletter control sequences out of 15000+200000
 59519 words of font info for 73 fonts, out of 3000000 for 9000
 14 hyphenation exceptions out of 8191
 29i,7n,28p,1143b,626s stack positions out of 5000i,500n,10000p,200000b,50000s
{/usr/share/texlive/texmf-dist/fonts/enc/dvips/base/8r.enc}</usr/share/texliv
e/texmf-dist/fonts/type1/public/amsfonts/cm/cmmi10.pfb></usr/share/texlive/texm
f-dist/fonts/type1/public/amsfonts/cm/cmmi7.pfb></usr/share/texlive/texmf-dist/
fonts/type1/public/amsfonts/cm/cmr10.pfb></usr/share/texlive/texmf-dist/fonts/t
ype1/public/amsfonts/cm/cmsy10.pfb></usr/share/texlive/texmf-dist/fonts/type1/u
rw/courier/ucrr8a.pfb></usr/share/texlive/texmf-dist/fonts/type1/urw/times/utmb
8a.pfb></usr/share/texlive/texmf-dist/fonts/type1/urw/times/utmr8a.pfb></usr/sh
are/texlive/texmf-dist/fonts/type1/urw/times/utmri8a.pfb>
Output written on manual.pdf (111 pages, 3239692 bytes).
PDF statistics:
 1843 PDF objects out of 2073 (max. 8388607)
 1566 compressed objects within 16 object streams
 413 named destinations out of 1000 (max. 500000)
 1995 words of extra memory for PDF output out of 10000 (max. 10000000)

