\BOOKMARK [0][-]{chapter.1}{Introduction}{}% 1
\BOOKMARK [1][-]{section.1.1}{What is m23?}{chapter.1}% 2
\BOOKMARK [1][-]{section.1.2}{The components of the m23 server}{chapter.1}% 3
\BOOKMARK [2][-]{subsection.1.2.1}{Debian GNU/Linux}{section.1.2}% 4
\BOOKMARK [2][-]{subsection.1.2.2}{Place the development on the shoulders of giants}{section.1.2}% 5
\BOOKMARK [1][-]{section.1.3}{License}{chapter.1}% 6
\BOOKMARK [1][-]{section.1.4}{Download}{chapter.1}% 7
\BOOKMARK [1][-]{section.1.5}{Support}{chapter.1}% 8
\BOOKMARK [2][-]{subsection.1.5.1}{m23 community support}{section.1.5}% 9
\BOOKMARK [2][-]{subsection.1.5.2}{Commercial support for m23 and other OSS solutions}{section.1.5}% 10
\BOOKMARK [1][-]{section.1.6}{Information about the manual}{chapter.1}% 11
\BOOKMARK [0][-]{chapter.2}{Requirements for m23}{}% 12
\BOOKMARK [1][-]{section.2.1}{The m23 server}{chapter.2}% 13
\BOOKMARK [1][-]{section.2.2}{The m23 clients}{chapter.2}% 14
\BOOKMARK [1][-]{section.2.3}{Internet access}{chapter.2}% 15
\BOOKMARK [1][-]{section.2.4}{PC with webbrowser}{chapter.2}% 16
\BOOKMARK [1][-]{section.2.5}{The server installation CD}{chapter.2}% 17
\BOOKMARK [0][-]{chapter.3}{Server installation}{}% 18
\BOOKMARK [1][-]{section.3.1}{Preperations}{chapter.3}% 19
\BOOKMARK [1][-]{section.3.2}{Start the installation}{chapter.3}% 20
\BOOKMARK [1][-]{section.3.3}{Completion of the installation}{chapter.3}% 21
\BOOKMARK [0][-]{chapter.4}{First steps with your m23 server}{}% 22
\BOOKMARK [1][-]{section.4.1}{Connect to your m23 server}{chapter.4}% 23
\BOOKMARK [1][-]{section.4.2}{Adding a client}{chapter.4}% 24
\BOOKMARK [0][-]{chapter.5}{Server}{}% 25
\BOOKMARK [1][-]{section.5.1}{Server settings}{chapter.5}% 26
\BOOKMARK [2][-]{subsection.5.1.1}{System}{section.5.1}% 27
\BOOKMARK [2][-]{subsection.5.1.2}{Components}{section.5.1}% 28
\BOOKMARK [2][-]{subsection.5.1.3}{Server hacks}{section.5.1}% 29
\BOOKMARK [2][-]{subsection.5.1.4}{Extras}{section.5.1}% 30
\BOOKMARK [1][-]{section.5.2}{Manage administrators}{chapter.5}% 31
\BOOKMARK [1][-]{section.5.3}{Update server software}{chapter.5}% 32
\BOOKMARK [2][-]{subsection.5.3.1}{Step by step}{section.5.3}% 33
\BOOKMARK [1][-]{section.5.4}{Daemons and programs}{chapter.5}% 34
\BOOKMARK [2][-]{subsection.5.4.1}{Hint}{section.5.4}% 35
\BOOKMARK [2][-]{subsection.5.4.2}{Color codes}{section.5.4}% 36
\BOOKMARK [2][-]{subsection.5.4.3}{Description of daemons}{section.5.4}% 37
\BOOKMARK [1][-]{section.5.5}{Manage LDAP servers}{chapter.5}% 38
\BOOKMARK [1][-]{section.5.6}{Manage GPG keys}{chapter.5}% 39
\BOOKMARK [1][-]{section.5.7}{Manage image files}{chapter.5}% 40
\BOOKMARK [1][-]{section.5.8}{Server backup}{chapter.5}% 41
\BOOKMARK [2][-]{subsection.5.8.1}{Encrypt and upload backup}{section.5.8}% 42
\BOOKMARK [2][-]{subsection.5.8.2}{Hint for the GPG keys}{section.5.8}% 43
\BOOKMARK [2][-]{subsection.5.8.3}{scp}{section.5.8}% 44
\BOOKMARK [2][-]{subsection.5.8.4}{Hint}{section.5.8}% 45
\BOOKMARK [2][-]{subsection.5.8.5}{share-online.biz}{section.5.8}% 46
\BOOKMARK [2][-]{subsection.5.8.6}{Hint:}{section.5.8}% 47
\BOOKMARK [2][-]{subsection.5.8.7}{cron settings}{section.5.8}% 48
\BOOKMARK [2][-]{subsection.5.8.8}{Step by step: Adding a new job}{section.5.8}% 49
\BOOKMARK [2][-]{subsection.5.8.9}{Deletion of jobs}{section.5.8}% 50
\BOOKMARK [1][-]{section.5.9}{Backup list}{chapter.5}% 51
\BOOKMARK [2][-]{subsection.5.9.1}{Hint}{section.5.9}% 52
\BOOKMARK [1][-]{section.5.10}{Howto restore your m23 server}{chapter.5}% 53
\BOOKMARK [1][-]{section.5.11}{IP management}{chapter.5}% 54
\BOOKMARK [2][-]{subsection.5.11.1}{Single clients / network settings}{section.5.11}% 55
\BOOKMARK [2][-]{subsection.5.11.2}{IP adress range}{section.5.11}% 56
\BOOKMARK [2][-]{subsection.5.11.3}{Adress tables}{section.5.11}% 57
\BOOKMARK [1][-]{section.5.12}{Select theme}{chapter.5}% 58
\BOOKMARK [0][-]{chapter.6}{m23 remote administration service}{}% 59
\BOOKMARK [1][-]{section.6.1}{m23 remote administration service}{chapter.6}% 60
\BOOKMARK [1][-]{section.6.2}{m23 remote administration service}{chapter.6}% 61
\BOOKMARK [2][-]{subsection.6.2.1}{Registration}{section.6.2}% 62
\BOOKMARK [2][-]{subsection.6.2.2}{Security}{section.6.2}% 63
\BOOKMARK [2][-]{subsection.6.2.3}{Activation}{section.6.2}% 64
\BOOKMARK [0][-]{chapter.7}{Manage your clients}{}% 65
\BOOKMARK [1][-]{section.7.1}{Clients overview}{chapter.7}% 66
\BOOKMARK [2][-]{subsection.7.1.1}{Status description}{section.7.1}% 67
\BOOKMARK [2][-]{subsection.7.1.2}{Jobs}{section.7.1}% 68
\BOOKMARK [2][-]{subsection.7.1.3}{Work on multiple clients}{section.7.1}% 69
\BOOKMARK [2][-]{subsection.7.1.4}{Hint}{section.7.1}% 70
\BOOKMARK [2][-]{subsection.7.1.5}{Gimmicks}{section.7.1}% 71
\BOOKMARK [1][-]{section.7.2}{Control center}{chapter.7}% 72
\BOOKMARK [2][-]{subsection.7.2.1}{About virtualisation in m23}{section.7.2}% 73
\BOOKMARK [2][-]{subsection.7.2.2}{Start, pause and stop a virtual m23 client}{section.7.2}% 74
\BOOKMARK [2][-]{subsection.7.2.3}{Setting up a VM host}{section.7.2}% 75
\BOOKMARK [1][-]{section.7.3}{Hardware information}{chapter.7}% 76
\BOOKMARK [1][-]{section.7.4}{Packages}{chapter.7}% 77
\BOOKMARK [1][-]{section.7.5}{Client log}{chapter.7}% 78
\BOOKMARK [1][-]{section.7.6}{Add to group}{chapter.7}% 79
\BOOKMARK [1][-]{section.7.7}{Remove from group}{chapter.7}% 80
\BOOKMARK [1][-]{section.7.8}{Recover client}{chapter.7}% 81
\BOOKMARK [2][-]{subsection.7.8.1}{Hint}{section.7.8}% 82
\BOOKMARK [1][-]{section.7.9}{Start rescue system}{chapter.7}% 83
\BOOKMARK [2][-]{subsection.7.9.1}{Hint}{section.7.9}% 84
\BOOKMARK [1][-]{section.7.10}{Change client status}{chapter.7}% 85
\BOOKMARK [2][-]{subsection.7.10.1}{Hint}{section.7.10}% 86
\BOOKMARK [2][-]{subsection.7.10.2}{Status description}{section.7.10}% 87
\BOOKMARK [2][-]{subsection.7.10.3}{Jobs}{section.7.10}% 88
\BOOKMARK [2][-]{subsection.7.10.4}{Work on multiple clients}{section.7.10}% 89
\BOOKMARK [2][-]{subsection.7.10.5}{Hint}{section.7.10}% 90
\BOOKMARK [2][-]{subsection.7.10.6}{Gimmicks}{section.7.10}% 91
\BOOKMARK [1][-]{section.7.11}{Change debug status}{chapter.7}% 92
\BOOKMARK [1][-]{section.7.12}{Client direct connection}{chapter.7}% 93
\BOOKMARK [2][-]{subsection.7.12.1}{Password}{section.7.12}% 94
\BOOKMARK [1][-]{section.7.13}{Change client}{chapter.7}% 95
\BOOKMARK [2][-]{subsection.7.13.1}{Hint}{section.7.13}% 96
\BOOKMARK [1][-]{section.7.14}{Change jobs}{chapter.7}% 97
\BOOKMARK [1][-]{section.7.15}{Create image}{chapter.7}% 98
\BOOKMARK [2][-]{subsection.7.15.1}{Caution}{section.7.15}% 99
\BOOKMARK [2][-]{subsection.7.15.2}{Hint for image files}{section.7.15}% 100
\BOOKMARK [2][-]{subsection.7.15.3}{Hint for the Transfer port}{section.7.15}% 101
\BOOKMARK [1][-]{section.7.16}{Backup}{chapter.7}% 102
\BOOKMARK [1][-]{section.7.17}{Construct package source and package selection based on a client }{chapter.7}% 103
\BOOKMARK [0][-]{chapter.8}{Control clients}{}% 104
\BOOKMARK [1][-]{section.8.1}{Add a new client}{chapter.8}% 105
\BOOKMARK [2][-]{subsection.8.1.1}{Note: External DHCP server}{section.8.1}% 106
\BOOKMARK [2][-]{subsection.8.1.2}{Note: UEFI}{section.8.1}% 107
\BOOKMARK [2][-]{subsection.8.1.3}{Hint}{section.8.1}% 108
\BOOKMARK [2][-]{subsection.8.1.4}{Note: Computer architectures}{section.8.1}% 109
\BOOKMARK [2][-]{subsection.8.1.5}{Additional information:}{section.8.1}% 110
\BOOKMARK [1][-]{section.8.2}{Using m23 with an external DHCP server}{chapter.8}% 111
\BOOKMARK [2][-]{subsection.8.2.1}{The other DHCP server can be deactivated}{section.8.2}% 112
\BOOKMARK [2][-]{subsection.8.2.2}{The other DHCP server CANNOT be deactivated}{section.8.2}% 113
\BOOKMARK [2][-]{subsection.8.2.3}{ISC DHCP server}{section.8.2}% 114
\BOOKMARK [2][-]{subsection.8.2.4}{Other DHCP server}{section.8.2}% 115
\BOOKMARK [2][-]{subsection.8.2.5}{Proxy DHCP}{section.8.2}% 116
\BOOKMARK [1][-]{section.8.3}{Client partitioning and formating}{chapter.8}% 117
\BOOKMARK [2][-]{subsection.8.3.1}{Hint: Undoing your changes}{section.8.3}% 118
\BOOKMARK [2][-]{subsection.8.3.2}{Hint: Usage of JavaScript}{section.8.3}% 119
\BOOKMARK [2][-]{subsection.8.3.3}{Overview of the menu entries}{section.8.3}% 120
\BOOKMARK [2][-]{subsection.8.3.4}{Note}{section.8.3}% 121
\BOOKMARK [2][-]{subsection.8.3.5}{Note about UEFI}{section.8.3}% 122
\BOOKMARK [2][-]{subsection.8.3.6}{Note about file systems}{section.8.3}% 123
\BOOKMARK [2][-]{subsection.8.3.7}{Step by step}{section.8.3}% 124
\BOOKMARK [2][-]{subsection.8.3.8}{Hint for RAIDs and partitions}{section.8.3}% 125
\BOOKMARK [2][-]{subsection.8.3.9}{Hint for the installation of operating systems on a RAID}{section.8.3}% 126
\BOOKMARK [1][-]{section.8.4}{Select the client distribution}{chapter.8}% 127
\BOOKMARK [2][-]{subsection.8.4.1}{Information:}{section.8.4}% 128
\BOOKMARK [2][-]{subsection.8.4.2}{Hint for imaging}{section.8.4}% 129
\BOOKMARK [2][-]{subsection.8.4.3}{Hint:}{section.8.4}% 130
\BOOKMARK [1][-]{section.8.5}{Delete a client}{chapter.8}% 131
\BOOKMARK [2][-]{subsection.8.5.1}{Status description}{section.8.5}% 132
\BOOKMARK [2][-]{subsection.8.5.2}{Jobs}{section.8.5}% 133
\BOOKMARK [2][-]{subsection.8.5.3}{Work on multiple clients}{section.8.5}% 134
\BOOKMARK [2][-]{subsection.8.5.4}{Hint}{section.8.5}% 135
\BOOKMARK [2][-]{subsection.8.5.5}{Gimmicks}{section.8.5}% 136
\BOOKMARK [1][-]{section.8.6}{Client assimilation}{chapter.8}% 137
\BOOKMARK [2][-]{subsection.8.6.1}{Hint}{section.8.6}% 138
\BOOKMARK [2][-]{subsection.8.6.2}{Manual assimilation}{section.8.6}% 139
\BOOKMARK [2][-]{subsection.8.6.3}{Hint for the assimilation of an Ubuntu system}{section.8.6}% 140
\BOOKMARK [0][-]{chapter.9}{Virtualisation}{}% 141
\BOOKMARK [1][-]{section.9.1}{Create VM}{chapter.9}% 142
\BOOKMARK [2][-]{subsection.9.1.1}{Step by step}{section.9.1}% 143
\BOOKMARK [2][-]{subsection.9.1.2}{VirtualBox}{section.9.1}% 144
\BOOKMARK [2][-]{subsection.9.1.3}{Apache CloudStack\256}{section.9.1}% 145
\BOOKMARK [2][-]{subsection.9.1.4}{Hint}{section.9.1}% 146
\BOOKMARK [2][-]{subsection.9.1.5}{Hints about the VM host \(VirtualBox\)}{section.9.1}% 147
\BOOKMARK [2][-]{subsection.9.1.6}{Memory, harddisk and CPU \(VirtualBox\)}{section.9.1}% 148
\BOOKMARK [1][-]{section.9.2}{Download VirtualBox additions}{chapter.9}% 149
\BOOKMARK [2][-]{subsection.9.2.1}{Downloading of guest additions}{section.9.2}% 150
\BOOKMARK [2][-]{subsection.9.2.2}{Choose a default version}{section.9.2}% 151
\BOOKMARK [2][-]{subsection.9.2.3}{Deleting of additions}{section.9.2}% 152
\BOOKMARK [1][-]{section.9.3}{Apache CloudStack\256}{chapter.9}% 153
\BOOKMARK [2][-]{subsection.9.3.1}{Hint}{section.9.3}% 154
\BOOKMARK [0][-]{chapter.10}{Group management}{}% 155
\BOOKMARK [1][-]{section.10.1}{Groups overview}{chapter.10}% 156
\BOOKMARK [2][-]{subsection.10.1.1}{Store jobs for groups}{section.10.1}% 157
\BOOKMARK [2][-]{subsection.10.1.2}{Step by step:}{section.10.1}% 158
\BOOKMARK [1][-]{section.10.2}{Add group}{chapter.10}% 159
\BOOKMARK [2][-]{subsection.10.2.1}{Note}{section.10.2}% 160
\BOOKMARK [0][-]{chapter.11}{Packages}{}% 161
\BOOKMARK [1][-]{section.11.1}{Install packages}{chapter.11}% 162
\BOOKMARK [2][-]{subsection.11.1.1}{Hint}{section.11.1}% 163
\BOOKMARK [2][-]{subsection.11.1.2}{Installation of packages:}{section.11.1}% 164
\BOOKMARK [2][-]{subsection.11.1.3}{Changing the package priority}{section.11.1}% 165
\BOOKMARK [2][-]{subsection.11.1.4}{Installation preview}{section.11.1}% 166
\BOOKMARK [2][-]{subsection.11.1.5}{Hint for package selections}{section.11.1}% 167
\BOOKMARK [2][-]{subsection.11.1.6}{Hint}{section.11.1}% 168
\BOOKMARK [1][-]{section.11.2}{Deinstall packages}{chapter.11}% 169
\BOOKMARK [2][-]{subsection.11.2.1}{Hint}{section.11.2}% 170
\BOOKMARK [2][-]{subsection.11.2.2}{Deinstallation of packages:}{section.11.2}% 171
\BOOKMARK [2][-]{subsection.11.2.3}{Deinstallation preview}{section.11.2}% 172
\BOOKMARK [1][-]{section.11.3}{Update}{chapter.11}% 173
\BOOKMARK [2][-]{subsection.11.3.1}{Update types}{section.11.3}% 174
\BOOKMARK [1][-]{section.11.4}{Edit package sources}{chapter.11}% 175
\BOOKMARK [2][-]{subsection.11.4.1}{Information}{section.11.4}% 176
\BOOKMARK [2][-]{subsection.11.4.2}{Hint}{section.11.4}% 177
\BOOKMARK [1][-]{section.11.5}{Edit package selections}{chapter.11}% 178
\BOOKMARK [2][-]{subsection.11.5.1}{Step by step}{section.11.5}% 179
\BOOKMARK [2][-]{subsection.11.5.2}{Deletion of selection}{section.11.5}% 180
\BOOKMARK [2][-]{subsection.11.5.3}{Im/Export selected packages}{section.11.5}% 181
\BOOKMARK [2][-]{subsection.11.5.4}{Hint}{section.11.5}% 182
\BOOKMARK [1][-]{section.11.6}{Package builder}{chapter.11}% 183
\BOOKMARK [2][-]{subsection.11.6.1}{Hint}{section.11.6}% 184
\BOOKMARK [1][-]{section.11.7}{Script editor}{chapter.11}% 185
\BOOKMARK [2][-]{subsection.11.7.1}{Hints}{section.11.7}% 186
\BOOKMARK [0][-]{chapter.12}{Poll builder}{}% 187
\BOOKMARK [1][-]{section.12.1}{Pool builder \(Create, edit, delete pool\)}{chapter.12}% 188
\BOOKMARK [2][-]{subsection.12.1.1}{Hint}{section.12.1}% 189
\BOOKMARK [1][-]{section.12.2}{Pool builder \(Read packages from CD\)}{chapter.12}% 190
\BOOKMARK [1][-]{section.12.3}{Pool builder \(Create package index\)}{chapter.12}% 191
\BOOKMARK [1][-]{section.12.4}{Pool builder \(Select package sources and packages\)}{chapter.12}% 192
\BOOKMARK [2][-]{subsection.12.4.1}{Hint}{section.12.4}% 193
\BOOKMARK [1][-]{section.12.5}{Pool builder \(Start download\)}{chapter.12}% 194
\BOOKMARK [1][-]{section.12.6}{Pool builder \(Packages are beeing downloaded\)}{chapter.12}% 195
\BOOKMARK [1][-]{section.12.7}{Package sources}{chapter.12}% 196
\BOOKMARK [0][-]{chapter.13}{Mass installation}{}% 197
\BOOKMARK [1][-]{section.13.1}{Client builder}{chapter.13}% 198
\BOOKMARK [2][-]{subsection.13.1.1}{Note: External DHCP server}{section.13.1}% 199
\BOOKMARK [2][-]{subsection.13.1.2}{Note: UEFI}{section.13.1}% 200
\BOOKMARK [2][-]{subsection.13.1.3}{Hint}{section.13.1}% 201
\BOOKMARK [2][-]{subsection.13.1.4}{Note: Computer architectures}{section.13.1}% 202
\BOOKMARK [1][-]{section.13.2}{Define disk type and size}{chapter.13}% 203
\BOOKMARK [2][-]{subsection.13.2.1}{Hint}{section.13.2}% 204
\BOOKMARK [2][-]{subsection.13.2.2}{Adjustment criteria}{section.13.2}% 205
\BOOKMARK [2][-]{subsection.13.2.3}{Hint}{section.13.2}% 206
\BOOKMARK [1][-]{section.13.3}{Select value generation method}{chapter.13}% 207
\BOOKMARK [2][-]{subsection.13.3.1}{There are 3 methods}{section.13.3}% 208
\BOOKMARK [1][-]{section.13.4}{Select data source}{chapter.13}% 209
\BOOKMARK [1][-]{section.13.5}{Select data source/Assign columns}{chapter.13}% 210
\BOOKMARK [2][-]{subsection.13.5.1}{Select and upload a database file}{section.13.5}% 211
\BOOKMARK [2][-]{subsection.13.5.2}{Hint}{section.13.5}% 212
\BOOKMARK [2][-]{subsection.13.5.3}{Assign the fields to the client options}{section.13.5}% 213
\BOOKMARK [2][-]{subsection.13.5.4}{Step by step}{section.13.5}% 214
\BOOKMARK [1][-]{section.13.6}{Generator options}{chapter.13}% 215
\BOOKMARK [1][-]{section.13.7}{Enter missing values/overview}{chapter.13}% 216
\BOOKMARK [2][-]{subsection.13.7.1}{Change the number of clients}{section.13.7}% 217
\BOOKMARK [0][-]{chapter.14}{Tools}{}% 218
\BOOKMARK [1][-]{section.14.1}{Make bootdisk for m23 installation}{chapter.14}% 219
\BOOKMARK [1][-]{section.14.2}{Make boot CD}{chapter.14}% 220
\BOOKMARK [2][-]{subsection.14.2.1}{Hint}{section.14.2}% 221
\BOOKMARK [0][-]{chapter.15}{The GNU General Public License}{}% 222
