This is pdfTeX, Version 3.14159265-2.6-1.40.15 (TeX Live 2015/dev/Debian) (preloaded format=pdflatex 2017.3.8)  22 JAN 2018 12:04
entering extended mode
 restricted \write18 enabled.
 %&-line parsing enabled.
**devguide.tex
(./devguide.tex
LaTeX2e <2014/05/01>
Babel <3.9l> and hyphenation patterns for 9 languages loaded.
(/usr/share/texlive/texmf-dist/tex/latex/base/book.cls
Document Class: book 2014/09/29 v1.4h Standard LaTeX document class
(/usr/share/texlive/texmf-dist/tex/latex/base/bk10.clo
File: bk10.clo 2014/09/29 v1.4h Standard LaTeX file (size option)
)
\c@part=\count79
\c@chapter=\count80
\c@section=\count81
\c@subsection=\count82
\c@subsubsection=\count83
\c@paragraph=\count84
\c@subparagraph=\count85
\c@figure=\count86
\c@table=\count87
\abovecaptionskip=\skip41
\belowcaptionskip=\skip42
\bibindent=\dimen102
)
(/usr/share/texlive/texmf-dist/tex/generic/babel/babel.sty
Package: babel 2014/09/25 3.9l The Babel package

(/usr/share/texlive/texmf-dist/tex/generic/babel-english/english.ldf
Language: english 2012/08/20 v3.3p English support from the babel system

(/usr/share/texlive/texmf-dist/tex/generic/babel/babel.def
File: babel.def 2014/09/25 3.9l Babel common definitions
\babel@savecnt=\count88
\U@D=\dimen103
)
\l@british = a dialect from \language\l@english 
\l@UKenglish = a dialect from \language\l@english 
\l@canadian = a dialect from \language\l@american 
\l@australian = a dialect from \language\l@british 
\l@newzealand = a dialect from \language\l@british 
))
(/usr/share/texlive/texmf-dist/tex/latex/graphics/color.sty
Package: color 2014/04/23 v1.1a Standard LaTeX Color (DPC)

(/usr/share/texlive/texmf-dist/tex/latex/latexconfig/color.cfg
File: color.cfg 2007/01/18 v1.5 color configuration of teTeX/TeXLive
)
Package color Info: Driver file: pdftex.def on input line 137.

(/usr/share/texlive/texmf-dist/tex/latex/pdftex-def/pdftex.def
File: pdftex.def 2011/05/27 v0.06d Graphics/color for pdfTeX

(/usr/share/texlive/texmf-dist/tex/generic/oberdiek/infwarerr.sty
Package: infwarerr 2010/04/08 v1.3 Providing info/warning/error messages (HO)
)
(/usr/share/texlive/texmf-dist/tex/generic/oberdiek/ltxcmds.sty
Package: ltxcmds 2011/11/09 v1.22 LaTeX kernel commands for general use (HO)
)
\Gread@gobject=\count89
))
(/usr/share/texlive/texmf-dist/tex/latex/psnfss/times.sty
Package: times 2005/04/12 PSNFSS-v9.2a (SPQR) 
)
(/usr/share/texlive/texmf-dist/tex/latex/amsfonts/amssymb.sty
Package: amssymb 2013/01/14 v3.01 AMS font symbols

(/usr/share/texlive/texmf-dist/tex/latex/amsfonts/amsfonts.sty
Package: amsfonts 2013/01/14 v3.01 Basic AMSFonts support
\@emptytoks=\toks14
\symAMSa=\mathgroup4
\symAMSb=\mathgroup5
LaTeX Font Info:    Overwriting math alphabet `\mathfrak' in version `bold'
(Font)                  U/euf/m/n --> U/euf/b/n on input line 106.
))
(/usr/share/texlive/texmf-dist/tex/latex/base/makeidx.sty
Package: makeidx 2014/09/29 v1.0m Standard LaTeX package
)
(/usr/share/texlive/texmf-dist/tex/latex/amsmath/amsmath.sty
Package: amsmath 2013/01/14 v2.14 AMS math features
\@mathmargin=\skip43

For additional information on amsmath, use the `?' option.
(/usr/share/texlive/texmf-dist/tex/latex/amsmath/amstext.sty
Package: amstext 2000/06/29 v2.01

(/usr/share/texlive/texmf-dist/tex/latex/amsmath/amsgen.sty
File: amsgen.sty 1999/11/30 v2.0
\@emptytoks=\toks15
\ex@=\dimen104
))
(/usr/share/texlive/texmf-dist/tex/latex/amsmath/amsbsy.sty
Package: amsbsy 1999/11/29 v1.2d
\pmbraise@=\dimen105
)
(/usr/share/texlive/texmf-dist/tex/latex/amsmath/amsopn.sty
Package: amsopn 1999/12/14 v2.01 operator names
)
\inf@bad=\count90
LaTeX Info: Redefining \frac on input line 210.
\uproot@=\count91
\leftroot@=\count92
LaTeX Info: Redefining \overline on input line 306.
\classnum@=\count93
\DOTSCASE@=\count94
LaTeX Info: Redefining \ldots on input line 378.
LaTeX Info: Redefining \dots on input line 381.
LaTeX Info: Redefining \cdots on input line 466.
\Mathstrutbox@=\box26
\strutbox@=\box27
\big@size=\dimen106
LaTeX Font Info:    Redeclaring font encoding OML on input line 566.
LaTeX Font Info:    Redeclaring font encoding OMS on input line 567.
\macc@depth=\count95
\c@MaxMatrixCols=\count96
\dotsspace@=\muskip10
\c@parentequation=\count97
\dspbrk@lvl=\count98
\tag@help=\toks16
\row@=\count99
\column@=\count100
\maxfields@=\count101
\andhelp@=\toks17
\eqnshift@=\dimen107
\alignsep@=\dimen108
\tagshift@=\dimen109
\tagwidth@=\dimen110
\totwidth@=\dimen111
\lineht@=\dimen112
\@envbody=\toks18
\multlinegap=\skip44
\multlinetaggap=\skip45
\mathdisplay@stack=\toks19
LaTeX Info: Redefining \[ on input line 2665.
LaTeX Info: Redefining \] on input line 2666.
)
(/usr/share/texlive/texmf-dist/tex/latex/tools/verbatim.sty
Package: verbatim 2014/10/28 v1.5q LaTeX2e package for verbatim enhancements
\every@verbatim=\toks20
\verbatim@line=\toks21
\verbatim@in@stream=\read1
)
(/usr/share/texlive/texmf-dist/tex/latex/vmargin/vmargin.sty
Package: vmargin 2004/07/15 V2.5 set document margins (VK)

Package: vmargin 2004/07/15 V2.5 set document margins (VK)
\PaperWidth=\dimen113
\PaperHeight=\dimen114
) (/usr/share/texlive/texmf-dist/tex/latex/base/t1enc.sty
Package: t1enc 1994/06/01 Standard LaTeX package
)
(/usr/share/texlive/texmf-dist/tex/latex/base/fontenc.sty
Package: fontenc 2005/09/27 v1.99g Standard LaTeX package

(/usr/share/texlive/texmf-dist/tex/latex/base/t1enc.def
File: t1enc.def 2005/09/27 v1.99g Standard LaTeX file
LaTeX Font Info:    Redeclaring font encoding T1 on input line 43.
))
(/usr/share/texlive/texmf-dist/tex/latex/base/inputenc.sty
Package: inputenc 2014/04/30 v1.2b Input encoding file
\inpenc@prehook=\toks22
\inpenc@posthook=\toks23

(/usr/share/texlive/texmf-dist/tex/latex/base/latin1.def
File: latin1.def 2014/04/30 v1.2b Input encoding file
))
(/usr/share/texlive/texmf-dist/tex/latex/graphics/graphicx.sty
Package: graphicx 2014/04/25 v1.0g Enhanced LaTeX Graphics (DPC,SPQR)

(/usr/share/texlive/texmf-dist/tex/latex/graphics/keyval.sty
Package: keyval 2014/05/08 v1.15 key=value parser (DPC)
\KV@toks@=\toks24
)
(/usr/share/texlive/texmf-dist/tex/latex/graphics/graphics.sty
Package: graphics 2009/02/05 v1.0o Standard LaTeX Graphics (DPC,SPQR)

(/usr/share/texlive/texmf-dist/tex/latex/graphics/trig.sty
Package: trig 1999/03/16 v1.09 sin cos tan (DPC)
)
(/usr/share/texlive/texmf-dist/tex/latex/latexconfig/graphics.cfg
File: graphics.cfg 2010/04/23 v1.9 graphics configuration of TeX Live
)
Package graphics Info: Driver file: pdftex.def on input line 91.
)
\Gin@req@height=\dimen115
\Gin@req@width=\dimen116
)
(./texStyleCommand/commands.tex)
(/usr/share/texlive/texmf-dist/tex/latex/minted/minted.sty
Package: minted 2011/09/17 v1.7 Yet another Pygments shim for LaTeX

(/usr/share/texlive/texmf-dist/tex/latex/fancyvrb/fancyvrb.sty
Package: fancyvrb 2008/02/07

Style option: `fancyvrb' v2.7a, with DG/SPQR fixes, and firstline=lastline fix 
<2008/02/07> (tvz)
\FV@CodeLineNo=\count102
\FV@InFile=\read2
\FV@TabBox=\box28
\c@FancyVerbLine=\count103
\FV@StepNumber=\count104
\FV@OutFile=\write3
) (/usr/share/texlive/texmf-dist/tex/latex/xcolor/xcolor.sty
Package: xcolor 2007/01/21 v2.11 LaTeX color extensions (UK)

(/usr/share/texlive/texmf-dist/tex/latex/latexconfig/color.cfg
File: color.cfg 2007/01/18 v1.5 color configuration of teTeX/TeXLive
)
Package xcolor Info: Driver file: pdftex.def on input line 225.
LaTeX Info: Redefining \color on input line 702.
Package xcolor Info: Model `cmy' substituted by `cmy0' on input line 1337.
Package xcolor Info: Model `hsb' substituted by `rgb' on input line 1341.
Package xcolor Info: Model `RGB' extended on input line 1353.
Package xcolor Info: Model `HTML' substituted by `rgb' on input line 1355.
Package xcolor Info: Model `Hsb' substituted by `hsb' on input line 1356.
Package xcolor Info: Model `tHsb' substituted by `hsb' on input line 1357.
Package xcolor Info: Model `HSB' substituted by `hsb' on input line 1358.
Package xcolor Info: Model `Gray' substituted by `gray' on input line 1359.
Package xcolor Info: Model `wave' substituted by `hsb' on input line 1360.
)
(/usr/share/texlive/texmf-dist/tex/latex/float/float.sty
Package: float 2001/11/08 v1.3d Float enhancements (AL)
\c@float@type=\count105
\float@exts=\toks25
\float@box=\box29
\@float@everytoks=\toks26
\@floatcapt=\box30
)
(/usr/share/texlive/texmf-dist/tex/latex/base/ifthen.sty
Package: ifthen 2014/09/29 v1.1c Standard LaTeX ifthen package (DPC)
)
(/usr/share/texlive/texmf-dist/tex/latex/tools/calc.sty
Package: calc 2014/10/28 v4.3 Infix arithmetic (KKT,FJ)
\calc@Acount=\count106
\calc@Bcount=\count107
\calc@Adimen=\dimen117
\calc@Bdimen=\dimen118
\calc@Askip=\skip46
\calc@Bskip=\skip47
LaTeX Info: Redefining \setlength on input line 75.
LaTeX Info: Redefining \addtolength on input line 76.
\calc@Ccount=\count108
\calc@Cskip=\skip48
)
(/usr/share/texlive/texmf-dist/tex/latex/ifplatform/ifplatform.sty
Package: ifplatform 2010/10/22 v0.4 Testing for the operating system

(/usr/share/texlive/texmf-dist/tex/generic/oberdiek/pdftexcmds.sty
Package: pdftexcmds 2011/11/29 v0.20 Utility functions of pdfTeX for LuaTeX (HO
)

(/usr/share/texlive/texmf-dist/tex/generic/oberdiek/ifluatex.sty
Package: ifluatex 2010/03/01 v1.3 Provides the ifluatex switch (HO)
Package ifluatex Info: LuaTeX not detected.
)
(/usr/share/texlive/texmf-dist/tex/generic/oberdiek/ifpdf.sty
Package: ifpdf 2011/01/30 v2.3 Provides the ifpdf switch (HO)
Package ifpdf Info: pdfTeX in PDF mode is detected.
)
Package pdftexcmds Info: LuaTeX not detected.
Package pdftexcmds Info: \pdf@primitive is available.
Package pdftexcmds Info: \pdf@ifprimitive is available.
Package pdftexcmds Info: \pdfdraftmode found.
)
(/usr/share/texlive/texmf-dist/tex/generic/oberdiek/catchfile.sty
Package: catchfile 2011/03/01 v1.6 Catch the contents of a file (HO)

(/usr/share/texlive/texmf-dist/tex/generic/oberdiek/etexcmds.sty
Package: etexcmds 2011/02/16 v1.5 Avoid name clashes with e-TeX commands (HO)
Package etexcmds Info: Could not find \expanded.
(etexcmds)             That can mean that you are not using pdfTeX 1.50 or
(etexcmds)             that some package has redefined \expanded.
(etexcmds)             In the latter case, load this package earlier.
))

Package ifplatform Warning: 
    shell escape is disabled, so I can only detect \ifwindows.

)
\minted@bgbox=\box31
\minted@code=\write4
\@float@every@listing=\toks27
\c@listing=\count109
)

! Package minted Error: You must invoke LaTeX with the -shell-escape flag.

See the minted package documentation for explanation.
Type  H <return>  for immediate help.
 ...                                              
                                                  
l.19 \newminted
               {php}{linenos, numbersep=5pt, frame=lines, framesep=2mm, bgco...

? 
runsystem(which pygmentize && touch devguide.aex)...disabled (restricted).


! Package minted Error: You must have `pygmentize' installed to use this packag
e.

See the minted package documentation for explanation.
Type  H <return>  for immediate help.
 ...                                              
                                                  
l.19 \newminted
               {php}{linenos, numbersep=5pt, frame=lines, framesep=2mm, bgco...

? 
(./devguide.aux)
\openout1 = `devguide.aux'.

LaTeX Font Info:    Checking defaults for OML/cmm/m/it on input line 26.
LaTeX Font Info:    ... okay on input line 26.
LaTeX Font Info:    Checking defaults for T1/cmr/m/n on input line 26.
LaTeX Font Info:    ... okay on input line 26.
LaTeX Font Info:    Checking defaults for OT1/cmr/m/n on input line 26.
LaTeX Font Info:    ... okay on input line 26.
LaTeX Font Info:    Checking defaults for OMS/cmsy/m/n on input line 26.
LaTeX Font Info:    ... okay on input line 26.
LaTeX Font Info:    Checking defaults for OMX/cmex/m/n on input line 26.
LaTeX Font Info:    ... okay on input line 26.
LaTeX Font Info:    Checking defaults for U/cmr/m/n on input line 26.
LaTeX Font Info:    ... okay on input line 26.
LaTeX Font Info:    Try loading font information for T1+ptm on input line 26.
 (/usr/share/texlive/texmf-dist/tex/latex/psnfss/t1ptm.fd
File: t1ptm.fd 2001/06/04 font definitions for T1/ptm.
)
(/usr/share/texlive/texmf-dist/tex/context/base/supp-pdf.mkii
[Loading MPS to PDF converter (version 2006.09.02).]
\scratchcounter=\count110
\scratchdimen=\dimen119
\scratchbox=\box32
\nofMPsegments=\count111
\nofMParguments=\count112
\everyMPshowfont=\toks28
\MPscratchCnt=\count113
\MPscratchDim=\dimen120
\MPnumerator=\count114
\makeMPintoPDFobject=\count115
\everyMPtoPDFconversion=\toks29
) (/usr/share/texlive/texmf-dist/tex/latex/oberdiek/epstopdf-base.sty
Package: epstopdf-base 2010/02/09 v2.5 Base part for package epstopdf

(/usr/share/texlive/texmf-dist/tex/latex/oberdiek/grfext.sty
Package: grfext 2010/08/19 v1.1 Manage graphics extensions (HO)

(/usr/share/texlive/texmf-dist/tex/generic/oberdiek/kvdefinekeys.sty
Package: kvdefinekeys 2011/04/07 v1.3 Define keys (HO)
))
(/usr/share/texlive/texmf-dist/tex/latex/oberdiek/kvoptions.sty
Package: kvoptions 2011/06/30 v3.11 Key value format for package options (HO)

(/usr/share/texlive/texmf-dist/tex/generic/oberdiek/kvsetkeys.sty
Package: kvsetkeys 2012/04/25 v1.16 Key value parser (HO)
))
Package grfext Info: Graphics extension search list:
(grfext)             [.png,.pdf,.jpg,.mps,.jpeg,.jbig2,.jb2,.PNG,.PDF,.JPG,.JPE
G,.JBIG2,.JB2,.eps]
(grfext)             \AppendGraphicsExtensions on input line 452.

(/usr/share/texlive/texmf-dist/tex/latex/latexconfig/epstopdf-sys.cfg
File: epstopdf-sys.cfg 2010/07/13 v1.3 Configuration of (r)epstopdf for TeX Liv
e
))
runsystem(pygmentize -S default -f latex > devguide.pyg)...disabled (restricted
).


(./devguide.pyg)
</mdk/doc/devguide/m23biglogo.png, id=1, 339.2675pt x 253.94875pt>
File: /mdk/doc/devguide/m23biglogo.png Graphic file (type png)

<use /mdk/doc/devguide/m23biglogo.png>
Package pdftex.def Info: /mdk/doc/devguide/m23biglogo.png used on input line 27
.
(pdftex.def)             Requested size: 339.26666pt x 253.94812pt.
 (./version.tex)
LaTeX Font Info:    Try loading font information for U+msa on input line 27.

(/usr/share/texlive/texmf-dist/tex/latex/amsfonts/umsa.fd
File: umsa.fd 2013/01/14 v3.01 AMS symbols A
)
LaTeX Font Info:    Try loading font information for U+msb on input line 27.

(/usr/share/texlive/texmf-dist/tex/latex/amsfonts/umsb.fd
File: umsb.fd 2013/01/14 v3.01 AMS symbols B
) [1


{/var/lib/texmf/fonts/map/pdftex/updmap/pdftex.map} </mdk/doc/devguide/m23biglo
go.png>] [2

]
LaTeX Font Info:    Font shape `T1/ptm/bx/n' in size <24.88> not available
(Font)              Font shape `T1/ptm/b/n' tried instead on input line 28.

(./devguide.toc
LaTeX Font Info:    Font shape `T1/ptm/bx/n' in size <10> not available
(Font)              Font shape `T1/ptm/b/n' tried instead on input line 2.
 [3] [4] [5] [6] [7] [8] [9]
Overfull \hbox (3.00003pt too wide) detected at line 434
\T1/ptm/m/n/10 8.12.100 
 []


Overfull \hbox (3.00003pt too wide) detected at line 435
\T1/ptm/m/n/10 8.12.101 
 []


Overfull \hbox (3.00003pt too wide) detected at line 436
\T1/ptm/m/n/10 8.12.102 
 []


Overfull \hbox (3.00003pt too wide) detected at line 437
\T1/ptm/m/n/10 8.12.103 
 []


Overfull \hbox (3.00003pt too wide) detected at line 438
\T1/ptm/m/n/10 8.12.104 
 []


Overfull \hbox (3.00003pt too wide) detected at line 439
\T1/ptm/m/n/10 8.12.105 
 []


Overfull \hbox (3.00003pt too wide) detected at line 440
\T1/ptm/m/n/10 8.12.106 
 []


Overfull \hbox (3.00003pt too wide) detected at line 441
\T1/ptm/m/n/10 8.12.107 
 []


Overfull \hbox (3.00003pt too wide) detected at line 442
\T1/ptm/m/n/10 8.12.108 
 []


Overfull \hbox (3.00003pt too wide) detected at line 443
\T1/ptm/m/n/10 8.12.109 
 []


Overfull \hbox (3.00003pt too wide) detected at line 444
\T1/ptm/m/n/10 8.12.110 
 []


Overfull \hbox (3.00003pt too wide) detected at line 445
\T1/ptm/m/n/10 8.12.111 
 []


Overfull \hbox (3.00003pt too wide) detected at line 446
\T1/ptm/m/n/10 8.12.112 
 []

[10]
Overfull \hbox (3.00003pt too wide) detected at line 447
\T1/ptm/m/n/10 8.12.113 
 []


Overfull \hbox (3.00003pt too wide) detected at line 448
\T1/ptm/m/n/10 8.12.114 
 []


Overfull \hbox (3.00003pt too wide) detected at line 449
\T1/ptm/m/n/10 8.12.115 
 []


Overfull \hbox (3.00003pt too wide) detected at line 450
\T1/ptm/m/n/10 8.12.116 
 []


Overfull \hbox (3.00003pt too wide) detected at line 451
\T1/ptm/m/n/10 8.12.117 
 []


Overfull \hbox (3.00003pt too wide) detected at line 452
\T1/ptm/m/n/10 8.12.118 
 []


Overfull \hbox (3.00003pt too wide) detected at line 453
\T1/ptm/m/n/10 8.12.119 
 []


Overfull \hbox (3.00003pt too wide) detected at line 454
\T1/ptm/m/n/10 8.12.120 
 []


Overfull \hbox (3.00003pt too wide) detected at line 455
\T1/ptm/m/n/10 8.12.121 
 []


Overfull \hbox (3.00003pt too wide) detected at line 456
\T1/ptm/m/n/10 8.12.122 
 []


Overfull \hbox (3.00003pt too wide) detected at line 457
\T1/ptm/m/n/10 8.12.123 
 []


Overfull \hbox (3.00003pt too wide) detected at line 458
\T1/ptm/m/n/10 8.12.124 
 []


Overfull \hbox (3.00003pt too wide) detected at line 459
\T1/ptm/m/n/10 8.12.125 
 []


Overfull \hbox (3.00003pt too wide) detected at line 460
\T1/ptm/m/n/10 8.12.126 
 []


Overfull \hbox (3.00003pt too wide) detected at line 461
\T1/ptm/m/n/10 8.12.127 
 []


Overfull \hbox (3.00003pt too wide) detected at line 462
\T1/ptm/m/n/10 8.12.128 
 []

[11] [12] [13]
Overfull \hbox (3.00003pt too wide) detected at line 643
\T1/ptm/m/n/10 8.15.100 
 []


Overfull \hbox (3.00003pt too wide) detected at line 644
\T1/ptm/m/n/10 8.15.101 
 []


Overfull \hbox (3.00003pt too wide) detected at line 645
\T1/ptm/m/n/10 8.15.102 
 []


Overfull \hbox (3.00003pt too wide) detected at line 646
\T1/ptm/m/n/10 8.15.103 
 []


Overfull \hbox (3.00003pt too wide) detected at line 647
\T1/ptm/m/n/10 8.15.104 
 []


Overfull \hbox (3.00003pt too wide) detected at line 648
\T1/ptm/m/n/10 8.15.105 
 []


Overfull \hbox (3.00003pt too wide) detected at line 649
\T1/ptm/m/n/10 8.15.106 
 []


Overfull \hbox (3.00003pt too wide) detected at line 650
\T1/ptm/m/n/10 8.15.107 
 []


Overfull \hbox (3.00003pt too wide) detected at line 651
\T1/ptm/m/n/10 8.15.108 
 []


Overfull \hbox (3.00003pt too wide) detected at line 652
\T1/ptm/m/n/10 8.15.109 
 []


Overfull \hbox (3.00003pt too wide) detected at line 653
\T1/ptm/m/n/10 8.15.110 
 []


Overfull \hbox (3.00003pt too wide) detected at line 654
\T1/ptm/m/n/10 8.15.111 
 []


Overfull \hbox (3.00003pt too wide) detected at line 655
\T1/ptm/m/n/10 8.15.112 
 []


Overfull \hbox (3.00003pt too wide) detected at line 656
\T1/ptm/m/n/10 8.15.113 
 []


Overfull \hbox (3.00003pt too wide) detected at line 657
\T1/ptm/m/n/10 8.15.114 
 []


Overfull \hbox (3.00003pt too wide) detected at line 658
\T1/ptm/m/n/10 8.15.115 
 []


Overfull \hbox (3.00003pt too wide) detected at line 659
\T1/ptm/m/n/10 8.15.116 
 []


Overfull \hbox (3.00003pt too wide) detected at line 660
\T1/ptm/m/n/10 8.15.117 
 []


Overfull \hbox (3.00003pt too wide) detected at line 661
\T1/ptm/m/n/10 8.15.118 
 []


Overfull \hbox (3.00003pt too wide) detected at line 662
\T1/ptm/m/n/10 8.15.119 
 []


Overfull \hbox (3.00003pt too wide) detected at line 663
\T1/ptm/m/n/10 8.15.120 
 []


Overfull \hbox (3.00003pt too wide) detected at line 664
\T1/ptm/m/n/10 8.15.121 
 []


Overfull \hbox (3.00003pt too wide) detected at line 665
\T1/ptm/m/n/10 8.15.122 
 []

[14] [15]
! Missing $ inserted.
<inserted text> 
                $
l.759 ...line {8.21}./inc/client_details.php}{149}
                                                  
? 
! Extra }, or forgotten $.
\@dottedtocline ...\nobreak \hskip -\leftskip {#4}
                                                  \nobreak \leaders \hbox {$...
l.759 ...line {8.21}./inc/client_details.php}{149}
                                                  
? 
! Missing $ inserted.
<inserted text> 
                $
l.759 ...line {8.21}./inc/client_details.php}{149}
                                                  
? 
[16] [17]
Overfull \hbox (3.00003pt too wide) detected at line 864
\T1/ptm/m/n/10 8.22.100 
 []


Overfull \hbox (3.00003pt too wide) detected at line 865
\T1/ptm/m/n/10 8.22.101 
 []


Overfull \hbox (3.00003pt too wide) detected at line 866
\T1/ptm/m/n/10 8.22.102 
 []

[18]
Overfull \hbox (53.8749pt too wide) in paragraph at lines 943--943
 [][] []\T1/ptm/m/n/10 CPoolFromClientDebsGUI::DEFINE_checkboxForAddingm23Build
PoolFromClientDebsPackage [][]  
 []


Overfull \hbox (12.77528pt too wide) in paragraph at lines 945--945
 [][] []\T1/ptm/m/n/10 CPoolFromClientGUI::DEFINE_checkboxForAddingm23BuildPool
FromClientPackage [][]  
 []

[19] [20] [21] [22] [23] [24] [25] [26] [27] [28] [29] [30] [31]
Overfull \hbox (3.00003pt too wide) detected at line 1637
\T1/ptm/m/n/10 8.52.100 
 []


Overfull \hbox (3.00003pt too wide) detected at line 1638
\T1/ptm/m/n/10 8.52.101 
 []


Overfull \hbox (3.00003pt too wide) detected at line 1639
\T1/ptm/m/n/10 8.52.102 
 []


Overfull \hbox (3.00003pt too wide) detected at line 1640
\T1/ptm/m/n/10 8.52.103 
 []


Overfull \hbox (3.00003pt too wide) detected at line 1641
\T1/ptm/m/n/10 8.52.104 
 []


Overfull \hbox (3.00003pt too wide) detected at line 1642
\T1/ptm/m/n/10 8.52.105 
 []


Overfull \hbox (3.00003pt too wide) detected at line 1643
\T1/ptm/m/n/10 8.52.106 
 []


Overfull \hbox (3.00003pt too wide) detected at line 1644
\T1/ptm/m/n/10 8.52.107 
 []


Overfull \hbox (3.00003pt too wide) detected at line 1645
\T1/ptm/m/n/10 8.52.108 
 []


Overfull \hbox (3.00003pt too wide) detected at line 1646
\T1/ptm/m/n/10 8.52.109 
 []

[32] [33] [34] [35] [36] [37] [38] [39] [40] [41]
Overfull \hbox (3.00003pt too wide) detected at line 2194
\T1/ptm/m/n/10 8.68.100 
 []


Overfull \hbox (3.00003pt too wide) detected at line 2195
\T1/ptm/m/n/10 8.68.101 
 []


Overfull \hbox (3.00003pt too wide) detected at line 2196
\T1/ptm/m/n/10 8.68.102 
 []


Overfull \hbox (3.00003pt too wide) detected at line 2197
\T1/ptm/m/n/10 8.68.103 
 []


Overfull \hbox (3.00003pt too wide) detected at line 2198
\T1/ptm/m/n/10 8.68.104 
 []


Overfull \hbox (3.00003pt too wide) detected at line 2199
\T1/ptm/m/n/10 8.68.105 
 []


Overfull \hbox (3.00003pt too wide) detected at line 2200
\T1/ptm/m/n/10 8.68.106 
 []


Overfull \hbox (3.00003pt too wide) detected at line 2201
\T1/ptm/m/n/10 8.68.107 
 []


Overfull \hbox (3.00003pt too wide) detected at line 2202
\T1/ptm/m/n/10 8.68.108 
 []


Overfull \hbox (3.00003pt too wide) detected at line 2203
\T1/ptm/m/n/10 8.68.109 
 []


Overfull \hbox (3.00003pt too wide) detected at line 2204
\T1/ptm/m/n/10 8.68.110 
 []


Overfull \hbox (3.00003pt too wide) detected at line 2205
\T1/ptm/m/n/10 8.68.111 
 []

[42] [43] [44] [45] [46])
\tf@toc=\write5
\openout5 = `devguide.toc'.


! Missing } inserted.
<inserted text> 
                }
l.28 \tableofcontents
                     
? 
[47] [48

]
Chapter 1.
LaTeX Font Info:    Font shape `T1/ptm/bx/n' in size <20.74> not available
(Font)              Font shape `T1/ptm/b/n' tried instead on input line 31.
(./introduction.tex
LaTeX Font Info:    Font shape `T1/ptm/bx/n' in size <14.4> not available
(Font)              Font shape `T1/ptm/b/n' tried instead on input line 4.
LaTeX Font Info:    Try loading font information for OMS+ptm on input line 6.
 (/usr/share/texlive/texmf-dist/tex/latex/psnfss/omsptm.fd
File: omsptm.fd 
)
LaTeX Font Info:    Font shape `OMS/ptm/m/n' in size <10> not available
(Font)              Font shape `OMS/cmsy/m/n' tried instead on input line 6.
) (./gpl.tex [49] [50

]
Chapter 2.
LaTeX Font Info:    Font shape `T1/ptm/bx/n' in size <12> not available
(Font)              Font shape `T1/ptm/b/n' tried instead on input line 22.
[51] [52] [53]
Underfull \hbox (badness 10000) in paragraph at lines 362--364

 []

[54]
LaTeX Font Info:    Try loading font information for T1+pcr on input line 393.
 (/usr/share/texlive/texmf-dist/tex/latex/psnfss/t1pcr.fd
File: t1pcr.fd 2001/06/04 font definitions for T1/pcr.
)
Underfull \hbox (badness 10000) in paragraph at lines 404--406

 []

) [55] [56

]
Chapter 3.
(./mdk-menues.tex
Underfull \hbox (badness 10000) in paragraph at lines 2--3

 []


Underfull \hbox (badness 10000) in paragraph at lines 2--3

 []

) [57] [58

]
Chapter 4.
(./database.tex [59] [60] [61]) [62]
Chapter 5.
(./debian-update-howto.tex
Overfull \hbox (146.45163pt too wide) in paragraph at lines 10--11
[]\T1/ptm/m/n/10 Create an empty file (touch) with the re-lease name of the new
 dis-tri-bu-tion re-lease un-der /m23/data+scripts/distr/debian/debootstrap/scr
ipts/. 
 []

! Missing $ inserted.
<inserted text> 
                $
l.12 ... Add the new release to the list in DISTR_
                                                  releaseVersionTranslator.
? 
! Missing $ inserted.
<inserted text> 
                $
l.13 
     
? 
! Missing } inserted.
<inserted text> 
                }
l.13 
     
? 
! Extra }, or forgotten \endgroup.
\par ...m \@noitemerr {\@@par }\fi \else {\@@par }
                                                  \fi 
l.13 
     
? 

Overfull \hbox (36.48251pt too wide) in paragraph at lines 26--27
[]\T1/ptm/m/n/10 Develop miss-ing desk-top in-stal-la-tion scripts un-der /m23/
inc/distr/<distribution>/packages/m23<desktop>Install.php. 
 []


Overfull \hbox (99.71306pt too wide) in paragraph at lines 35--36
[]\T1/ptm/m/n/10 Generate the pack-age tem-plate files with /mdk/m23helper/getD
ebianTemplates and run /mdk/m23helper/template2confpage.sh
 []

[63

]) (./m23-release-howto.tex
! Missing $ inserted.
<inserted text> 
                $
l.5 	\item Run /mdk/bin/menuStart \Rightarrow
                                              fork \Rightarrow moveDevel2Rel...

? 

! LaTeX Error: Command \end{itemize} invalid in math mode.

See the LaTeX manual or LaTeX Companion for explanation.
Type  H <return>  for immediate help.
 ...                                              
                                                  
l.6 \end{itemize}
                 
? 

! LaTeX Error: Something's wrong--perhaps a missing \item.

See the LaTeX manual or LaTeX Companion for explanation.
Type  H <return>  for immediate help.
 ...                                              
                                                  
l.6 \end{itemize}
                 
? 

! LaTeX Error: Something's wrong--perhaps a missing \item.

See the LaTeX manual or LaTeX Companion for explanation.
Type  H <return>  for immediate help.
 ...                                              
                                                  
l.6 \end{itemize}
                 
? 
! Missing $ inserted.
<inserted text> 
                $
l.6 \end{itemize}
                 
? 

Overfull \hbox (187.27084pt too wide) in paragraph at lines 16--17
[]\T1/ptm/m/n/10 Check, if all HTML en-ti-ties are in the HTML to La-TeX trans-
la-tion in-dex. Run: /mdk/doc/manual/bin/checkForMissingHTML2LatexEntities.sh 
 []


Overfull \hbox (13.12378pt too wide) in paragraph at lines 17--18
[]\T1/ptm/m/n/10 Check, if there are all screen-shots present. Run: /mdk/doc/ma
nual/bin/checkMissingScreenshots.sh 
 []

! Missing $ inserted.
<inserted text> 
                $
l.19 		\item Run /mdk/bin/menuStart \Rightarrow
                                                doc \Rightarrow manual
? 

! LaTeX Error: Command \item invalid in math mode.

See the LaTeX manual or LaTeX Companion for explanation.
Type  H <return>  for immediate help.
 ...                                              
                                                  
l.20 		\item
             Choose the language: \Rightarrow lang. Choose all
? 

! LaTeX Error: Something's wrong--perhaps a missing \item.

See the LaTeX manual or LaTeX Companion for explanation.
Type  H <return>  for immediate help.
 ...                                              
                                                  
l.20 		\item C
              hoose the language: \Rightarrow lang. Choose all
? 

! LaTeX Error: Something's wrong--perhaps a missing \item.

See the LaTeX manual or LaTeX Companion for explanation.
Type  H <return>  for immediate help.
 ...                                              
                                                  
l.20 		\item C
              hoose the language: \Rightarrow lang. Choose all
? 

! LaTeX Error: Command \item invalid in math mode.

See the LaTeX manual or LaTeX Companion for explanation.
Type  H <return>  for immediate help.
 ...                                              
                                                  
l.21 		\item
             Generate the tex files: \Rightarrow text
? 
! Missing $ inserted.
<inserted text> 
                $
l.21 		\item G
              enerate the tex files: \Rightarrow text
? 
! Missing } inserted.
<inserted text> 
                }
l.21 		\item G
              enerate the tex files: \Rightarrow text
? 
! Extra }, or forgotten \endgroup.
\par ...m \@noitemerr {\@@par }\fi \else {\@@par }
                                                  \fi 
l.21 		\item G
              enerate the tex files: \Rightarrow text
? 
! Missing $ inserted.
<inserted text> 
                $
l.21 		\item Generate the tex files: \Rightarrow
                                                 text
? 

! LaTeX Error: Command \item invalid in math mode.

See the LaTeX manual or LaTeX Companion for explanation.
Type  H <return>  for immediate help.
 ...                                              
                                                  
l.22 		\item
             Optimise the PNGs. \Rightarrow optimisePNGs
? 

! LaTeX Error: Something's wrong--perhaps a missing \item.

See the LaTeX manual or LaTeX Companion for explanation.
Type  H <return>  for immediate help.
 ...                                              
                                                  
l.22 		\item O
              ptimise the PNGs. \Rightarrow optimisePNGs
? 

! LaTeX Error: Something's wrong--perhaps a missing \item.

See the LaTeX manual or LaTeX Companion for explanation.
Type  H <return>  for immediate help.
 ...                                              
                                                  
l.22 		\item O
              ptimise the PNGs. \Rightarrow optimisePNGs
? 

! LaTeX Error: Command \item invalid in math mode.

See the LaTeX manual or LaTeX Companion for explanation.
Type  H <return>  for immediate help.
 ...                                              
                                                  
l.23 		\item
             Generate PDF and HTML version of the manual: \Rightarrow pdf-html
? 
! Missing $ inserted.
<inserted text> 
                $
l.23 		\item G
              enerate PDF and HTML version of the manual: \Rightarrow pdf-html
? 
! Missing } inserted.
<inserted text> 
                }
l.23 		\item G
              enerate PDF and HTML version of the manual: \Rightarrow pdf-html
? 
! Extra }, or forgotten \endgroup.
\par ...m \@noitemerr {\@@par }\fi \else {\@@par }
                                                  \fi 
l.23 		\item G
              enerate PDF and HTML version of the manual: \Rightarrow pdf-html
? 
! Missing $ inserted.
<inserted text> 
                $
l.23 ...nd HTML version of the manual: \Rightarrow
                                                   pdf-html
? 

! LaTeX Error: Command \item invalid in math mode.

See the LaTeX manual or LaTeX Companion for explanation.
Type  H <return>  for immediate help.
 ...                                              
                                                  
l.24 		\item
             Upload: \Rightarrow upload
? 

! LaTeX Error: Something's wrong--perhaps a missing \item.

See the LaTeX manual or LaTeX Companion for explanation.
Type  H <return>  for immediate help.
 ...                                              
                                                  
l.24 		\item U
              pload: \Rightarrow upload
? 

! LaTeX Error: Something's wrong--perhaps a missing \item.

See the LaTeX manual or LaTeX Companion for explanation.
Type  H <return>  for immediate help.
 ...                                              
                                                  
l.24 		\item U
              pload: \Rightarrow upload
? 

! LaTeX Error: Command \item invalid in math mode.

See the LaTeX manual or LaTeX Companion for explanation.
Type  H <return>  for immediate help.
 ...                                              
                                                  
l.25 		\item
             Go back
? 
! Missing $ inserted.
<inserted text> 
                $
l.25 		\item G
              o back
? 
! Missing } inserted.
<inserted text> 
                }
l.25 		\item G
              o back
? 
! Extra }, or forgotten \endgroup.
\par ...m \@noitemerr {\@@par }\fi \else {\@@par }
                                                  \fi 
l.25 		\item G
              o back
? 
! Missing $ inserted.
<inserted text> 
                $
l.30 ...m Build the development guide: \Rightarrow
                                                   devguide
? 

! LaTeX Error: Command \item invalid in math mode.

See the LaTeX manual or LaTeX Companion for explanation.
Type  H <return>  for immediate help.
 ...                                              
                                                  
l.31 		\item
             Generate it: \Rightarrow generate
? 

! LaTeX Error: Something's wrong--perhaps a missing \item.

See the LaTeX manual or LaTeX Companion for explanation.
Type  H <return>  for immediate help.
 ...                                              
                                                  
l.31 		\item G
              enerate it: \Rightarrow generate
? 

! LaTeX Error: Something's wrong--perhaps a missing \item.

See the LaTeX manual or LaTeX Companion for explanation.
Type  H <return>  for immediate help.
 ...                                              
                                                  
l.31 		\item G
              enerate it: \Rightarrow generate
? 

! LaTeX Error: Command \item invalid in math mode.

See the LaTeX manual or LaTeX Companion for explanation.
Type  H <return>  for immediate help.
 ...                                              
                                                  
l.32 		\item
             Upload: \Rightarrow upload
? 
! Missing $ inserted.
<inserted text> 
                $
l.32 		\item U
              pload: \Rightarrow upload
? 
! Missing } inserted.
<inserted text> 
                }
l.32 		\item U
              pload: \Rightarrow upload
? 
! Extra }, or forgotten \endgroup.
\par ...m \@noitemerr {\@@par }\fi \else {\@@par }
                                                  \fi 
l.32 		\item U
              pload: \Rightarrow upload
? 
! Missing $ inserted.
<inserted text> 
                $
l.32 		\item Upload: \Rightarrow
                                 upload
? 

! LaTeX Error: Command \end{itemize} invalid in math mode.

See the LaTeX manual or LaTeX Companion for explanation.
Type  H <return>  for immediate help.
 ...                                              
                                                  
l.33 	\end{itemize}
                   
? 

! LaTeX Error: Something's wrong--perhaps a missing \item.

See the LaTeX manual or LaTeX Companion for explanation.
Type  H <return>  for immediate help.
 ...                                              
                                                  
l.33 	\end{itemize}
                   
? 

! LaTeX Error: Something's wrong--perhaps a missing \item.

See the LaTeX manual or LaTeX Companion for explanation.
Type  H <return>  for immediate help.
 ...                                              
                                                  
l.33 	\end{itemize}
                   
? 
! Missing $ inserted.
<inserted text> 
                $
l.33 	\end{itemize}
                   
? 
! Missing $ inserted.
<inserted text> 
                $
l.42 		\item /mdk/bin/menuStart \Rightarrow
                                            debs \Rightarrow build
? 

! LaTeX Error: Command \item invalid in math mode.

See the LaTeX manual or LaTeX Companion for explanation.
Type  H <return>  for immediate help.
 ...                                              
                                                  
l.43 		\item
             Maybe recreate the UCS extra package: Call quickBuild.sh m23-uc...

? 

! LaTeX Error: Something's wrong--perhaps a missing \item.

See the LaTeX manual or LaTeX Companion for explanation.
Type  H <return>  for immediate help.
 ...                                              
                                                  
l.43 		\item M
              aybe recreate the UCS extra package: Call quickBuild.sh m23-uc...

? 

! LaTeX Error: Something's wrong--perhaps a missing \item.

See the LaTeX manual or LaTeX Companion for explanation.
Type  H <return>  for immediate help.
 ...                                              
                                                  
l.43 		\item M
              aybe recreate the UCS extra package: Call quickBuild.sh m23-uc...

? 

! LaTeX Error: Command \item invalid in math mode.

See the LaTeX manual or LaTeX Companion for explanation.
Type  H <return>  for immediate help.
 ...                                              
                                                  
l.44 		\item
             Test the packages
? 
! Missing $ inserted.
<inserted text> 
                $
l.44 		\item T
              est the packages
? 
! Missing } inserted.
<inserted text> 
                }
l.44 		\item T
              est the packages
? 

Overfull \hbox (50.47923pt too wide) in paragraph at lines 42--44
[]\T1/ptm/m/n/10 /mdk/bin/menuStart $\OMS/cmsy/m/n/10 ) \OML/cmm/m/it/10 debs \
OMS/cmsy/m/n/10 ) \OML/cmm/m/it/10 buildMayberecreatetheUCSextrapackage \OT1/cm
r/m/n/10 : \OML/cmm/m/it/10 CallquickBuild:shm\OT1/cmr/m/n/10 23 \OMS/cmsy/m/n/
10 ^^@
 []

! Extra }, or forgotten \endgroup.
\par ...m \@noitemerr {\@@par }\fi \else {\@@par }
                                                  \fi 
l.44 		\item T
              est the packages
? 
! Missing $ inserted.
<inserted text> 
                $
l.50 ...ges, if all seems to be right: \Rightarrow
                                                   directuplinst
? 

! LaTeX Error: Command \item invalid in math mode.

See the LaTeX manual or LaTeX Companion for explanation.
Type  H <return>  for immediate help.
 ...                                              
                                                  
l.51 		\item
             Login into t5, call /var/www/ucs/upload-4.1
? 

! LaTeX Error: Something's wrong--perhaps a missing \item.

See the LaTeX manual or LaTeX Companion for explanation.
Type  H <return>  for immediate help.
 ...                                              
                                                  
l.51 		\item L
              ogin into t5, call /var/www/ucs/upload-4.1
? 

! LaTeX Error: Something's wrong--perhaps a missing \item.

See the LaTeX manual or LaTeX Companion for explanation.
Type  H <return>  for immediate help.
 ...                                              
                                                  
l.51 		\item L
              ogin into t5, call /var/www/ucs/upload-4.1
? 

! LaTeX Error: Command \end{itemize} invalid in math mode.

See the LaTeX manual or LaTeX Companion for explanation.
Type  H <return>  for immediate help.
 ...                                              
                                                  
l.52 	\end{itemize}
                   
? 

! LaTeX Error: Something's wrong--perhaps a missing \item.

See the LaTeX manual or LaTeX Companion for explanation.
Type  H <return>  for immediate help.
 ...                                              
                                                  
l.52 	\end{itemize}
                   
? 

! LaTeX Error: Something's wrong--perhaps a missing \item.

See the LaTeX manual or LaTeX Companion for explanation.
Type  H <return>  for immediate help.
 ...                                              
                                                  
l.52 	\end{itemize}
                   
? 
! Missing $ inserted.
<inserted text> 
                $
l.52 	\end{itemize}
                   
? 

Overfull \hbox (28.9537pt too wide) in paragraph at lines 50--53
[]\T1/ptm/m/n/10 Upload the pack-ages, if all seems to be right: $\OMS/cmsy/m/n
/10 ) \OML/cmm/m/it/10 directuplinstLoginintot\OT1/cmr/m/n/10 5\OML/cmm/m/it/10
 ; call=var=www=ucs=upload \OMS/cmsy/m/n/10 ^^@
 []

! Missing $ inserted.
<inserted text> 
                $
l.55 		\item /mdk/bin/menuStart \Rightarrow
                                            serverISO \Rightarrow iso . Exit...

? 

! LaTeX Error: Command \item invalid in math mode.

See the LaTeX manual or LaTeX Companion for explanation.
Type  H <return>  for immediate help.
 ...                                              
                                                  
l.56 		\item
             Upload: cd /mdk/server; ./up iso.file
? 

! LaTeX Error: Something's wrong--perhaps a missing \item.

See the LaTeX manual or LaTeX Companion for explanation.
Type  H <return>  for immediate help.
 ...                                              
                                                  
l.56 		\item U
              pload: cd /mdk/server; ./up iso.file
? 

! LaTeX Error: Something's wrong--perhaps a missing \item.

See the LaTeX manual or LaTeX Companion for explanation.
Type  H <return>  for immediate help.
 ...                                              
                                                  
l.56 		\item U
              pload: cd /mdk/server; ./up iso.file
? 

! LaTeX Error: Command \end{itemize} invalid in math mode.

See the LaTeX manual or LaTeX Companion for explanation.
Type  H <return>  for immediate help.
 ...                                              
                                                  
l.57 	\end{itemize}
                   
? 

! LaTeX Error: Something's wrong--perhaps a missing \item.

See the LaTeX manual or LaTeX Companion for explanation.
Type  H <return>  for immediate help.
 ...                                              
                                                  
l.57 	\end{itemize}
                   
? 

! LaTeX Error: Something's wrong--perhaps a missing \item.

See the LaTeX manual or LaTeX Companion for explanation.
Type  H <return>  for immediate help.
 ...                                              
                                                  
l.57 	\end{itemize}
                   
? 
! Missing $ inserted.
<inserted text> 
                $
l.57 	\end{itemize}
                   
? 

Overfull \hbox (20.0067pt too wide) in paragraph at lines 55--58
[]\T1/ptm/m/n/10 /mdk/bin/menuStart $\OMS/cmsy/m/n/10 ) \OML/cmm/m/it/10 server
ISO \OMS/cmsy/m/n/10 ) \OML/cmm/m/it/10 iso:Exitafterbuilding:Upload \OT1/cmr/m
/n/10 : \OML/cmm/m/it/10 cd=mdk=server\OT1/cmr/m/n/10 ; \OML/cmm/m/it/10 :=upis
o:file$ 
 []

[64]
Overfull \hbox (7.93404pt too wide) in paragraph at lines 98--99
[]\T1/ptm/m/n/10 Host: Ex-port and trans-fer a new SQL dump: /mdk/m23helper/m23
admin-offline-copy/export-dataset.sh 
 []

[65]) (./translate.tex
Underfull \hbox (badness 10000) in paragraph at lines 4--6

 []


Underfull \hbox (badness 10000) in paragraph at lines 22--24

 []


Underfull \hbox (badness 10000) in paragraph at lines 22--24

 []

[66]) (./generate_a_new_base_system.tex
Overfull \hbox (35.50415pt too wide) in paragraph at lines 41--1
\T1/ptm/m/n/10 Copy all *.hlp from the /m23/inc/help/<lang> di-rec-tory to your
 new help di-rec-tory. e.g. : copy /m23/inc/help/en/*.hlp
 []


Underfull \hbox (badness 10000) in paragraph at lines 41--1

 []

[67]
Overfull \hbox (106.56847pt too wide) in paragraph at lines 82--82
[]\T1/pcr/m/n/10 mkinitrd -r /dev/hda3 -o /boot/initrd.img-2.4.20-1-386-sec /li
b/modules/2.4.20-1-386-sec/[] 
 []

[68]) (./serverinstallcd.tex [69]) (./bootimage.tex
Underfull \hbox (badness 10000) in paragraph at lines 3--5

 []


Underfull \hbox (badness 10000) in paragraph at lines 17--18

 []

[70]
Overfull \hbox (10.56847pt too wide) in paragraph at lines 59--59
[]\T1/pcr/m/n/10 > mknbi-linux bzImage --first32pm --output=/m23/tftp/m23instal
l --ip=dhcp[] 
 []

) (./etherhdboot.tex
Overfull \hbox (19.97449pt too wide) in paragraph at lines 71--1
\T1/ptm/m/n/10 Copy your new ker-nel to bz-Im-age in the SDK di-rec-tory and do
n't for-get to copy the mod-ules to root2/lib/modules.
 []


Underfull \hbox (badness 10000) in paragraph at lines 4--5

 []

[71]
Overfull \hbox (10.56847pt too wide) in paragraph at lines 12--12
[]\T1/pcr/m/n/10 /* epic100.c: A SMC 83c170 EPIC/100 fast ethernet driver for E
therboot */[] 
 []


Overfull \hbox (10.56847pt too wide) in paragraph at lines 28--28
[]\T1/pcr/m/n/10 #define PKT_BUF_SZ      1536    /* Size of each temporary Tx/R
x buffer.*/[] 
 []

[72]
Overfull \hbox (100.56847pt too wide) in paragraph at lines 68--68
[]                                 \T1/pcr/m/n/10 unsigned int type, unsigned i
nt len, const char *data);[] 
 []


Overfull \hbox (40.56847pt too wide) in paragraph at lines 89--89
[]\T1/pcr/m/n/10 static unsigned int     cur_rx, cur_tx;         /* The next fr
ee ring entry */[] 
 []


Overfull \hbox (22.56847pt too wide) in paragraph at lines 93--93
[]\T1/pcr/m/n/10 static signed char      phys[4];                /* MII device 
addresses. */[] 
 []


Overfull \hbox (118.56847pt too wide) in paragraph at lines 98--98
[]\T1/pcr/m/n/10 #define tx_packet ((char *)0x10000 - PKT_BUF_SZ * RX_RING_SIZE
 - PKT_BUF_SZ * TX_RING_SIZE)[] 
 []


Overfull \hbox (10.56847pt too wide) in paragraph at lines 104--104
[]\T1/pcr/m/n/10 /*************************************************************
**********/[] 
 []


Overfull \hbox (10.56847pt too wide) in paragraph at lines 105--105
[]\T1/pcr/m/n/10 /*                    Externally visible functions            
         */[] 
 []


Overfull \hbox (10.56847pt too wide) in paragraph at lines 106--106
[]\T1/pcr/m/n/10 /*************************************************************
**********/[] 
 []


Underfull \vbox (badness 10000) has occurred while \output is active []

 [73]
Overfull \hbox (16.56847pt too wide) in paragraph at lines 142--142
[]\T1/pcr/m/n/10 epic100_transmit(struct nic *nic, const char *destaddr, unsign
ed int type,[] 
 []


Underfull \vbox (badness 10000) has occurred while \output is active []

 [74]
Underfull \hbox (badness 10000) in paragraph at lines 228--229

 []


Underfull \hbox (badness 10000) in paragraph at lines 235--236

 []

[75]) (./serverupdate.tex) (./scriptdebugging.tex [76])
(./additionalOptions4Packages.tex [77]
Overfull \hbox (0.68369pt too wide) in paragraph at lines 5--6
\T1/ptm/m/it/10 /m23/data+scripts/distr/<distributionname>/packages di-rec-tory
\T1/ptm/m/n/10 . It is im-por-tant to put the *Op-tion-Page.php
 []

[78]) [79] [80

]
Chapter 6.
(./mdoc.tex
Underfull \hbox (badness 10000) in paragraph at lines 13--14

 []

[81]) (./PatchSystem.tex [82]
Chapter 7.

Overfull \hbox (14.73447pt too wide) in paragraph at lines 14--15
\T1/ptm/m/n/10 area, "m23customPatchEnd" for its end. Both key-words must be in
 dif-fer-ent lines with "m23customPatchBegin"
 []

! You can't use `macro parameter character #' in horizontal mode.
l.22 	\item BASH notation: "#
                             m23customPatchBegin type=change id=logo"
? 
! You can't use `macro parameter character #' in horizontal mode.
l.31 	\item BASH notation: -Notation#
                                     m23customPatchEnd id=logo"
? 
runsystem(pygmentize -l html -f latex -F tokenmerge          -P funcnamehighlig
hting  -P linenos -P "verboptions= ,numbersep=5pt,frame=lines,framesep=2mm,font
series=sffamily,obeytabs,fontsize=\footnotesize " -o devguide.out.pyg code/m23c
ustomPatch-logo.php.html)...disabled (restricted).


! LaTeX Error: File `devguide.out.pyg' not found.

Type X to quit or <RETURN> to proceed,
or enter new name. (Default extension: out.pyg)

Enter file name: 

! Package xcolor Error: Undefined color `bgGray'.

See the xcolor package documentation for explanation.
Type  H <return>  for immediate help.
 ...                                              
                                                  
l.45 ...udeHTML{code/m23customPatch-logo.php.html}
                                                  
? 
runsystem(rm devguide.out.pyg)...disabled (restricted).


Underfull \hbox (badness 10000) in paragraph at lines 45--46

 []

[83

]
runsystem(pygmentize -l html -f latex -F tokenmerge          -P funcnamehighlig
hting  -P linenos -P "verboptions= ,numbersep=5pt,frame=lines,framesep=2mm,font
series=sffamily,obeytabs,fontsize=\footnotesize " -o devguide.out.pyg code/m23c
ustomPatch-logo.php.m23customPatch)...disabled (restricted).



! LaTeX Error: File `devguide.out.pyg' not found.

Type X to quit or <RETURN> to proceed,
or enter new name. (Default extension: out.pyg)

Enter file name: 

! Package xcolor Error: Undefined color `bgGray'.

See the xcolor package documentation for explanation.
Type  H <return>  for immediate help.
 ...                                              
                                                  
l.56 ...de/m23customPatch-logo.php.m23customPatch}
                                                  
? 
runsystem(rm devguide.out.pyg)...disabled (restricted).


Underfull \hbox (badness 10000) in paragraph at lines 56--57

 []

) [84]
Chapter 8.
(./m23api.tex [85

]
Underfull \hbox (badness 10000) in paragraph at lines 3--5

 []


Underfull \hbox (badness 10000) in paragraph at lines 7--8

 []


Underfull \hbox (badness 10000) in paragraph at lines 10--11

 []


Underfull \hbox (badness 10000) in paragraph at lines 13--14

 []


Underfull \hbox (badness 10000) in paragraph at lines 23--24

 []


Underfull \hbox (badness 10000) in paragraph at lines 26--27

 []


Underfull \hbox (badness 10000) in paragraph at lines 29--30

 []

[86]
Underfull \hbox (badness 10000) in paragraph at lines 32--34

 []


Underfull \hbox (badness 10000) in paragraph at lines 36--37

 []


Underfull \hbox (badness 10000) in paragraph at lines 50--51

 []


Underfull \hbox (badness 10000) in paragraph at lines 53--54

 []

[87]
Underfull \hbox (badness 10000) in paragraph at lines 56--58

 []

[88] [89] [90]
Underfull \hbox (badness 10000) in paragraph at lines 198--200

 []

[91]
Underfull \hbox (badness 10000) in paragraph at lines 246--248

 []


Underfull \hbox (badness 10000) in paragraph at lines 308--309

 []

[92]
Underfull \hbox (badness 10000) in paragraph at lines 311--312

 []


Underfull \hbox (badness 10000) in paragraph at lines 314--315

 []


Underfull \hbox (badness 10000) in paragraph at lines 317--318

 []


Underfull \hbox (badness 10000) in paragraph at lines 320--321

 []


Underfull \hbox (badness 10000) in paragraph at lines 334--335

 []


Underfull \hbox (badness 10000) in paragraph at lines 337--338

 []


Underfull \hbox (badness 10000) in paragraph at lines 340--341

 []

[93]
Underfull \hbox (badness 10000) in paragraph at lines 343--345

 []


Overfull \hbox (34.35518pt too wide) in paragraph at lines 378--379
\T1/ptm/b/n/10 Description: \T1/ptm/m/n/10 re-turns the sta-tus of the burner (
BURN-STATE_IDLE, BURN-STATE_BLANK, BURN-STATE_BURN) 
 []


Underfull \hbox (badness 10000) in paragraph at lines 378--379

 []


Underfull \hbox (badness 10000) in paragraph at lines 381--382

 []

[94] [95]
Underfull \hbox (badness 10000) in paragraph at lines 402--404

 []


Underfull \hbox (badness 10000) in paragraph at lines 438--439

 []


Underfull \hbox (badness 10000) in paragraph at lines 441--442

 []


Underfull \hbox (badness 10000) in paragraph at lines 444--445

 []


Underfull \hbox (badness 10000) in paragraph at lines 447--448

 []

[96]
Underfull \hbox (badness 10000) in paragraph at lines 450--451

 []


Underfull \hbox (badness 10000) in paragraph at lines 460--461

 []


Underfull \hbox (badness 10000) in paragraph at lines 463--464

 []

[97]
Underfull \hbox (badness 10000) in paragraph at lines 466--468

 []


Underfull \hbox (badness 10000) in paragraph at lines 486--487

 []


Underfull \hbox (badness 10000) in paragraph at lines 489--490

 []


Underfull \hbox (badness 10000) in paragraph at lines 492--493

 []

[98] [99]
Underfull \hbox (badness 10000) in paragraph at lines 583--584

 []


Underfull \hbox (badness 10000) in paragraph at lines 586--587

 []

[100]
Underfull \hbox (badness 10000) in paragraph at lines 645--646

 []


Underfull \hbox (badness 10000) in paragraph at lines 648--649

 []


Underfull \hbox (badness 10000) in paragraph at lines 651--652

 []


Underfull \hbox (badness 10000) in paragraph at lines 661--662

 []

[101] [102]
Overfull \hbox (32.3745pt too wide) in paragraph at lines 744--745
[]\T1/ptm/m/n/10 Associative ar-ray with the good, warn or bad an-swers, how to
 fetch the an-swer from the client/webbrowser/etc.
 []

[103]
Underfull \hbox (badness 10000) in paragraph at lines 756--758

 []

[104]
Overfull \hbox (5.09448pt too wide) in paragraph at lines 852--853
[]\T1/ptm/m/n/10 orderBy: Rule for or-der-ing the en-tries in the our-put ar-ra
y (CAutoUp-date::ORDERBY_ID or CAutoUp-
 []


Overfull \hbox (5.09448pt too wide) in paragraph at lines 863--864
[]\T1/ptm/m/n/10 orderBy: Rule for or-der-ing the en-tries in the our-put ar-ra
y (CAutoUp-date::ORDERBY_ID or CAutoUp-
 []

[105]
Underfull \hbox (badness 10000) in paragraph at lines 885--886

 []

[106] [107] [108]
Underfull \hbox (badness 10000) in paragraph at lines 1040--1041

 []


Underfull \hbox (badness 10000) in paragraph at lines 1043--1044

 []

[109]
Underfull \hbox (badness 10000) in paragraph at lines 1046--1048

 []

[110] [111] [112] [113] [114] [115] [116] [117]
Underfull \hbox (badness 10000) in paragraph at lines 1501--1503

 []


Underfull \hbox (badness 10000) in paragraph at lines 1505--1506

 []


Underfull \hbox (badness 10000) in paragraph at lines 1519--1520

 []


Underfull \hbox (badness 10000) in paragraph at lines 1554--1555

 []

[118]
Underfull \hbox (badness 10000) in paragraph at lines 1557--1558

 []


Underfull \hbox (badness 10000) in paragraph at lines 1603--1604

 []


Underfull \hbox (badness 10000) in paragraph at lines 1606--1607

 []

[119]
Underfull \hbox (badness 10000) in paragraph at lines 1609--1610

 []


Underfull \hbox (badness 10000) in paragraph at lines 1612--1613

 []


Underfull \hbox (badness 10000) in paragraph at lines 1615--1616

 []


Underfull \hbox (badness 10000) in paragraph at lines 1618--1619

 []


Underfull \hbox (badness 10000) in paragraph at lines 1621--1622

 []


Underfull \hbox (badness 10000) in paragraph at lines 1624--1625

 []


Underfull \hbox (badness 10000) in paragraph at lines 1627--1628

 []


Underfull \hbox (badness 10000) in paragraph at lines 1630--1631

 []

[120] [121]
Underfull \hbox (badness 10000) in paragraph at lines 1716--1717

 []

[122] [123]
Underfull \hbox (badness 10000) in paragraph at lines 1773--1775

 []


Underfull \hbox (badness 10000) in paragraph at lines 1785--1786

 []

[124]
Underfull \hbox (badness 10000) in paragraph at lines 1848--1849

 []


Underfull \hbox (badness 10000) in paragraph at lines 1868--1869

 []


Underfull \hbox (badness 10000) in paragraph at lines 1871--1872

 []

[125]
Underfull \hbox (badness 10000) in paragraph at lines 1902--1903

 []


Underfull \hbox (badness 10000) in paragraph at lines 1919--1920

 []


Underfull \hbox (badness 10000) in paragraph at lines 1922--1923

 []

[126]
Underfull \hbox (badness 10000) in paragraph at lines 1975--1976

 []

[127]
Underfull \hbox (badness 10000) in paragraph at lines 1985--1986

 []

[128]
Underfull \hbox (badness 10000) in paragraph at lines 2074--2075

 []

[129] [130] [131] [132]
Overfull \hbox (25.6148pt too wide) in paragraph at lines 2337--2338
[]\T1/ptm/m/n/10 status: If set, only re-turns pack-ages of the given sta-tus (
DEBP-KG-STAT_installed, DEBP-KG-STAT_removed,
 []


Underfull \hbox (badness 10000) in paragraph at lines 2341--2342

 []

[133] [134]
Underfull \hbox (badness 10000) in paragraph at lines 2418--2419

 []


Underfull \hbox (badness 10000) in paragraph at lines 2435--2436

 []


Underfull \hbox (badness 10000) in paragraph at lines 2452--2453

 []

[135] [136] [137]
Underfull \hbox (badness 10000) in paragraph at lines 2623--2624

 []

[138]
Overfull \hbox (50.185pt too wide) in paragraph at lines 2643--2644
[]\T1/ptm/m/n/10 bootType: CClient::BOOTTYPE_PXE, CClient::BOOTTYPE_NOBOOT, CCl
ient::BOOTTYPE_ETHERBOOT,
 []


Underfull \hbox (badness 10000) in paragraph at lines 2658--2659

 []


Underfull \hbox (badness 10000) in paragraph at lines 2682--2683

 []


Underfull \hbox (badness 10000) in paragraph at lines 2692--2693

 []


Underfull \hbox (badness 10000) in paragraph at lines 2695--2696

 []

[139] [140]
Underfull \hbox (badness 10000) in paragraph at lines 2748--2749

 []

[141]
Underfull \hbox (badness 10000) in paragraph at lines 2765--2767

 []


Underfull \hbox (badness 10000) in paragraph at lines 2776--2777

 []

[142]
Underfull \hbox (badness 10000) in paragraph at lines 2840--2841

 []

[143]
Overfull \hbox (47.60442pt too wide) in paragraph at lines 2880--2881
[]\T1/ptm/m/n/10 type: type of the par-ti-tion (CFDiskIO::PT_PRIMARY, CFDiskIO:
:PT_EXTENDED, CFDiskIO::PT_LOGICAL) 
 []

[144] [145]
Underfull \hbox (badness 10000) in paragraph at lines 3030--3031

 []

[146]
Underfull \hbox (badness 10000) in paragraph at lines 3033--3035

 []


Underfull \hbox (badness 10000) in paragraph at lines 3044--3045

 []


Overfull \hbox (52.49307pt too wide) in paragraph at lines 3073--3074
[]\T1/ptm/m/n/10 resetClientName: If set to true, the name of the client will b
e deleted too (and re-set by FDISK_fdiskSessionClient). 
 []

[147] [148] [149] [150]
Underfull \hbox (badness 10000) in paragraph at lines 3308--3309

 []

[151]
Underfull \hbox (badness 10000) in paragraph at lines 3332--3333

 []


Underfull \hbox (badness 10000) in paragraph at lines 3335--3336

 []


Overfull \hbox (41.42462pt too wide) in paragraph at lines 3349--3350
[]\T1/ptm/m/n/10 fsOrType: Name of the file sys-tem (ext3, ext2, linux-swap,...
) or type of the par-ti-tion (eg. CFDiskIO::PT_FREE) 
 []

[152]
Underfull \hbox (badness 10000) in paragraph at lines 3383--3384

 []

[153]
Underfull \hbox (badness 10000) in paragraph at lines 3432--3433

 []


Underfull \hbox (badness 10000) in paragraph at lines 3435--3436

 []


Underfull \hbox (badness 10000) in paragraph at lines 3450--3451

 []


Underfull \hbox (badness 10000) in paragraph at lines 3453--3454

 []

[154] [155]
Underfull \hbox (badness 10000) in paragraph at lines 3474--3476

 []


Underfull \hbox (badness 10000) in paragraph at lines 3486--3487

 []


Underfull \hbox (badness 10000) in paragraph at lines 3519--3520

 []


Underfull \hbox (badness 10000) in paragraph at lines 3522--3523

 []

[156] [157]
Underfull \hbox (badness 10000) in paragraph at lines 3598--3599

 []


Underfull \hbox (badness 10000) in paragraph at lines 3601--3602

 []


Underfull \hbox (badness 10000) in paragraph at lines 3604--3605

 []


Underfull \hbox (badness 10000) in paragraph at lines 3607--3608

 []


Underfull \hbox (badness 10000) in paragraph at lines 3610--3611

 []


Underfull \hbox (badness 10000) in paragraph at lines 3613--3614

 []

[158]
Underfull \hbox (badness 10000) in paragraph at lines 3649--3650

 []


Underfull \hbox (badness 10000) in paragraph at lines 3652--3653

 []


Underfull \hbox (badness 10000) in paragraph at lines 3655--3656

 []


Underfull \hbox (badness 10000) in paragraph at lines 3658--3659

 []

[159]
Underfull \hbox (badness 10000) in paragraph at lines 3672--3673

 []


Underfull \hbox (badness 10000) in paragraph at lines 3682--3683

 []

[160]
Overfull \hbox (46.77446pt too wide) in paragraph at lines 3777--3778
[]\T1/ptm/m/n/10 type: type of the par-ti-tion (CFDiskIO::PT_PRIMARY, CFDiskIO:
:PT_EXTENDED, CFDiskIO::PT_LOGICAL,
 []

[161] [162] [163] [164] [165]
Overfull \hbox (67.38455pt too wide) in paragraph at lines 3998--3999
[]\T1/ptm/m/n/10 partType: Type of the par-ti-tion (CFDiskIO::PT_PRIMARY, CFDis
kIO::PT_EXTENDED, CFDiskIO::PT_LOGICAL,
 []


Overfull \hbox (67.38455pt too wide) in paragraph at lines 4012--4013
[]\T1/ptm/m/n/10 partType: Type of the par-ti-tion (CFDiskIO::PT_PRIMARY, CFDis
kIO::PT_EXTENDED, CFDiskIO::PT_LOGICAL,
 []


Overfull \hbox (67.38455pt too wide) in paragraph at lines 4025--4026
[]\T1/ptm/m/n/10 partType: Type of the par-ti-tion (CFDiskIO::PT_PRIMARY, CFDis
kIO::PT_EXTENDED, CFDiskIO::PT_LOGICAL,
 []

[166]
Overfull \hbox (46.77446pt too wide) in paragraph at lines 4040--4041
[]\T1/ptm/m/n/10 type: type of the par-ti-tion (CFDiskIO::PT_PRIMARY, CFDiskIO:
:PT_EXTENDED, CFDiskIO::PT_LOGICAL,
 []


Overfull \hbox (8.12413pt too wide) in paragraph at lines 4071--4073
\T1/ptm/m/n/10 to the vari-ables. These val-ues can be used to ac-cess the file
 sys-tem via $param["dev$vDev"."part$vPart"."_fs"] 
 []

[167]
Overfull \hbox (47.60442pt too wide) in paragraph at lines 4131--4132
[]\T1/ptm/m/n/10 type: type of the par-ti-tion (CFDiskIO::PT_PRIMARY, CFDiskIO:
:PT_EXTENDED, CFDiskIO::PT_LOGICAL) 
 []

[168] [169] [170] [171] [172] [173] [174] [175] [176] [177]
Underfull \hbox (badness 10000) in paragraph at lines 4651--4653

 []


Underfull \hbox (badness 10000) in paragraph at lines 4706--4707

 []

[178]
Underfull \hbox (badness 10000) in paragraph at lines 4748--4749

 []

[179]
Underfull \hbox (badness 10000) in paragraph at lines 4788--4789

 []


Overfull \hbox (47.60442pt too wide) in paragraph at lines 4797--4798
[]\T1/ptm/m/n/10 type: type of the par-ti-tion (CFDiskIO::PT_PRIMARY, CFDiskIO:
:PT_EXTENDED, CFDiskIO::PT_LOGICAL) 
 []


Underfull \hbox (badness 10000) in paragraph at lines 4801--4802

 []


Underfull \hbox (badness 10000) in paragraph at lines 4812--4813

 []

[180]
Underfull \hbox (badness 10000) in paragraph at lines 4823--4824

 []


Underfull \hbox (badness 10000) in paragraph at lines 4840--4841

 []


Underfull \hbox (badness 10000) in paragraph at lines 4850--4851

 []

[181]
Underfull \hbox (badness 10000) in paragraph at lines 4892--4893

 []


Underfull \hbox (badness 10000) in paragraph at lines 4895--4896

 []


Underfull \hbox (badness 10000) in paragraph at lines 4898--4899

 []


Underfull \hbox (badness 10000) in paragraph at lines 4901--4902

 []


Underfull \hbox (badness 10000) in paragraph at lines 4904--4905

 []

[182]
Underfull \hbox (badness 10000) in paragraph at lines 4907--4909

 []


Underfull \hbox (badness 10000) in paragraph at lines 4918--4919

 []


Underfull \hbox (badness 10000) in paragraph at lines 4935--4936

 []


Underfull \hbox (badness 10000) in paragraph at lines 4952--4953

 []


Underfull \hbox (badness 10000) in paragraph at lines 4955--4956

 []

[183]
Underfull \hbox (badness 10000) in paragraph at lines 4986--4987

 []


Underfull \hbox (badness 10000) in paragraph at lines 4989--4990

 []

[184]
Underfull \hbox (badness 10000) in paragraph at lines 4992--4994

 []


Underfull \hbox (badness 10000) in paragraph at lines 5003--5004

 []

[185]
Underfull \hbox (badness 10000) in paragraph at lines 5070--5071

 []


Underfull \hbox (badness 10000) in paragraph at lines 5073--5074

 []


Underfull \hbox (badness 10000) in paragraph at lines 5076--5077

 []

[186]
Underfull \hbox (badness 10000) in paragraph at lines 5104--5105

 []

[187]
Underfull \hbox (badness 10000) in paragraph at lines 5107--5109

 []

[188] [189] [190] [191]
Underfull \hbox (badness 10000) in paragraph at lines 5325--5327

 []

[192]
! Missing $ inserted.
<inserted text> 
                $
l.5328 \newpage\section{./inc/client_details.php}
                                                 
? 
! Missing $ inserted.
<inserted text> 
                $
l.5328 \newpage\section{./inc/client_details.php}
                                                 
? 

Underfull \hbox (badness 10000) in paragraph at lines 5329--5331

 []


Underfull \hbox (badness 10000) in paragraph at lines 5341--5342

 []

! Missing $ inserted.
<inserted text> 
                $
l.5364 \newpage
               \section{./inc/client.php}
? 
! Extra }, or forgotten $.
\MakeUppercase  ... {\uppercase {#1}}\reserved@a }
                                                  
l.5364 \newpage
               \section{./inc/client.php}
? 
! Missing $ inserted.
<inserted text> 
                $
l.5364 \newpage
               \section{./inc/client.php}
? 
! Missing } inserted.
<inserted text> 
                }
l.5364 \newpage
               \section{./inc/client.php}
? 
[193]
Underfull \hbox (badness 10000) in paragraph at lines 5365--5367

 []

[194] [195] [196] [197]
Underfull \hbox (badness 10000) in paragraph at lines 5630--5631

 []

[198] [199]
Overfull \hbox (39.21573pt too wide) in paragraph at lines 5701--5702
[]\T1/ptm/m/n/10 clientAddType: can be CLIENT_ADD_TYPE_add if the client should
 be added, CLIENT_ADD_TYPE_define
 []


Underfull \hbox (badness 10000) in paragraph at lines 5727--5728

 []

[200] [201] [202] [203] [204]
Overfull \hbox (11.99307pt too wide) in paragraph at lines 5976--5977
\T1/ptm/b/n/10 Description: \T1/ptm/m/n/10 re-turnes the client name of the cal
l-ing client or the client given by its ID ($_GET['m23clientID']). 
 []


Underfull \hbox (badness 10000) in paragraph at lines 5976--5977

 []


Underfull \hbox (badness 10000) in paragraph at lines 5994--5995

 []

[205]
Underfull \hbox (badness 10000) in paragraph at lines 6032--6033

 []

[206]
Underfull \hbox (badness 10000) in paragraph at lines 6090--6091

 []

[207]
Underfull \hbox (badness 10000) in paragraph at lines 6144--6145

 []


Underfull \hbox (badness 10000) in paragraph at lines 6177--6178

 []

[208] [209]
Underfull \hbox (badness 10000) in paragraph at lines 6231--6233

 []

[210]
Underfull \hbox (badness 10000) in paragraph at lines 6271--6273

 []


Underfull \hbox (badness 10000) in paragraph at lines 6283--6284

 []

[211]
Overfull \hbox (91.3843pt too wide) in paragraph at lines 6322--6323
[]\T1/ptm/m/n/10 $shortLanguage: in-di-cates cho-sen lan-guage (cur-rent valid 
val-ues: de, en or fr, see I18N_m23instLanguage($shortLanguage)) 
 []

[212]
Underfull \hbox (badness 10000) in paragraph at lines 6368--6370

 []


Underfull \hbox (badness 10000) in paragraph at lines 6423--6424

 []

[213] [214]
Underfull \hbox (badness 10000) in paragraph at lines 6475--6477

 []

[215] [216]
Underfull \hbox (badness 10000) in paragraph at lines 6614--6615

 []

[217]
Underfull \hbox (badness 10000) in paragraph at lines 6617--6619

 []


Underfull \hbox (badness 10000) in paragraph at lines 6641--6642

 []

[218]
Underfull \hbox (badness 10000) in paragraph at lines 6658--6660

 []


Underfull \hbox (badness 10000) in paragraph at lines 6662--6663

 []


Underfull \hbox (badness 10000) in paragraph at lines 6665--6666

 []


Underfull \hbox (badness 10000) in paragraph at lines 6668--6669

 []

[219] [220]
Underfull \hbox (badness 10000) in paragraph at lines 6799--6800

 []


Underfull \hbox (badness 10000) in paragraph at lines 6802--6803

 []

[221]
Underfull \hbox (badness 10000) in paragraph at lines 6805--6807

 []


Overfull \hbox (117.22002pt too wide) in paragraph at lines 6822--6822
[]\T1/ptm/b/n/12 CPoolFromClientDebsGUI::DEFINE_checkboxForAddingm23BuildPoolFr
omClientDebsPackage 
 []

[222]
Underfull \hbox (badness 10000) in paragraph at lines 6831--6833

 []


Overfull \hbox (66.55666pt too wide) in paragraph at lines 6834--6834
[]\T1/ptm/b/n/12 CPoolFromClientGUI::DEFINE_checkboxForAddingm23BuildPoolFromCl
ientPackage 
 []


Underfull \hbox (badness 10000) in paragraph at lines 6878--6879

 []


Underfull \hbox (badness 10000) in paragraph at lines 6881--6882

 []

[223]
Underfull \hbox (badness 10000) in paragraph at lines 6884--6886

 []


Underfull \hbox (badness 10000) in paragraph at lines 6888--6889

 []


Underfull \hbox (badness 10000) in paragraph at lines 6921--6922

 []


Underfull \hbox (badness 10000) in paragraph at lines 6934--6935

 []

[224]
Underfull \hbox (badness 10000) in paragraph at lines 6937--6938

 []

[225]
Underfull \hbox (badness 10000) in paragraph at lines 6982--6984

 []

[226]
Underfull \hbox (badness 10000) in paragraph at lines 6986--6988

 []

[227]
Underfull \hbox (badness 10000) in paragraph at lines 7058--7059

 []

[228] [229] [230] [231]
Underfull \hbox (badness 10000) in paragraph at lines 7283--7284

 []

[232] [233]
Underfull \hbox (badness 10000) in paragraph at lines 7341--7343

 []

[234]
Underfull \hbox (badness 10000) in paragraph at lines 7397--7398

 []

[235] [236] [237]
Underfull \hbox (badness 10000) in paragraph at lines 7533--7535

 []


Underfull \hbox (badness 10000) in paragraph at lines 7537--7538

 []

[238] [239]
Underfull \hbox (badness 10000) in paragraph at lines 7662--7663

 []


Underfull \hbox (badness 10000) in paragraph at lines 7665--7666

 []

[240]
Underfull \hbox (badness 10000) in paragraph at lines 7668--7670

 []


Underfull \hbox (badness 10000) in paragraph at lines 7679--7680

 []


Underfull \hbox (badness 10000) in paragraph at lines 7711--7712

 []


Underfull \hbox (badness 10000) in paragraph at lines 7714--7715

 []


Underfull \hbox (badness 10000) in paragraph at lines 7717--7718

 []


Underfull \hbox (badness 10000) in paragraph at lines 7720--7721

 []

[241]
Underfull \hbox (badness 10000) in paragraph at lines 7723--7724

 []


Underfull \hbox (badness 10000) in paragraph at lines 7726--7727

 []


Underfull \hbox (badness 10000) in paragraph at lines 7729--7730

 []

[242] [243] [244]
Underfull \hbox (badness 10000) in paragraph at lines 7848--7850

 []


Underfull \hbox (badness 10000) in paragraph at lines 7870--7871

 []

[245]
Underfull \hbox (badness 10000) in paragraph at lines 7911--7912

 []


Underfull \hbox (badness 10000) in paragraph at lines 7914--7915

 []


Underfull \hbox (badness 10000) in paragraph at lines 7938--7939

 []


Underfull \hbox (badness 10000) in paragraph at lines 7948--7949

 []


Underfull \hbox (badness 10000) in paragraph at lines 7951--7952

 []

[246]
Underfull \hbox (badness 10000) in paragraph at lines 7999--8000

 []

[247]
Underfull \hbox (badness 10000) in paragraph at lines 8023--8024

 []

[248] [249]
Underfull \hbox (badness 10000) in paragraph at lines 8126--8128

 []


Underfull \hbox (badness 10000) in paragraph at lines 8130--8131

 []

[250] [251] [252] [253]
Underfull \hbox (badness 10000) in paragraph at lines 8313--8315

 []


Underfull \hbox (badness 10000) in paragraph at lines 8324--8325

 []


Underfull \hbox (badness 10000) in paragraph at lines 8327--8328

 []


Underfull \hbox (badness 10000) in paragraph at lines 8330--8331

 []


Underfull \hbox (badness 10000) in paragraph at lines 8340--8341

 []


Underfull \hbox (badness 10000) in paragraph at lines 8343--8344

 []


Underfull \hbox (badness 10000) in paragraph at lines 8346--8347

 []


Underfull \hbox (badness 10000) in paragraph at lines 8356--8357

 []

[254]
Underfull \hbox (badness 10000) in paragraph at lines 8388--8389

 []


Underfull \hbox (badness 10000) in paragraph at lines 8391--8392

 []


Underfull \hbox (badness 10000) in paragraph at lines 8394--8395

 []


Underfull \hbox (badness 10000) in paragraph at lines 8397--8398

 []


Underfull \hbox (badness 10000) in paragraph at lines 8400--8401

 []

[255]
Underfull \hbox (badness 10000) in paragraph at lines 8403--8404

 []


Underfull \hbox (badness 10000) in paragraph at lines 8406--8407

 []


Underfull \hbox (badness 10000) in paragraph at lines 8409--8410

 []


Underfull \hbox (badness 10000) in paragraph at lines 8412--8413

 []


Underfull \hbox (badness 10000) in paragraph at lines 8445--8446

 []

[256]
Underfull \hbox (badness 10000) in paragraph at lines 8465--8466

 []


Underfull \hbox (badness 10000) in paragraph at lines 8487--8488

 []

[257]
Underfull \hbox (badness 10000) in paragraph at lines 8502--8503

 []

[258]
Underfull \hbox (badness 10000) in paragraph at lines 8569--8570

 []

[259]
Underfull \hbox (badness 10000) in paragraph at lines 8650--8651

 []

[260]
Underfull \hbox (badness 10000) in paragraph at lines 8662--8663

 []


Underfull \hbox (badness 10000) in paragraph at lines 8665--8666

 []

[261]
Underfull \hbox (badness 10000) in paragraph at lines 8710--8711

 []


Underfull \hbox (badness 10000) in paragraph at lines 8713--8714

 []


Underfull \hbox (badness 10000) in paragraph at lines 8723--8724

 []

[262]
Underfull \hbox (badness 10000) in paragraph at lines 8763--8764

 []


Underfull \hbox (badness 10000) in paragraph at lines 8773--8774

 []

[263]
Underfull \hbox (badness 10000) in paragraph at lines 8792--8793

 []


Underfull \hbox (badness 10000) in paragraph at lines 8795--8796

 []

[264]
Underfull \hbox (badness 10000) in paragraph at lines 8798--8800

 []

[265] [266]
Underfull \hbox (badness 10000) in paragraph at lines 8865--8867

 []


Underfull \hbox (badness 10000) in paragraph at lines 8917--8918

 []

[267] [268] [269] [270] [271]
Underfull \hbox (badness 10000) in paragraph at lines 9130--9132

 []


Underfull \hbox (badness 10000) in paragraph at lines 9134--9135

 []

[272]
Underfull \hbox (badness 10000) in paragraph at lines 9185--9187

 []

[273] [274]
Underfull \hbox (badness 10000) in paragraph at lines 9257--9259

 []


Underfull \hbox (badness 10000) in paragraph at lines 9268--9269

 []


Underfull \hbox (badness 10000) in paragraph at lines 9271--9272

 []


Underfull \hbox (badness 10000) in paragraph at lines 9274--9275

 []


Underfull \hbox (badness 10000) in paragraph at lines 9284--9285

 []


Underfull \hbox (badness 10000) in paragraph at lines 9287--9288

 []


Underfull \hbox (badness 10000) in paragraph at lines 9290--9291

 []


Underfull \hbox (badness 10000) in paragraph at lines 9300--9301

 []

[275]
Underfull \hbox (badness 10000) in paragraph at lines 9332--9333

 []


Underfull \hbox (badness 10000) in paragraph at lines 9335--9336

 []


Underfull \hbox (badness 10000) in paragraph at lines 9338--9339

 []


Underfull \hbox (badness 10000) in paragraph at lines 9341--9342

 []


Underfull \hbox (badness 10000) in paragraph at lines 9344--9345

 []

[276]
Underfull \hbox (badness 10000) in paragraph at lines 9347--9348

 []


Underfull \hbox (badness 10000) in paragraph at lines 9350--9351

 []


Underfull \hbox (badness 10000) in paragraph at lines 9353--9354

 []


Underfull \hbox (badness 10000) in paragraph at lines 9356--9357

 []


Underfull \hbox (badness 10000) in paragraph at lines 9389--9390

 []

[277]
Underfull \hbox (badness 10000) in paragraph at lines 9409--9410

 []


Underfull \hbox (badness 10000) in paragraph at lines 9431--9432

 []

[278]
Underfull \hbox (badness 10000) in paragraph at lines 9446--9447

 []

[279]
Underfull \hbox (badness 10000) in paragraph at lines 9513--9514

 []

[280]
Underfull \hbox (badness 10000) in paragraph at lines 9594--9595

 []

[281]
Underfull \hbox (badness 10000) in paragraph at lines 9606--9607

 []


Underfull \hbox (badness 10000) in paragraph at lines 9609--9610

 []

[282]
Underfull \hbox (badness 10000) in paragraph at lines 9654--9655

 []


Underfull \hbox (badness 10000) in paragraph at lines 9657--9658

 []


Underfull \hbox (badness 10000) in paragraph at lines 9667--9668

 []

[283]
Underfull \hbox (badness 10000) in paragraph at lines 9707--9708

 []


Underfull \hbox (badness 10000) in paragraph at lines 9717--9718

 []

[284]
Underfull \hbox (badness 10000) in paragraph at lines 9736--9737

 []


Underfull \hbox (badness 10000) in paragraph at lines 9739--9740

 []

[285]
Underfull \hbox (badness 10000) in paragraph at lines 9742--9744

 []

[286]
Underfull \hbox (badness 10000) in paragraph at lines 9761--9763

 []


Underfull \hbox (badness 10000) in paragraph at lines 9813--9814

 []

[287] [288] [289] [290] [291]
Underfull \hbox (badness 10000) in paragraph at lines 10026--10028

 []

[292]
Underfull \hbox (badness 10000) in paragraph at lines 10132--10133

 []

[293]
Overfull \hbox (77.28293pt too wide) in paragraph at lines 10135--10136
\T1/ptm/b/n/10 Description: \T1/ptm/m/n/10 re-turns a string with se-lected des
k-tops (seper-ated by "###") from the list gen-er-ated by DISTR_getDesktopsCBLi
st 
 []


Underfull \hbox (badness 10000) in paragraph at lines 10135--10136

 []

[294]
Underfull \hbox (badness 10000) in paragraph at lines 10138--10140

 []


Underfull \hbox (badness 10000) in paragraph at lines 10149--10150

 []


Underfull \hbox (badness 10000) in paragraph at lines 10152--10153

 []


Underfull \hbox (badness 10000) in paragraph at lines 10155--10156

 []


Underfull \hbox (badness 10000) in paragraph at lines 10165--10166

 []


Underfull \hbox (badness 10000) in paragraph at lines 10168--10169

 []


Underfull \hbox (badness 10000) in paragraph at lines 10171--10172

 []


Underfull \hbox (badness 10000) in paragraph at lines 10181--10182

 []

[295]
Underfull \hbox (badness 10000) in paragraph at lines 10213--10214

 []


Underfull \hbox (badness 10000) in paragraph at lines 10216--10217

 []


Underfull \hbox (badness 10000) in paragraph at lines 10219--10220

 []


Underfull \hbox (badness 10000) in paragraph at lines 10222--10223

 []


Underfull \hbox (badness 10000) in paragraph at lines 10225--10226

 []

[296]
Underfull \hbox (badness 10000) in paragraph at lines 10228--10229

 []


Underfull \hbox (badness 10000) in paragraph at lines 10231--10232

 []


Underfull \hbox (badness 10000) in paragraph at lines 10234--10235

 []


Underfull \hbox (badness 10000) in paragraph at lines 10237--10238

 []


Underfull \hbox (badness 10000) in paragraph at lines 10270--10271

 []

[297]
Underfull \hbox (badness 10000) in paragraph at lines 10290--10291

 []


Underfull \hbox (badness 10000) in paragraph at lines 10312--10313

 []

[298]
Underfull \hbox (badness 10000) in paragraph at lines 10327--10328

 []

[299]
Underfull \hbox (badness 10000) in paragraph at lines 10394--10395

 []

[300]
Underfull \hbox (badness 10000) in paragraph at lines 10475--10476

 []

[301]
Underfull \hbox (badness 10000) in paragraph at lines 10487--10488

 []


Underfull \hbox (badness 10000) in paragraph at lines 10490--10491

 []

[302]
Underfull \hbox (badness 10000) in paragraph at lines 10535--10536

 []


Underfull \hbox (badness 10000) in paragraph at lines 10538--10539

 []


Underfull \hbox (badness 10000) in paragraph at lines 10548--10549

 []

[303]
Underfull \hbox (badness 10000) in paragraph at lines 10588--10589

 []


Underfull \hbox (badness 10000) in paragraph at lines 10598--10599

 []

[304]
Underfull \hbox (badness 10000) in paragraph at lines 10617--10618

 []


Underfull \hbox (badness 10000) in paragraph at lines 10620--10621

 []

[305]
Underfull \hbox (badness 10000) in paragraph at lines 10623--10625

 []

[306]
Underfull \hbox (badness 10000) in paragraph at lines 10681--10682

 []

[307]
Underfull \hbox (badness 10000) in paragraph at lines 10691--10693

 []


Underfull \hbox (badness 10000) in paragraph at lines 10743--10744

 []

[308] [309] [310] [311] [312]
Underfull \hbox (badness 10000) in paragraph at lines 10956--10958

 []


Overfull \hbox (14.01357pt too wide) in paragraph at lines 10960--10962
\T1/ptm/b/n/10 Description: \T1/ptm/m/n/10 Gen-er-ates a sed com-mand line to i
n-sert text be-fore (SED_insertBefore) or af-ter (SED_insertAfter)
 []

[313] [314] [315]
Underfull \hbox (badness 10000) in paragraph at lines 11140--11141

 []

[316] [317]
Underfull \hbox (badness 10000) in paragraph at lines 11199--11201

 []


Underfull \hbox (badness 10000) in paragraph at lines 11203--11204

 []


Underfull \hbox (badness 10000) in paragraph at lines 11206--11207

 []


Underfull \hbox (badness 10000) in paragraph at lines 11243--11244

 []


Underfull \hbox (badness 10000) in paragraph at lines 11246--11247

 []

[318]
Underfull \hbox (badness 10000) in paragraph at lines 11249--11250

 []


Underfull \hbox (badness 10000) in paragraph at lines 11252--11253

 []


Underfull \hbox (badness 10000) in paragraph at lines 11281--11282

 []


Underfull \hbox (badness 10000) in paragraph at lines 11284--11285

 []

[319] [320]
Overfull \hbox (52.49307pt too wide) in paragraph at lines 11387--11388
[]\T1/ptm/m/n/10 resetClientName: If set to true, the name of the client will b
e deleted too (and re-set by FDISK_fdiskSessionClient). 
 []

[321] [322]
Overfull \hbox (64.33478pt too wide) in paragraph at lines 11527--11528
[]\T1/ptm/m/n/10 varType: de-fine part of the key for the as-so-cia-tive ar-ray
 (e.g. "type" means $param["dev$vDev"."part$vPart"."_type"]) 
 []

[323] [324] [325]
Underfull \hbox (badness 10000) in paragraph at lines 11641--11642

 []

[326] [327] [328] [329] [330] [331] [332]
Underfull \hbox (badness 10000) in paragraph at lines 12030--12031

 []

[333]
Overfull \hbox (8.12413pt too wide) in paragraph at lines 12055--12057
\T1/ptm/m/n/10 to the vari-ables. These val-ues can be used to ac-cess the file
 sys-tem via $param["dev$vDev"."part$vPart"."_fs"] 
 []

[334] [335] [336] [337] [338]
Underfull \hbox (badness 10000) in paragraph at lines 12265--12267

 []

[339]
Underfull \hbox (badness 10000) in paragraph at lines 12352--12353

 []


Underfull \hbox (badness 10000) in paragraph at lines 12355--12356

 []

[340]
Underfull \hbox (badness 10000) in paragraph at lines 12411--12412

 []

[341] [342]
Underfull \hbox (badness 10000) in paragraph at lines 12493--12494

 []

[343]
Underfull \hbox (badness 10000) in paragraph at lines 12512--12514

 []


Underfull \hbox (badness 10000) in paragraph at lines 12516--12517

 []


Underfull \hbox (badness 10000) in paragraph at lines 12519--12520

 []


Underfull \hbox (badness 10000) in paragraph at lines 12522--12523

 []


Underfull \hbox (badness 10000) in paragraph at lines 12525--12526

 []

[344]
Underfull \hbox (badness 10000) in paragraph at lines 12576--12577

 []

[345]
Underfull \hbox (badness 10000) in paragraph at lines 12608--12609

 []


Underfull \hbox (badness 10000) in paragraph at lines 12611--12612

 []


Underfull \hbox (badness 10000) in paragraph at lines 12621--12622

 []


Underfull \hbox (badness 10000) in paragraph at lines 12624--12625

 []


Underfull \hbox (badness 10000) in paragraph at lines 12645--12646

 []

[346]
Underfull \hbox (badness 10000) in paragraph at lines 12676--12677

 []


Underfull \hbox (badness 10000) in paragraph at lines 12698--12699

 []


Underfull \hbox (badness 10000) in paragraph at lines 12701--12702

 []

[347]
Underfull \hbox (badness 10000) in paragraph at lines 12704--12705

 []


Underfull \hbox (badness 10000) in paragraph at lines 12751--12752

 []


Underfull \hbox (badness 10000) in paragraph at lines 12754--12755

 []

[348]
Underfull \hbox (badness 10000) in paragraph at lines 12757--12758

 []


Underfull \hbox (badness 10000) in paragraph at lines 12760--12761

 []


Underfull \hbox (badness 10000) in paragraph at lines 12805--12806

 []

[349]
Underfull \hbox (badness 10000) in paragraph at lines 12808--12809

 []


Underfull \hbox (badness 10000) in paragraph at lines 12811--12812

 []


Underfull \hbox (badness 10000) in paragraph at lines 12814--12815

 []


Underfull \hbox (badness 10000) in paragraph at lines 12817--12818

 []

[350]
Underfull \hbox (badness 10000) in paragraph at lines 12848--12850

 []

[351] [352]
Underfull \hbox (badness 10000) in paragraph at lines 12997--12998

 []

[353]
Underfull \hbox (badness 10000) in paragraph at lines 13056--13057

 []

[354] [355] [356] [357] [358]
Underfull \hbox (badness 10000) in paragraph at lines 13313--13314

 []


Underfull \hbox (badness 10000) in paragraph at lines 13316--13317

 []


Underfull \hbox (badness 10000) in paragraph at lines 13345--13346

 []

[359] [360]
Underfull \hbox (badness 10000) in paragraph at lines 13374--13376

 []

[361]
Underfull \hbox (badness 10000) in paragraph at lines 13414--13416

 []

[362] [363] [364]
Underfull \hbox (badness 10000) in paragraph at lines 13610--13611

 []


Underfull \hbox (badness 10000) in paragraph at lines 13613--13614

 []

[365] [366] [367] [368] [369] [370] [371]
Underfull \hbox (badness 10000) in paragraph at lines 13939--13940

 []

[372] [373] [374]
Underfull \hbox (badness 10000) in paragraph at lines 14097--14098

 []

[375]
Underfull \hbox (badness 10000) in paragraph at lines 14100--14102

 []

[376] [377]
Underfull \hbox (badness 10000) in paragraph at lines 14180--14182

 []

[378]
Underfull \hbox (badness 10000) in paragraph at lines 14268--14269

 []

[379]
Underfull \hbox (badness 10000) in paragraph at lines 14295--14296

 []

[380]
Underfull \hbox (badness 10000) in paragraph at lines 14305--14307

 []

[381]
Underfull \hbox (badness 10000) in paragraph at lines 14404--14405

 []


Underfull \hbox (badness 10000) in paragraph at lines 14407--14408

 []

[382]
Underfull \hbox (badness 10000) in paragraph at lines 14424--14425

 []


Underfull \hbox (badness 10000) in paragraph at lines 14457--14458

 []

[383] [384]
Underfull \hbox (badness 10000) in paragraph at lines 14493--14495

 []


Underfull \hbox (badness 10000) in paragraph at lines 14497--14498

 []


Underfull \hbox (badness 10000) in paragraph at lines 14500--14501

 []


Underfull \hbox (badness 10000) in paragraph at lines 14510--14511

 []

[385]
Overfull \hbox (26.00636pt too wide) in paragraph at lines 14560--14561
[]\T1/ptm/m/n/10 payType: Pay-ment type (M23SHARED_PAYTYPE_EVAL, M23SHARED_PAYT
YPE_PROFESSIONAL) 
 []

[386]
Underfull \hbox (badness 10000) in paragraph at lines 14651--14652

 []

[387] [388] [389] [390] [391]
Underfull \hbox (badness 10000) in paragraph at lines 14891--14892

 []


Underfull \hbox (badness 10000) in paragraph at lines 14905--14906

 []


Underfull \hbox (badness 10000) in paragraph at lines 14929--14930

 []

[392]
Underfull \hbox (badness 10000) in paragraph at lines 14941--14942

 []


Underfull \hbox (badness 10000) in paragraph at lines 14944--14945

 []

[393]
Underfull \hbox (badness 10000) in paragraph at lines 14992--14993

 []


Underfull \hbox (badness 10000) in paragraph at lines 15009--15010

 []


Underfull \hbox (badness 10000) in paragraph at lines 15012--15013

 []


Underfull \hbox (badness 10000) in paragraph at lines 15015--15016

 []

[394]
Underfull \hbox (badness 10000) in paragraph at lines 15029--15031

 []

[395] [396]
Underfull \hbox (badness 10000) in paragraph at lines 15204--15205

 []

[397]
Underfull \hbox (badness 10000) in paragraph at lines 15218--15219

 []

[398]
Underfull \hbox (badness 10000) in paragraph at lines 15221--15223

 []


Underfull \hbox (badness 10000) in paragraph at lines 15249--15250

 []

[399] [400] [401] [402]
Underfull \hbox (badness 10000) in paragraph at lines 15435--15437

 []


Underfull \hbox (badness 10000) in paragraph at lines 15455--15456

 []

[403]
Underfull \hbox (badness 10000) in paragraph at lines 15458--15460

 []


Underfull \hbox (badness 10000) in paragraph at lines 15462--15463

 []

[404] [405] [406]
Underfull \hbox (badness 10000) in paragraph at lines 15609--15611

 []


Underfull \hbox (badness 10000) in paragraph at lines 15613--15614

 []


Underfull \hbox (badness 10000) in paragraph at lines 15623--15624

 []


Underfull \hbox (badness 10000) in paragraph at lines 15626--15627

 []

[407]
Overfull \hbox (11.10396pt too wide) in paragraph at lines 15655--15656
[]\T1/ptm/m/n/10 params: Pa-ram-e-ters to send with POST to the server in the f
orm of "var1=val1&var2=val2&var3=val3..." 
 []


Underfull \hbox (badness 10000) in paragraph at lines 15690--15691

 []

[408]
Overfull \hbox (20.46349pt too wide) in paragraph at lines 15709--15711
\T1/ptm/b/n/10 Description: \T1/ptm/m/n/10 De-codes the slightly mod-ifi-cated 
base64 in-put stream cre-ated from MSR_clientSideBase64Encode. 
 []


Overfull \hbox (85.91359pt too wide) in paragraph at lines 15732--15734
\T1/ptm/b/n/10 Description: \T1/ptm/m/n/10 Sends a bi-nary file to postMes-sage
.php. In con-trast to MSR_genSendCommand MSR_genSendBinayFileCommand
 []


Underfull \hbox (badness 10000) in paragraph at lines 15740--15741

 []


Underfull \hbox (badness 10000) in paragraph at lines 15743--15744

 []


Underfull \hbox (badness 10000) in paragraph at lines 15753--15754

 []

[409]
Underfull \hbox (badness 10000) in paragraph at lines 15756--15757

 []


Underfull \hbox (badness 10000) in paragraph at lines 15767--15768

 []


Overfull \hbox (50.61227pt too wide) in paragraph at lines 15770--15771
\T1/ptm/b/n/10 Description: \T1/ptm/m/n/10 reads sta-tus file data from the pos
t data and store it un-der /m23/var/cache/clients/clientName/packageStatus 
 []


Underfull \hbox (badness 10000) in paragraph at lines 15770--15771

 []


Underfull \hbox (badness 10000) in paragraph at lines 15789--15790

 []


Underfull \hbox (badness 10000) in paragraph at lines 15792--15793

 []


Underfull \hbox (badness 10000) in paragraph at lines 15795--15796

 []

[410]
Underfull \hbox (badness 10000) in paragraph at lines 15798--15799

 []


Underfull \hbox (badness 10000) in paragraph at lines 15801--15802

 []

[411]
Underfull \hbox (badness 10000) in paragraph at lines 15811--15813

 []


Underfull \hbox (badness 10000) in paragraph at lines 15815--15816

 []


Underfull \hbox (badness 10000) in paragraph at lines 15818--15819

 []


Underfull \hbox (badness 10000) in paragraph at lines 15821--15822

 []


Underfull \hbox (badness 10000) in paragraph at lines 15824--15825

 []

! Missing $ inserted.
<inserted text> 
                $
l.15831 ...ession for searching the keys (e.g. "/^
                                                  BUT\_action/").
? 

! LaTeX Error: Command \end{itemize} invalid in math mode.

See the LaTeX manual or LaTeX Companion for explanation.
Type  H <return>  for immediate help.
 ...                                              
                                                  
l.15832 \end{itemize}
                     
? 

! LaTeX Error: Something's wrong--perhaps a missing \item.

See the LaTeX manual or LaTeX Companion for explanation.
Type  H <return>  for immediate help.
 ...                                              
                                                  
l.15832 \end{itemize}
                     
? 

! LaTeX Error: Something's wrong--perhaps a missing \item.

See the LaTeX manual or LaTeX Companion for explanation.
Type  H <return>  for immediate help.
 ...                                              
                                                  
l.15832 \end{itemize}
                     
? 
! Missing $ inserted.
<inserted text> 
                $
l.15832 \end{itemize}
                     
? 
[412]
Underfull \hbox (badness 10000) in paragraph at lines 15846--15848

 []

[413] [414] [415] [416] [417] [418] [419] [420] [421] [422] [423] [424]
[425] [426] [427] [428] [429]
Underfull \hbox (badness 10000) in paragraph at lines 16765--16766

 []

[430]
Underfull \hbox (badness 10000) in paragraph at lines 16819--16820

 []

[431]
Underfull \hbox (badness 10000) in paragraph at lines 16822--16824

 []


Underfull \hbox (badness 10000) in paragraph at lines 16833--16834

 []


Underfull \hbox (badness 10000) in paragraph at lines 16836--16837

 []


Underfull \hbox (badness 10000) in paragraph at lines 16848--16849

 []

[432]
Underfull \hbox (badness 10000) in paragraph at lines 16851--16853

 []

[433] [434]
Underfull \hbox (badness 10000) in paragraph at lines 16980--16981

 []

[435] [436]
Underfull \hbox (badness 10000) in paragraph at lines 17019--17021

 []


Underfull \hbox (badness 10000) in paragraph at lines 17023--17024

 []


Underfull \hbox (badness 10000) in paragraph at lines 17026--17027

 []

[437]
Underfull \hbox (badness 10000) in paragraph at lines 17091--17092

 []

[438] [439]
Underfull \hbox (badness 10000) in paragraph at lines 17163--17165

 []


Underfull \hbox (badness 10000) in paragraph at lines 17167--17168

 []


Underfull \hbox (badness 10000) in paragraph at lines 17170--17171

 []


Underfull \hbox (badness 10000) in paragraph at lines 17173--17174

 []


Underfull \hbox (badness 10000) in paragraph at lines 17176--17177

 []


Underfull \hbox (badness 10000) in paragraph at lines 17179--17180

 []

[440] [441]
Underfull \hbox (badness 10000) in paragraph at lines 17241--17243

 []

[442] [443]
Underfull \hbox (badness 10000) in paragraph at lines 17307--17309

 []


Underfull \hbox (badness 10000) in paragraph at lines 17318--17319

 []

[444]
Underfull \hbox (badness 10000) in paragraph at lines 17328--17330

 []


Underfull \hbox (badness 10000) in paragraph at lines 17346--17347

 []


Underfull \hbox (badness 10000) in paragraph at lines 17349--17350

 []


Underfull \hbox (badness 10000) in paragraph at lines 17366--17367

 []

[445]
Underfull \hbox (badness 10000) in paragraph at lines 17369--17371

 []


Underfull \hbox (badness 10000) in paragraph at lines 17373--17374

 []

[446]
Underfull \hbox (badness 10000) in paragraph at lines 17437--17438

 []

[447] [448] [449] [450]
Underfull \hbox (badness 10000) in paragraph at lines 17709--17710

 []

[451]
Underfull \hbox (badness 10000) in paragraph at lines 17712--17713

 []


Underfull \hbox (badness 10000) in paragraph at lines 17715--17716

 []


Underfull \hbox (badness 10000) in paragraph at lines 17718--17719

 []


Underfull \hbox (badness 10000) in paragraph at lines 17721--17722

 []

[452] [453] [454] [455]
Underfull \hbox (badness 10000) in paragraph at lines 17892--17894

 []

[456] [457] [458] [459] [460] [461] [462]
Underfull \hbox (badness 10000) in paragraph at lines 18262--18264

 []

[463] [464] [465]
Underfull \hbox (badness 10000) in paragraph at lines 18466--18467

 []


Underfull \hbox (badness 10000) in paragraph at lines 18469--18470

 []

[466]
Underfull \hbox (badness 10000) in paragraph at lines 18491--18493

 []


Underfull \hbox (badness 10000) in paragraph at lines 18495--18496

 []


Underfull \hbox (badness 10000) in paragraph at lines 18498--18499

 []

[467]
Underfull \hbox (badness 10000) in paragraph at lines 18519--18521

 []


Underfull \hbox (badness 10000) in paragraph at lines 18573--18574

 []

[468] [469]
Underfull \hbox (badness 10000) in paragraph at lines 18629--18630

 []

[470]
Underfull \hbox (badness 10000) in paragraph at lines 18706--18707

 []

[471] [472]
Underfull \hbox (badness 10000) in paragraph at lines 18828--18829

 []

[473] [474] [475]
Underfull \hbox (badness 10000) in paragraph at lines 18975--18976

 []


Underfull \hbox (badness 10000) in paragraph at lines 18978--18979

 []

[476] [477]
Overfull \hbox (21.5348pt too wide) in paragraph at lines 19101--19102
[]\T1/ptm/m/n/10 mac: MAC ad-dress of the vir-tual net-work card. It can be in 
the for-mat 12:23:34:45:56:78 or 122334455678. 
 []

[478] [479]) [480] (./devguide.aux)

LaTeX Warning: Label(s) may have changed. Rerun to get cross-references right.

 ) 
Here is how much of TeX's memory you used:
 4717 strings out of 494945
 61858 string characters out of 6177917
 139165 words of memory out of 5000000
 7756 multiletter control sequences out of 15000+600000
 60459 words of font info for 79 fonts, out of 8000000 for 9000
 14 hyphenation exceptions out of 8191
 37i,8n,37p,1080b,319s stack positions out of 5000i,500n,10000p,200000b,80000s
{/usr/share/texlive/texmf-dist/fonts/enc/dvips/base/8r.enc}</usr/share/texliv
e/texmf-dist/fonts/type1/public/amsfonts/cm/cmmi10.pfb></usr/share/texlive/texm
f-dist/fonts/type1/public/amsfonts/cm/cmmi12.pfb></usr/share/texlive/texmf-dist
/fonts/type1/public/amsfonts/cm/cmmi7.pfb></usr/share/texlive/texmf-dist/fonts/
type1/public/amsfonts/cm/cmr10.pfb></usr/share/texlive/texmf-dist/fonts/type1/p
ublic/amsfonts/cm/cmsy10.pfb></usr/share/texlive/texmf-dist/fonts/type1/urw/cou
rier/ucrr8a.pfb></usr/share/texlive/texmf-dist/fonts/type1/urw/times/utmb8a.pfb
></usr/share/texlive/texmf-dist/fonts/type1/urw/times/utmr8a.pfb></usr/share/te
xlive/texmf-dist/fonts/type1/urw/times/utmr8a.pfb></usr/share/texlive/texmf-dis
t/fonts/type1/urw/times/utmri8a.pfb>
Output written on devguide.pdf (480 pages, 682694 bytes).
PDF statistics:
 1596 PDF objects out of 1728 (max. 8388607)
 1091 compressed objects within 11 object streams
 0 named destinations out of 1000 (max. 500000)
 6 words of extra memory for PDF output out of 10000 (max. 10000000)

