This is pdfTeX, Version 3.14159-1.10b (Web2C 7.4.5) (format=pdflatex 2004.3.3)  2 APR 2004 21:35
**mdk-menues.tex
(./mdk-menues.tex{/usr/local/share/texmf/pdftex/config/pdftex.cfg}
LaTeX2e <2001/06/01>
Babel <v3.7h> and hyphenation patterns for american, french, german, ngerman, n
ohyphenation, loaded.
(/usr/local/share/texmf/tex/latex/base/report.cls
Document Class: report 2001/04/21 v1.4e Standard LaTeX document class
(/usr/local/share/texmf/tex/latex/base/size10.clo
File: size10.clo 2001/04/21 v1.4e Standard LaTeX file (size option)
)
\c@part=\count79
\c@chapter=\count80
\c@section=\count81
\c@subsection=\count82
\c@subsubsection=\count83
\c@paragraph=\count84
\c@subparagraph=\count85
\c@figure=\count86
\c@table=\count87
\abovecaptionskip=\skip41
\belowcaptionskip=\skip42
\bibindent=\dimen102
) (./mdk-menues.aux)
\openout1 = `mdk-menues.aux'.

LaTeX Font Info:    Checking defaults for OML/cmm/m/it on input line 2.
LaTeX Font Info:    ... okay on input line 2.
LaTeX Font Info:    Checking defaults for T1/cmr/m/n on input line 2.
LaTeX Font Info:    ... okay on input line 2.
LaTeX Font Info:    Checking defaults for OT1/cmr/m/n on input line 2.
LaTeX Font Info:    ... okay on input line 2.
LaTeX Font Info:    Checking defaults for OMS/cmsy/m/n on input line 2.
LaTeX Font Info:    ... okay on input line 2.
LaTeX Font Info:    Checking defaults for OMX/cmex/m/n on input line 2.
LaTeX Font Info:    ... okay on input line 2.
LaTeX Font Info:    Checking defaults for U/cmr/m/n on input line 2.
LaTeX Font Info:    ... okay on input line 2.

Underfull \hbox (badness 10000) in paragraph at lines 5--6

 []


Underfull \hbox (badness 10000) in paragraph at lines 5--6

 []

LaTeX Font Info:    Try loading font information for OMS+cmr on input line 9.
(/usr/local/share/texmf/tex/latex/base/omscmr.fd
File: omscmr.fd 1999/05/25 v2.5h Standard LaTeX font definitions
)
LaTeX Font Info:    Font shape `OMS/cmr/m/n' in size <10> not available
(Font)              Font shape `OMS/cmsy/m/n' tried instead on input line 9.
LaTeX Font Info:    External font `cmex10' loaded for size
(Font)              <7> on input line 20.
LaTeX Font Info:    External font `cmex10' loaded for size
(Font)              <5> on input line 20.
 [1

{/usr/local/share/texmf/dvips/config/pdftex.map}] (./mdk-menues.aux) ) 
Here is how much of TeX's memory you used:
 248 strings out of 95437
 2696 string characters out of 1189862
 46930 words of memory out of 1000001
 3324 multiletter control sequences out of 10000+50000
 4721 words of font info for 18 fonts, out of 500000 for 1000
 14 hyphenation exceptions out of 1000
 23i,4n,19p,353b,198s stack positions out of 1500i,500n,5000p,200000b,5000s
 19 PDF objects out of 300000
 0 named destinations out of 131072
 0 words of extra memory for PDF output out of 65536
{/usr/loc
al/share/texmf/dvips/tetex/f7b6d320.enc}</usr/local/share/texmf/fonts/type1/blu
esky/cm/cmbx10.pfb>{/usr/local/share/texmf/dvips/tetex/09fbbfac.enc}</usr/local
/share/texmf/fonts/type1/bluesky/cm/cmtt10.pfb>{/usr/local/share/texmf/dvips/te
tex/bbad153f.enc}</usr/local/share/texmf/fonts/type1/bluesky/cm/cmsy10.pfb></us
r/local/share/texmf/fonts/type1/bluesky/cm/cmr10.pfb></usr/local/share/texmf/fo
nts/type1/bluesky/cm/cmbx12.pfb>
Output written on mdk-menues.pdf (1 page, 34137 bytes).
