\BOOKMARK [0][-]{chapter.1}{Pr\351face}{}% 1
\BOOKMARK [0][-]{chapter.2}{Introduction}{}% 2
\BOOKMARK [1][-]{section.2.1}{Qu'est-ce que c'est, m23?}{chapter.2}% 3
\BOOKMARK [1][-]{section.2.2}{Les composants du serveur m23}{chapter.2}% 4
\BOOKMARK [2][-]{subsection.2.2.1}{Debian GNU/Linux}{section.2.2}% 5
\BOOKMARK [2][-]{subsection.2.2.2}{Se mettre sur les \351paules des g\351ants}{section.2.2}% 6
\BOOKMARK [1][-]{section.2.3}{Licence}{chapter.2}% 7
\BOOKMARK [1][-]{section.2.4}{T\351l\351chargement}{chapter.2}% 8
\BOOKMARK [1][-]{section.2.5}{Soutien}{chapter.2}% 9
\BOOKMARK [1][-]{section.2.6}{Concernant le manuel}{chapter.2}% 10
\BOOKMARK [0][-]{chapter.3}{Exigences pour m23}{}% 11
\BOOKMARK [1][-]{section.3.1}{Le serveur m23}{chapter.3}% 12
\BOOKMARK [1][-]{section.3.2}{Les clients m23}{chapter.3}% 13
\BOOKMARK [1][-]{section.3.3}{Acc\350s \340 l'internet}{chapter.3}% 14
\BOOKMARK [1][-]{section.3.4}{Ordinateur avec un navigateur web}{chapter.3}% 15
\BOOKMARK [1][-]{section.3.5}{Le CD d'installation de m23}{chapter.3}% 16
\BOOKMARK [0][-]{chapter.4}{Installation du serveur}{}% 17
\BOOKMARK [1][-]{section.4.1}{Pr\351parations}{chapter.4}% 18
\BOOKMARK [1][-]{section.4.2}{Commencer avec l'installation}{chapter.4}% 19
\BOOKMARK [1][-]{section.4.3}{Fin de l'installation}{chapter.4}% 20
\BOOKMARK [0][-]{chapter.5}{Premiers pas avec le serveur m23}{}% 21
\BOOKMARK [1][-]{section.5.1}{Entrer en contact avec le serveur m23}{chapter.5}% 22
\BOOKMARK [1][-]{section.5.2}{Proc\351d\351 pendant l'ajout d'un client}{chapter.5}% 23
\BOOKMARK [0][-]{chapter.6}{Serveur}{}% 24
\BOOKMARK [1][-]{section.6.1}{Configurations du serveur}{chapter.6}% 25
\BOOKMARK [2][-]{subsection.6.1.1}{Syst\350me}{section.6.1}% 26
\BOOKMARK [2][-]{subsection.6.1.2}{Composants}{section.6.1}% 27
\BOOKMARK [2][-]{subsection.6.1.3}{Fonctions astucieuses du serveur}{section.6.1}% 28
\BOOKMARK [2][-]{subsection.6.1.4}{Extras}{section.6.1}% 29
\BOOKMARK [1][-]{section.6.2}{G\351rer les comptes administrateurs}{chapter.6}% 30
\BOOKMARK [1][-]{section.6.3}{Mettre \340 jour les logiciels du serveur}{chapter.6}% 31
\BOOKMARK [2][-]{subsection.6.3.1}{Proc\351dez comme suit:}{section.6.3}% 32
\BOOKMARK [1][-]{section.6.4}{D\351mons et programmes}{chapter.6}% 33
\BOOKMARK [2][-]{subsection.6.4.1}{Notez}{section.6.4}% 34
\BOOKMARK [2][-]{subsection.6.4.2}{Signification des couleurs}{section.6.4}% 35
\BOOKMARK [2][-]{subsection.6.4.3}{Description des d\351mons}{section.6.4}% 36
\BOOKMARK [1][-]{section.6.5}{Administrer le serveur LDAP}{chapter.6}% 37
\BOOKMARK [1][-]{section.6.6}{G\351rer les cl\351s GPG}{chapter.6}% 38
\BOOKMARK [1][-]{section.6.7}{Administrer les fichiers image}{chapter.6}% 39
\BOOKMARK [1][-]{section.6.8}{Sauvegarde du serveur}{chapter.6}% 40
\BOOKMARK [2][-]{subsection.6.8.1}{Crypter et t\351l\351verser la sauvegarde sur un serveur distant ou externe}{section.6.8}% 41
\BOOKMARK [2][-]{subsection.6.8.2}{Remarque concernant les cl\351s GPG}{section.6.8}% 42
\BOOKMARK [2][-]{subsection.6.8.3}{scp}{section.6.8}% 43
\BOOKMARK [2][-]{subsection.6.8.4}{Remarque}{section.6.8}% 44
\BOOKMARK [2][-]{subsection.6.8.5}{share-online.biz}{section.6.8}% 45
\BOOKMARK [2][-]{subsection.6.8.6}{Remarque:}{section.6.8}% 46
\BOOKMARK [2][-]{subsection.6.8.7}{Param\350tres cron}{section.6.8}% 47
\BOOKMARK [2][-]{subsection.6.8.8}{Processus \351tape par \351tape pour ajouter de nouvelles t\342ches}{section.6.8}% 48
\BOOKMARK [2][-]{subsection.6.8.9}{Effacer une t\342che}{section.6.8}% 49
\BOOKMARK [1][-]{section.6.9}{Liste de sauvegardes du serveur}{chapter.6}% 50
\BOOKMARK [2][-]{subsection.6.9.1}{Notez}{section.6.9}% 51
\BOOKMARK [1][-]{section.6.10}{R\351stitution de votre serveur m23}{chapter.6}% 52
\BOOKMARK [1][-]{section.6.11}{Gestion des adresses IP}{chapter.6}% 53
\BOOKMARK [2][-]{subsection.6.11.1}{Postes client unitaires / param\350tres du r\351seau}{section.6.11}% 54
\BOOKMARK [2][-]{subsection.6.11.2}{Interval des adresses IP}{section.6.11}% 55
\BOOKMARK [2][-]{subsection.6.11.3}{Tableaux d'adresses}{section.6.11}% 56
\BOOKMARK [1][-]{section.6.12}{Configuration du pare-feu}{chapter.6}% 57
\BOOKMARK [2][-]{subsection.6.12.1}{Nota}{section.6.12}% 58
\BOOKMARK [1][-]{section.6.13}{Proxy syst\350me}{chapter.6}% 59
\BOOKMARK [1][-]{section.6.14}{Choix du th\350me}{chapter.6}% 60
\BOOKMARK [0][-]{chapter.7}{Service de t\351l\351administration de m23}{}% 61
\BOOKMARK [1][-]{section.7.1}{Service de t\351l\351administration de m23}{chapter.7}% 62
\BOOKMARK [1][-]{section.7.2}{Service de t\351l\351administration de m23}{chapter.7}% 63
\BOOKMARK [2][-]{subsection.7.2.1}{Enregistrement}{section.7.2}% 64
\BOOKMARK [2][-]{subsection.7.2.2}{S\351curit\351}{section.7.2}% 65
\BOOKMARK [2][-]{subsection.7.2.3}{Activation}{section.7.2}% 66
\BOOKMARK [0][-]{chapter.8}{Administrer des clients}{}% 67
\BOOKMARK [1][-]{section.8.1}{Vue d'ensemble des postes client}{chapter.8}% 68
\BOOKMARK [2][-]{subsection.8.1.1}{Signification des couleurs des symboles}{section.8.1}% 69
\BOOKMARK [2][-]{subsection.8.1.2}{Travaux}{section.8.1}% 70
\BOOKMARK [2][-]{subsection.8.1.3}{Op\351rer sur plusieurs postes clients}{section.8.1}% 71
\BOOKMARK [2][-]{subsection.8.1.4}{Notez:}{section.8.1}% 72
\BOOKMARK [2][-]{subsection.8.1.5}{Astuces}{section.8.1}% 73
\BOOKMARK [1][-]{section.8.2}{Centre de contr\364le}{chapter.8}% 74
\BOOKMARK [2][-]{subsection.8.2.1}{Remarques sur la virtualisation}{section.8.2}% 75
\BOOKMARK [2][-]{subsection.8.2.2}{D\351marrer, suspendre et arr\352ter un poste client m23 virtuel}{section.8.2}% 76
\BOOKMARK [2][-]{subsection.8.2.3}{\311tablir un h\364te de VM}{section.8.2}% 77
\BOOKMARK [1][-]{section.8.3}{Informations sur le mat\351riel du poste client}{chapter.8}% 78
\BOOKMARK [1][-]{section.8.4}{Paquets}{chapter.8}% 79
\BOOKMARK [1][-]{section.8.5}{Protocole du poste client}{chapter.8}% 80
\BOOKMARK [1][-]{section.8.6}{Ajouter un poste client \340 un groupe}{chapter.8}% 81
\BOOKMARK [1][-]{section.8.7}{Effacer un poste client d'un groupe}{chapter.8}% 82
\BOOKMARK [1][-]{section.8.8}{R\351g\351n\351rer un poste client}{chapter.8}% 83
\BOOKMARK [2][-]{subsection.8.8.1}{Notez}{section.8.8}% 84
\BOOKMARK [1][-]{section.8.9}{Lancer le syst\350me d'urgence}{chapter.8}% 85
\BOOKMARK [2][-]{subsection.8.9.1}{Notez}{section.8.9}% 86
\BOOKMARK [1][-]{section.8.10}{Changer l'\351tat du poste client}{chapter.8}% 87
\BOOKMARK [2][-]{subsection.8.10.1}{Attention}{section.8.10}% 88
\BOOKMARK [2][-]{subsection.8.10.2}{Signification des couleurs des symboles}{section.8.10}% 89
\BOOKMARK [2][-]{subsection.8.10.3}{Travaux}{section.8.10}% 90
\BOOKMARK [2][-]{subsection.8.10.4}{Op\351rer sur plusieurs postes clients}{section.8.10}% 91
\BOOKMARK [2][-]{subsection.8.10.5}{Notez:}{section.8.10}% 92
\BOOKMARK [2][-]{subsection.8.10.6}{Astuces}{section.8.10}% 93
\BOOKMARK [1][-]{section.8.11}{Changer l'\351tat du d\351bogage}{chapter.8}% 94
\BOOKMARK [1][-]{section.8.12}{Connexion directe au poste client}{chapter.8}% 95
\BOOKMARK [2][-]{subsection.8.12.1}{Mot de passe}{section.8.12}% 96
\BOOKMARK [1][-]{section.8.13}{Modifier un poste client}{chapter.8}% 97
\BOOKMARK [2][-]{subsection.8.13.1}{Notez}{section.8.13}% 98
\BOOKMARK [1][-]{section.8.14}{Modifier les travaux}{chapter.8}% 99
\BOOKMARK [1][-]{section.8.15}{Cr\351er lapos;image}{chapter.8}% 100
\BOOKMARK [2][-]{subsection.8.15.1}{Attention}{section.8.15}% 101
\BOOKMARK [2][-]{subsection.8.15.2}{Les fichiers image}{section.8.15}% 102
\BOOKMARK [2][-]{subsection.8.15.3}{Le port de communication}{section.8.15}% 103
\BOOKMARK [1][-]{section.8.16}{Sauvegarde}{chapter.8}% 104
\BOOKMARK [1][-]{section.8.17}{Construire une source de paquets et une s\351lection de paquets bas\351es sur un poste client }{chapter.8}% 105
\BOOKMARK [0][-]{chapter.9}{Ajuster des clients}{}% 106
\BOOKMARK [1][-]{section.9.1}{Ajouter un poste client}{chapter.9}% 107
\BOOKMARK [2][-]{subsection.9.1.1}{Note: Serveur DHCP externe}{section.9.1}% 108
\BOOKMARK [2][-]{subsection.9.1.2}{Note: UEFI}{section.9.1}% 109
\BOOKMARK [2][-]{subsection.9.1.3}{Information suppl\351mentaire}{section.9.1}% 110
\BOOKMARK [2][-]{subsection.9.1.4}{Renseignement concernant l'architecture du processeur}{section.9.1}% 111
\BOOKMARK [2][-]{subsection.9.1.5}{Information suppl\351mentaire:}{section.9.1}% 112
\BOOKMARK [1][-]{section.9.2}{Utiliser m23 conjointement avec un serveur DHCP externe}{chapter.9}% 113
\BOOKMARK [2][-]{subsection.9.2.1}{Si le serveur DHCP externe peut \352tre d\351sactiv\351:}{section.9.2}% 114
\BOOKMARK [2][-]{subsection.9.2.2}{Si l'autre serveur DHCP NE PEUT PAS \352tre d\351sactiv\351:}{section.9.2}% 115
\BOOKMARK [2][-]{subsection.9.2.3}{Configuration dynamique du serveur DHCP}{section.9.2}% 116
\BOOKMARK [2][-]{subsection.9.2.4}{Serveur DHCP ISC}{section.9.2}% 117
\BOOKMARK [2][-]{subsection.9.2.5}{Autre serveur DHCP}{section.9.2}% 118
\BOOKMARK [2][-]{subsection.9.2.6}{Proxy DHCP}{section.9.2}% 119
\BOOKMARK [1][-]{section.9.3}{Partitionnement et formatage du poste client}{chapter.9}% 120
\BOOKMARK [2][-]{subsection.9.3.1}{Indication concernant l'annulation des actions}{section.9.3}% 121
\BOOKMARK [2][-]{subsection.9.3.2}{Indication concernant l'utilisation de JavaScript}{section.9.3}% 122
\BOOKMARK [2][-]{subsection.9.3.3}{Index du menu dans la vue d'ensemble}{section.9.3}% 123
\BOOKMARK [2][-]{subsection.9.3.4}{Note}{section.9.3}% 124
\BOOKMARK [2][-]{subsection.9.3.5}{Note \340 propos de l'UEFI}{section.9.3}% 125
\BOOKMARK [2][-]{subsection.9.3.6}{Note \340 propos des syst\350mes de fichiers}{section.9.3}% 126
\BOOKMARK [2][-]{subsection.9.3.7}{Cr\351ation d'un syst\350me RAID \351tape par \351tape}{section.9.3}% 127
\BOOKMARK [2][-]{subsection.9.3.8}{Informations suppl\351mentaires concernant les configurations RAID et les partitions}{section.9.3}% 128
\BOOKMARK [2][-]{subsection.9.3.9}{Information pour l'installation d'un syst\350me d'exploitation sur des syst\350mes RAID}{section.9.3}% 129
\BOOKMARK [1][-]{section.9.4}{Choisir la distribution des postes clients}{chapter.9}% 130
\BOOKMARK [2][-]{subsection.9.4.1}{Information}{section.9.4}% 131
\BOOKMARK [2][-]{subsection.9.4.2}{Concernant les fichiers image}{section.9.4}% 132
\BOOKMARK [2][-]{subsection.9.4.3}{Information suppl\351mentaire:}{section.9.4}% 133
\BOOKMARK [1][-]{section.9.5}{Effacer un poste client}{chapter.9}% 134
\BOOKMARK [2][-]{subsection.9.5.1}{Signification des couleurs des symboles}{section.9.5}% 135
\BOOKMARK [2][-]{subsection.9.5.2}{Travaux}{section.9.5}% 136
\BOOKMARK [2][-]{subsection.9.5.3}{Op\351rer sur plusieurs postes clients}{section.9.5}% 137
\BOOKMARK [2][-]{subsection.9.5.4}{Notez:}{section.9.5}% 138
\BOOKMARK [2][-]{subsection.9.5.5}{Astuces}{section.9.5}% 139
\BOOKMARK [1][-]{section.9.6}{Int\351grer un poste client}{chapter.9}% 140
\BOOKMARK [2][-]{subsection.9.6.1}{Notez}{section.9.6}% 141
\BOOKMARK [2][-]{subsection.9.6.2}{Int\351gration manuelle}{section.9.6}% 142
\BOOKMARK [2][-]{subsection.9.6.3}{Int\351grer des syst\350mes Ubuntu}{section.9.6}% 143
\BOOKMARK [0][-]{chapter.10}{Virtualisation}{}% 144
\BOOKMARK [1][-]{section.10.1}{Cr\351er une machine virtuelle}{chapter.10}% 145
\BOOKMARK [2][-]{subsection.10.1.1}{D\351roulement pas \340 pas}{section.10.1}% 146
\BOOKMARK [2][-]{subsection.10.1.2}{VirtualBox}{section.10.1}% 147
\BOOKMARK [2][-]{subsection.10.1.3}{Apache CloudStack\256}{section.10.1}% 148
\BOOKMARK [2][-]{subsection.10.1.4}{Pr\351cision}{section.10.1}% 149
\BOOKMARK [2][-]{subsection.10.1.5}{Pr\351cisions concernant le syst\350me h\364te de la machine virtuelle \(VirtualBox\)}{section.10.1}% 150
\BOOKMARK [2][-]{subsection.10.1.6}{M\351moire vive, disque dur et processeur \(CPU\) \(VirtualBox\)}{section.10.1}% 151
\BOOKMARK [1][-]{section.10.2}{T\351l\351charger des outils compl\351mentaires pour VirtualBox}{chapter.10}% 152
\BOOKMARK [2][-]{subsection.10.2.1}{T\351l\351charger des outils compl\351mentaires pour les postes client}{section.10.2}% 153
\BOOKMARK [2][-]{subsection.10.2.2}{Choisir la version standard}{section.10.2}% 154
\BOOKMARK [2][-]{subsection.10.2.3}{Effacer des outils compl\351mentaires}{section.10.2}% 155
\BOOKMARK [1][-]{section.10.3}{Apache CloudStack\256}{chapter.10}% 156
\BOOKMARK [2][-]{subsection.10.3.1}{Pr\351cision}{section.10.3}% 157
\BOOKMARK [0][-]{chapter.11}{Administration des groupes}{}% 158
\BOOKMARK [1][-]{section.11.1}{Vue d'ensemble des groupes}{chapter.11}% 159
\BOOKMARK [2][-]{subsection.11.1.1}{Enregistrer des t\342ches aux groupes}{section.11.1}% 160
\BOOKMARK [2][-]{subsection.11.1.2}{Proc\351dure \351tape par \351tape:}{section.11.1}% 161
\BOOKMARK [1][-]{section.11.2}{Ajouter un groupe}{chapter.11}% 162
\BOOKMARK [0][-]{chapter.12}{Paquets}{}% 163
\BOOKMARK [1][-]{section.12.1}{Installer des paquets}{chapter.12}% 164
\BOOKMARK [2][-]{subsection.12.1.1}{Notez}{section.12.1}% 165
\BOOKMARK [2][-]{subsection.12.1.2}{Installer des paquets:}{section.12.1}% 166
\BOOKMARK [2][-]{subsection.12.1.3}{Changer la priorit\351 des paquets}{section.12.1}% 167
\BOOKMARK [2][-]{subsection.12.1.4}{Pr\351visualisation de l'installation}{section.12.1}% 168
\BOOKMARK [2][-]{subsection.12.1.5}{Notez: Combinaisons de paquets}{section.12.1}% 169
\BOOKMARK [2][-]{subsection.12.1.6}{CONSEIL:}{section.12.1}% 170
\BOOKMARK [1][-]{section.12.2}{D\351sinstaller des paquets}{chapter.12}% 171
\BOOKMARK [2][-]{subsection.12.2.1}{Notez}{section.12.2}% 172
\BOOKMARK [2][-]{subsection.12.2.2}{D\351sinstaller des paquets:}{section.12.2}% 173
\BOOKMARK [2][-]{subsection.12.2.3}{Pr\351visualisation de la d\351sinstallation}{section.12.2}% 174
\BOOKMARK [2][-]{subsection.12.2.4}{Notez: Combinaisons de paquets}{section.12.2}% 175
\BOOKMARK [2][-]{subsection.12.2.5}{CONSEIL:}{section.12.2}% 176
\BOOKMARK [1][-]{section.12.3}{Mise \340 jour}{chapter.12}% 177
\BOOKMARK [2][-]{subsection.12.3.1}{Types de la mise \340 jour}{section.12.3}% 178
\BOOKMARK [1][-]{section.12.4}{Mises \340 jour automatiques}{chapter.12}% 179
\BOOKMARK [2][-]{subsection.12.4.1}{Ajouter un groupe de mise \340 jour}{section.12.4}% 180
\BOOKMARK [2][-]{subsection.12.4.2}{Ajouter les heures et groupes de clients \340 mettre \340 jour}{section.12.4}% 181
\BOOKMARK [2][-]{subsection.12.4.3}{Supprimer les heures et groupes de clients \340 mettre \340 jour}{section.12.4}% 182
\BOOKMARK [2][-]{subsection.12.4.4}{Processus en arri\350re plan}{section.12.4}% 183
\BOOKMARK [1][-]{section.12.5}{Modifier les sources de paquets}{chapter.12}% 184
\BOOKMARK [2][-]{subsection.12.5.1}{Information}{section.12.5}% 185
\BOOKMARK [2][-]{subsection.12.5.2}{Information suppl\351mentaire}{section.12.5}% 186
\BOOKMARK [1][-]{section.12.6}{Modifier les combinaisons de paquets}{chapter.12}% 187
\BOOKMARK [2][-]{subsection.12.6.1}{Pas \340 pas}{section.12.6}% 188
\BOOKMARK [2][-]{subsection.12.6.2}{Effacer une combinaison}{section.12.6}% 189
\BOOKMARK [2][-]{subsection.12.6.3}{Im-/Exporter des paquets pr\351s\351lectionn\351s}{section.12.6}% 190
\BOOKMARK [2][-]{subsection.12.6.4}{Notez}{section.12.6}% 191
\BOOKMARK [1][-]{section.12.7}{Constructeur de paquets}{chapter.12}% 192
\BOOKMARK [2][-]{subsection.12.7.1}{Notez}{section.12.7}% 193
\BOOKMARK [2][-]{subsection.12.7.2}{BitTorrent}{section.12.7}% 194
\BOOKMARK [2][-]{subsection.12.7.3}{Cl\351 GPG pour signer le paquet source}{section.12.7}% 195
\BOOKMARK [1][-]{section.12.8}{\311diteur de scripts}{chapter.12}% 196
\BOOKMARK [2][-]{subsection.12.8.1}{Notez}{section.12.8}% 197
\BOOKMARK [2][-]{subsection.12.8.2}{Liste des raccourcis clavier}{section.12.8}% 198
\BOOKMARK [2][-]{subsection.12.8.3}{S\351lection de texte}{section.12.8}% 199
\BOOKMARK [2][-]{subsection.12.8.4}{Chercher et remplacer}{section.12.8}% 200
\BOOKMARK [2][-]{subsection.12.8.5}{Indentation}{section.12.8}% 201
\BOOKMARK [2][-]{subsection.12.8.6}{Undo and redo}{section.12.8}% 202
\BOOKMARK [0][-]{chapter.13}{Pool builder}{}% 203
\BOOKMARK [1][-]{section.13.1}{Architecte de sources de paquets \(Cr\351er, modifier, effacer des sources de paquets\)}{chapter.13}% 204
\BOOKMARK [2][-]{subsection.13.1.1}{Notez}{section.13.1}% 205
\BOOKMARK [2][-]{subsection.13.1.2}{Cl\351 GPG pour signer le paquet source}{section.13.1}% 206
\BOOKMARK [1][-]{section.13.2}{Architecte de sources de paquets \(Utiliser des paquets provenant d'un CD\)}{chapter.13}% 207
\BOOKMARK [1][-]{section.13.3}{Architecte de sources de paquets \(Cr\351er le fichier index des paquets\)}{chapter.13}% 208
\BOOKMARK [1][-]{section.13.4}{Architecte de sources de paquets \(S\351lectionner les sources de paquets et les paquets\)}{chapter.13}% 209
\BOOKMARK [2][-]{subsection.13.4.1}{Notez}{section.13.4}% 210
\BOOKMARK [1][-]{section.13.5}{Architecte de sources de paquets \(Lancer le t\351l\351chargement\)}{chapter.13}% 211
\BOOKMARK [1][-]{section.13.6}{Architecte de sources de paquets \(T\351l\351chargement des paquets\)}{chapter.13}% 212
\BOOKMARK [1][-]{section.13.7}{Sources de paquets}{chapter.13}% 213
\BOOKMARK [0][-]{chapter.14}{Outils de masse}{}% 214
\BOOKMARK [1][-]{section.14.1}{D\351finir un poste client}{chapter.14}% 215
\BOOKMARK [2][-]{subsection.14.1.1}{Note: Serveur DHCP externe}{section.14.1}% 216
\BOOKMARK [2][-]{subsection.14.1.2}{Note: UEFI}{section.14.1}% 217
\BOOKMARK [2][-]{subsection.14.1.3}{Information suppl\351mentaire}{section.14.1}% 218
\BOOKMARK [2][-]{subsection.14.1.4}{Renseignement concernant l'architecture du processeur}{section.14.1}% 219
\BOOKMARK [1][-]{section.14.2}{D\351finir le type et la taille du disque dur}{chapter.14}% 220
\BOOKMARK [2][-]{subsection.14.2.1}{Notez}{section.14.2}% 221
\BOOKMARK [2][-]{subsection.14.2.2}{Crit\350res d'ajustement}{section.14.2}% 222
\BOOKMARK [2][-]{subsection.14.2.3}{Notez}{section.14.2}% 223
\BOOKMARK [1][-]{section.14.3}{Choisir la m\351thode de d\351termination de valeurs}{chapter.14}% 224
\BOOKMARK [2][-]{subsection.14.3.1}{Trois m\351thodes sont possibles:}{section.14.3}% 225
\BOOKMARK [1][-]{section.14.4}{Choisir la source de donn\351es}{chapter.14}% 226
\BOOKMARK [1][-]{section.14.5}{Choisir la source de donn\351es/assigner les colonnes}{chapter.14}% 227
\BOOKMARK [2][-]{subsection.14.5.1}{Choisir le fichier de donn\351es et le t\351l\351charger}{section.14.5}% 228
\BOOKMARK [2][-]{subsection.14.5.2}{Notez}{section.14.5}% 229
\BOOKMARK [2][-]{subsection.14.5.3}{Assigner les colonnes du fichier de donn\351es aux propri\351t\351s du poste client}{section.14.5}% 230
\BOOKMARK [2][-]{subsection.14.5.4}{Proc\351dez comme suit:}{section.14.5}% 231
\BOOKMARK [1][-]{section.14.6}{Options de g\351n\351rateur}{chapter.14}% 232
\BOOKMARK [1][-]{section.14.7}{Entrer les valeurs restantes/Vue d'ensemble}{chapter.14}% 233
\BOOKMARK [2][-]{subsection.14.7.1}{Changer le nombre de postes client}{section.14.7}% 234
\BOOKMARK [0][-]{chapter.15}{Outils}{}% 235
\BOOKMARK [1][-]{section.15.1}{Fabriquer un disque de d\351marrage pour l'installation de m23}{chapter.15}% 236
\BOOKMARK [2][-]{subsection.15.1.1}{Proc\351dez comme indiqu\351 ci-apr\350s:}{section.15.1}% 237
\BOOKMARK [1][-]{section.15.2}{Graver un CD-ROM de d\351marrage}{chapter.15}% 238
\BOOKMARK [2][-]{subsection.15.2.1}{Notez}{section.15.2}% 239
\BOOKMARK [0][-]{chapter.16}{The GNU General Public License}{}% 240
